<?xml version="1.0" encoding="UTF-8"?>
<robot generator="Robot 4.0.3 (Python 3.9.0 on win32)" generated="20210729 07:29:13.080" rpa="false" schemaversion="2">
<suite id="s1" name="TestCases" source="C:\Users\asutosh.jena\PycharmProjects\AIRA_Robot_Framework\TestCases">
<suite id="s1-s1" name="ArticleSummarizationTest" source="C:\Users\asutosh.jena\PycharmProjects\AIRA_Robot_Framework\TestCases\ArticleSummarizationTest.robot">
<test id="s1-s1-t1" name="ArticleSummerizationTest">
<kw name="Open My Browser" library="ArticleKeyword">
<arg>${url}</arg>
<arg>${browser}</arg>
<kw name="Open Browser" library="SeleniumLibrary">
<arg>${url}</arg>
<arg>${browser}</arg>
<doc>Opens a new browser instance to the optional ``url``.</doc>
<msg timestamp="20210729 07:29:13.659" level="INFO">Opening browser 'chrome' to base url 'https://aira.evalueserve.com/login'.</msg>
<status status="PASS" starttime="20210729 07:29:13.658" endtime="20210729 07:29:20.213"/>
</kw>
<kw name="Maximize Browser Window" library="SeleniumLibrary">
<doc>Maximizes current browser window.</doc>
<status status="PASS" starttime="20210729 07:29:20.213" endtime="20210729 07:29:20.345"/>
</kw>
<status status="PASS" starttime="20210729 07:29:13.658" endtime="20210729 07:29:20.346"/>
</kw>
<kw name="Enter User Name" library="ArticleKeyword">
<arg>${username}</arg>
<kw name="Input Text" library="SeleniumLibrary">
<arg>${txt_loginUserName}</arg>
<arg>${username}</arg>
<doc>Types the given ``text`` into the text field identified by ``locator``.</doc>
<msg timestamp="20210729 07:29:20.347" level="INFO">Typing text 'test@evalueserve.com' into text field 'name:email'.</msg>
<status status="PASS" starttime="20210729 07:29:20.347" endtime="20210729 07:29:20.492"/>
</kw>
<status status="PASS" starttime="20210729 07:29:20.347" endtime="20210729 07:29:20.492"/>
</kw>
<kw name="Enter Password" library="ArticleKeyword">
<arg>${password}</arg>
<kw name="Input Text" library="SeleniumLibrary">
<arg>${txt_loginPassword}</arg>
<arg>${password}</arg>
<doc>Types the given ``text`` into the text field identified by ``locator``.</doc>
<msg timestamp="20210729 07:29:20.495" level="INFO">Typing text 'evs1234$' into text field 'name:pass'.</msg>
<status status="PASS" starttime="20210729 07:29:20.494" endtime="20210729 07:29:20.586"/>
</kw>
<status status="PASS" starttime="20210729 07:29:20.493" endtime="20210729 07:29:20.586"/>
</kw>
<kw name="Sleep" library="BuiltIn">
<arg>3</arg>
<doc>Pauses the test executed for the given time.</doc>
<msg timestamp="20210729 07:29:23.593" level="INFO">Slept 3 seconds</msg>
<status status="PASS" starttime="20210729 07:29:20.586" endtime="20210729 07:29:23.593"/>
</kw>
<kw name="Submit" library="ArticleKeyword">
<kw name="Click Element" library="SeleniumLibrary">
<arg>xpath:/html/body/app-root/app-login/div/div/form/div[4]/input</arg>
<doc>Click the element identified by ``locator``.</doc>
<msg timestamp="20210729 07:29:23.593" level="INFO">Clicking element 'xpath:/html/body/app-root/app-login/div/div/form/div[4]/input'.</msg>
<status status="PASS" starttime="20210729 07:29:23.593" endtime="20210729 07:29:23.686"/>
</kw>
<status status="PASS" starttime="20210729 07:29:23.593" endtime="20210729 07:29:23.687"/>
</kw>
<kw name="Sleep" library="BuiltIn">
<arg>5</arg>
<doc>Pauses the test executed for the given time.</doc>
<msg timestamp="20210729 07:29:28.694" level="INFO">Slept 5 seconds</msg>
<status status="PASS" starttime="20210729 07:29:23.687" endtime="20210729 07:29:28.694"/>
</kw>
<kw name="Tools" library="ArticleKeyword">
<kw name="Click Element" library="SeleniumLibrary">
<arg>xpath://*[@id='navbarSupportedContent']/ul/li[1]</arg>
<doc>Click the element identified by ``locator``.</doc>
<msg timestamp="20210729 07:29:28.694" level="INFO">Clicking element 'xpath://*[@id='navbarSupportedContent']/ul/li[1]'.</msg>
<status status="PASS" starttime="20210729 07:29:28.694" endtime="20210729 07:29:28.776"/>
</kw>
<status status="PASS" starttime="20210729 07:29:28.694" endtime="20210729 07:29:28.777"/>
</kw>
<kw name="Article Summerization" library="ArticleKeyword">
<kw name="Click Element" library="SeleniumLibrary">
<arg>xpath://h3[contains(text(),'Article Summarization')]</arg>
<doc>Click the element identified by ``locator``.</doc>
<msg timestamp="20210729 07:29:28.778" level="INFO">Clicking element 'xpath://h3[contains(text(),'Article Summarization')]'.</msg>
<status status="PASS" starttime="20210729 07:29:28.778" endtime="20210729 07:29:28.874"/>
</kw>
<status status="PASS" starttime="20210729 07:29:28.777" endtime="20210729 07:29:28.874"/>
</kw>
<kw name="Language" library="ArticleKeyword">
<kw name="Click Element" library="SeleniumLibrary">
<arg>xpath:/html/body/app-root/app-home/app-article-summarization/div/div[2]/div/div[1]/div/div[2]/p-dropdown/div/div[2]/span</arg>
<doc>Click the element identified by ``locator``.</doc>
<msg timestamp="20210729 07:29:28.875" level="INFO">Clicking element 'xpath:/html/body/app-root/app-home/app-article-summarization/div/div[2]/div/div[1]/div/div[2]/p-dropdown/div/div[2]/span'.</msg>
<status status="PASS" starttime="20210729 07:29:28.875" endtime="20210729 07:29:28.948"/>
</kw>
<status status="PASS" starttime="20210729 07:29:28.874" endtime="20210729 07:29:28.948"/>
</kw>
<kw name="Select Language" library="ArticleKeyword">
<kw name="Click Element" library="SeleniumLibrary">
<arg>xpath://span[contains(text(),'English')]</arg>
<doc>Click the element identified by ``locator``.</doc>
<msg timestamp="20210729 07:29:28.950" level="INFO">Clicking element 'xpath://span[contains(text(),'English')]'.</msg>
<status status="PASS" starttime="20210729 07:29:28.950" endtime="20210729 07:29:29.001"/>
</kw>
<status status="PASS" starttime="20210729 07:29:28.949" endtime="20210729 07:29:29.001"/>
</kw>
<kw name="Sleep" library="BuiltIn">
<arg>3</arg>
<doc>Pauses the test executed for the given time.</doc>
<msg timestamp="20210729 07:29:32.006" level="INFO">Slept 3 seconds</msg>
<status status="PASS" starttime="20210729 07:29:29.002" endtime="20210729 07:29:32.006"/>
</kw>
<kw name="EnterLink" library="ArticleKeyword">
<kw name="Input Text" library="SeleniumLibrary">
<arg>xpath:/html/body/app-root/app-home/app-article-summarization/div/div[2]/div/div[2]/div[2]/div[1]/div/div[1]/input</arg>
<arg>${link}</arg>
<doc>Types the given ``text`` into the text field identified by ``locator``.</doc>
<msg timestamp="20210729 07:29:32.009" level="INFO">Typing text 'https://www.ndtv.com/education/online-classes-keep-students-in-maharashtras-slums-far-from-studies' into text field 'xpath:/html/body/app-root/app-home/app-article-summarization/div/div[2]/div/div[2]/div[2]/div[1]/div/div[1]/input'.</msg>
<status status="PASS" starttime="20210729 07:29:32.008" endtime="20210729 07:29:32.246"/>
</kw>
<status status="PASS" starttime="20210729 07:29:32.007" endtime="20210729 07:29:32.248"/>
</kw>
<kw name="Sleep" library="BuiltIn">
<arg>2</arg>
<doc>Pauses the test executed for the given time.</doc>
<msg timestamp="20210729 07:29:34.254" level="INFO">Slept 2 seconds</msg>
<status status="PASS" starttime="20210729 07:29:32.248" endtime="20210729 07:29:34.254"/>
</kw>
<kw name="GenerateSummary" library="ArticleKeyword">
<kw name="Click Element" library="SeleniumLibrary">
<arg>xpath://a[contains(text(),'Generate Summary')]</arg>
<doc>Click the element identified by ``locator``.</doc>
<msg timestamp="20210729 07:29:34.257" level="INFO">Clicking element 'xpath://a[contains(text(),'Generate Summary')]'.</msg>
<status status="PASS" starttime="20210729 07:29:34.254" endtime="20210729 07:29:34.342"/>
</kw>
<status status="PASS" starttime="20210729 07:29:34.254" endtime="20210729 07:29:34.342"/>
</kw>
<kw name="Capture Page Screenshot" library="SeleniumLibrary">
<arg>Article.png</arg>
<doc>Takes a screenshot of the current page and embeds it into a log file.</doc>
<msg timestamp="20210729 07:29:34.495" level="INFO" html="true">&lt;/td&gt;&lt;/tr&gt;&lt;tr&gt;&lt;td colspan="3"&gt;&lt;a href="Article.png"&gt;&lt;img src="Article.png" width="800px"&gt;&lt;/a&gt;</msg>
<status status="PASS" starttime="20210729 07:29:34.343" endtime="20210729 07:29:34.496"/>
</kw>
<kw name="Close My Browser" library="ArticleKeyword">
<kw name="Close All Browsers" library="SeleniumLibrary">
<doc>Closes all open browsers and resets the browser cache.</doc>
<status status="PASS" starttime="20210729 07:29:34.498" endtime="20210729 07:29:36.706"/>
</kw>
<status status="PASS" starttime="20210729 07:29:34.497" endtime="20210729 07:29:36.706"/>
</kw>
<status status="PASS" starttime="20210729 07:29:13.656" endtime="20210729 07:29:36.707"/>
</test>
<test id="s1-s1-t2" name="ArticleSummerizationBulkURLTest">
<kw name="Open My Browser" library="ArticleKeyword">
<arg>${url}</arg>
<arg>${browser}</arg>
<kw name="Open Browser" library="SeleniumLibrary">
<arg>${url}</arg>
<arg>${browser}</arg>
<doc>Opens a new browser instance to the optional ``url``.</doc>
<msg timestamp="20210729 07:29:36.712" level="INFO">Opening browser 'chrome' to base url 'https://aira.evalueserve.com/login'.</msg>
<status status="PASS" starttime="20210729 07:29:36.712" endtime="20210729 07:29:42.507"/>
</kw>
<kw name="Maximize Browser Window" library="SeleniumLibrary">
<doc>Maximizes current browser window.</doc>
<status status="PASS" starttime="20210729 07:29:42.507" endtime="20210729 07:29:42.643"/>
</kw>
<status status="PASS" starttime="20210729 07:29:36.711" endtime="20210729 07:29:42.643"/>
</kw>
<kw name="Enter User Name" library="ArticleKeyword">
<arg>${username}</arg>
<kw name="Input Text" library="SeleniumLibrary">
<arg>${txt_loginUserName}</arg>
<arg>${username}</arg>
<doc>Types the given ``text`` into the text field identified by ``locator``.</doc>
<msg timestamp="20210729 07:29:42.643" level="INFO">Typing text 'test@evalueserve.com' into text field 'name:email'.</msg>
<status status="PASS" starttime="20210729 07:29:42.643" endtime="20210729 07:29:42.777"/>
</kw>
<status status="PASS" starttime="20210729 07:29:42.643" endtime="20210729 07:29:42.777"/>
</kw>
<kw name="Enter Password" library="ArticleKeyword">
<arg>${password}</arg>
<kw name="Input Text" library="SeleniumLibrary">
<arg>${txt_loginPassword}</arg>
<arg>${password}</arg>
<doc>Types the given ``text`` into the text field identified by ``locator``.</doc>
<msg timestamp="20210729 07:29:42.780" level="INFO">Typing text 'evs1234$' into text field 'name:pass'.</msg>
<status status="PASS" starttime="20210729 07:29:42.779" endtime="20210729 07:29:42.883"/>
</kw>
<status status="PASS" starttime="20210729 07:29:42.778" endtime="20210729 07:29:42.883"/>
</kw>
<kw name="Sleep" library="BuiltIn">
<arg>3</arg>
<doc>Pauses the test executed for the given time.</doc>
<msg timestamp="20210729 07:29:45.885" level="INFO">Slept 3 seconds</msg>
<status status="PASS" starttime="20210729 07:29:42.884" endtime="20210729 07:29:45.885"/>
</kw>
<kw name="Submit" library="ArticleKeyword">
<kw name="Click Element" library="SeleniumLibrary">
<arg>xpath:/html/body/app-root/app-login/div/div/form/div[4]/input</arg>
<doc>Click the element identified by ``locator``.</doc>
<msg timestamp="20210729 07:29:45.886" level="INFO">Clicking element 'xpath:/html/body/app-root/app-login/div/div/form/div[4]/input'.</msg>
<status status="PASS" starttime="20210729 07:29:45.886" endtime="20210729 07:29:45.982"/>
</kw>
<status status="PASS" starttime="20210729 07:29:45.886" endtime="20210729 07:29:45.983"/>
</kw>
<kw name="Sleep" library="BuiltIn">
<arg>5</arg>
<doc>Pauses the test executed for the given time.</doc>
<msg timestamp="20210729 07:29:50.991" level="INFO">Slept 5 seconds</msg>
<status status="PASS" starttime="20210729 07:29:45.983" endtime="20210729 07:29:50.991"/>
</kw>
<kw name="Tools" library="ArticleKeyword">
<kw name="Click Element" library="SeleniumLibrary">
<arg>xpath://*[@id='navbarSupportedContent']/ul/li[1]</arg>
<doc>Click the element identified by ``locator``.</doc>
<msg timestamp="20210729 07:29:50.991" level="INFO">Clicking element 'xpath://*[@id='navbarSupportedContent']/ul/li[1]'.</msg>
<status status="PASS" starttime="20210729 07:29:50.991" endtime="20210729 07:29:51.061"/>
</kw>
<status status="PASS" starttime="20210729 07:29:50.991" endtime="20210729 07:29:51.062"/>
</kw>
<kw name="Article Summerization" library="ArticleKeyword">
<kw name="Click Element" library="SeleniumLibrary">
<arg>xpath://h3[contains(text(),'Article Summarization')]</arg>
<doc>Click the element identified by ``locator``.</doc>
<msg timestamp="20210729 07:29:51.063" level="INFO">Clicking element 'xpath://h3[contains(text(),'Article Summarization')]'.</msg>
<status status="PASS" starttime="20210729 07:29:51.063" endtime="20210729 07:29:51.165"/>
</kw>
<status status="PASS" starttime="20210729 07:29:51.062" endtime="20210729 07:29:51.165"/>
</kw>
<kw name="ClickOnRadio" library="ArticleKeyword">
<kw name="Click Element" library="SeleniumLibrary">
<arg>xpath://body/app-root[1]/app-home[1]/app-article-summarization[1]/div[1]/div[2]/div[1]/div[1]/div[1]/div[1]/div[2]/p-radiobutton[1]/div[1]/div[2]/span[1]</arg>
<doc>Click the element identified by ``locator``.</doc>
<msg timestamp="20210729 07:29:51.168" level="INFO">Clicking element 'xpath://body/app-root[1]/app-home[1]/app-article-summarization[1]/div[1]/div[2]/div[1]/div[1]/div[1]/div[1]/div[2]/p-radiobutton[1]/div[1]/div[2]/span[1]'.</msg>
<status status="PASS" starttime="20210729 07:29:51.166" endtime="20210729 07:29:51.234"/>
</kw>
<status status="PASS" starttime="20210729 07:29:51.166" endtime="20210729 07:29:51.235"/>
</kw>
<kw name="Language" library="ArticleKeyword">
<kw name="Click Element" library="SeleniumLibrary">
<arg>xpath:/html/body/app-root/app-home/app-article-summarization/div/div[2]/div/div[1]/div/div[2]/p-dropdown/div/div[2]/span</arg>
<doc>Click the element identified by ``locator``.</doc>
<msg timestamp="20210729 07:29:51.236" level="INFO">Clicking element 'xpath:/html/body/app-root/app-home/app-article-summarization/div/div[2]/div/div[1]/div/div[2]/p-dropdown/div/div[2]/span'.</msg>
<status status="PASS" starttime="20210729 07:29:51.236" endtime="20210729 07:29:51.303"/>
</kw>
<status status="PASS" starttime="20210729 07:29:51.236" endtime="20210729 07:29:51.303"/>
</kw>
<kw name="Select Language" library="ArticleKeyword">
<kw name="Click Element" library="SeleniumLibrary">
<arg>xpath://span[contains(text(),'English')]</arg>
<doc>Click the element identified by ``locator``.</doc>
<msg timestamp="20210729 07:29:51.304" level="INFO">Clicking element 'xpath://span[contains(text(),'English')]'.</msg>
<status status="PASS" starttime="20210729 07:29:51.304" endtime="20210729 07:29:51.357"/>
</kw>
<status status="PASS" starttime="20210729 07:29:51.304" endtime="20210729 07:29:51.357"/>
</kw>
<kw name="FileUploadButton" library="ArticleKeyword">
<kw name="Wait Until Element Is Enabled" library="SeleniumLibrary">
<arg>xpath:/html/body/app-root/app-home/app-article-summarization/div/div[2]/div/div[2]/div/div/div/div[1]/p-fileupload/div/div[1]/span</arg>
<doc>Waits until the element ``locator`` is enabled.</doc>
<status status="PASS" starttime="20210729 07:29:51.358" endtime="20210729 07:29:51.388"/>
</kw>
<kw name="Click Element" library="SeleniumLibrary">
<arg>xpath:/html/body/app-root/app-home/app-article-summarization/div/div[2]/div/div[2]/div/div/div/div[1]/p-fileupload/div/div[1]/span</arg>
<doc>Click the element identified by ``locator``.</doc>
<msg timestamp="20210729 07:29:51.388" level="INFO">Clicking element 'xpath:/html/body/app-root/app-home/app-article-summarization/div/div[2]/div/div[2]/div/div/div/div[1]/p-fileupload/div/div[1]/span'.</msg>
<status status="PASS" starttime="20210729 07:29:51.388" endtime="20210729 07:29:51.445"/>
</kw>
<status status="PASS" starttime="20210729 07:29:51.357" endtime="20210729 07:29:51.446"/>
</kw>
<kw name="SelectFile" library="ArticleKeyword">
<kw name="Wait Until Element Is Enabled" library="SeleniumLibrary">
<arg>xpath:/html/body/app-root/app-home/app-article-summarization/div/div[2]/div/div[2]/div/div/div/div[1]/p-fileupload/div/div[1]/span/input</arg>
<doc>Waits until the element ``locator`` is enabled.</doc>
<status status="PASS" starttime="20210729 07:29:51.447" endtime="20210729 07:29:51.484"/>
</kw>
<kw name="Choose File" library="SeleniumLibrary">
<arg>xpath:/html/body/app-root/app-home/app-article-summarization/div/div[2]/div/div[2]/div/div/div/div[1]/p-fileupload/div/div[1]/span/input</arg>
<arg>C:/Users/asutosh.jena/Documents/AI Playground/upload data/summery/bulkurl.xlsx</arg>
<doc>Inputs the ``file_path`` into the file input field ``locator``.</doc>
<msg timestamp="20210729 07:29:51.485" level="INFO">Sending C:\Users\asutosh.jena\Documents\AI Playground\upload data\summery\bulkurl.xlsx to browser.</msg>
<status status="PASS" starttime="20210729 07:29:51.484" endtime="20210729 07:29:51.530"/>
</kw>
<status status="PASS" starttime="20210729 07:29:51.446" endtime="20210729 07:29:51.531"/>
</kw>
<kw name="Sleep" library="BuiltIn">
<arg>2</arg>
<doc>Pauses the test executed for the given time.</doc>
<msg timestamp="20210729 07:29:53.532" level="INFO">Slept 2 seconds</msg>
<status status="PASS" starttime="20210729 07:29:51.531" endtime="20210729 07:29:53.532"/>
</kw>
<kw name="GenerateSummary1" library="ArticleKeyword">
<kw name="Click Element" library="SeleniumLibrary">
<arg>xpath:/html/body/app-root/app-home/app-article-summarization/div/div[2]/div/div[2]/div/div/div/div[2]/button</arg>
<doc>Click the element identified by ``locator``.</doc>
<msg timestamp="20210729 07:29:53.534" level="INFO">Clicking element 'xpath:/html/body/app-root/app-home/app-article-summarization/div/div[2]/div/div[2]/div/div/div/div[2]/button'.</msg>
<status status="PASS" starttime="20210729 07:29:53.534" endtime="20210729 07:29:53.651"/>
</kw>
<status status="PASS" starttime="20210729 07:29:53.533" endtime="20210729 07:29:53.652"/>
</kw>
<kw name="Capture Page Screenshot" library="SeleniumLibrary">
<arg>ArticleBulk.png</arg>
<doc>Takes a screenshot of the current page and embeds it into a log file.</doc>
<msg timestamp="20210729 07:29:53.864" level="INFO" html="true">&lt;/td&gt;&lt;/tr&gt;&lt;tr&gt;&lt;td colspan="3"&gt;&lt;a href="ArticleBulk.png"&gt;&lt;img src="ArticleBulk.png" width="800px"&gt;&lt;/a&gt;</msg>
<status status="PASS" starttime="20210729 07:29:53.653" endtime="20210729 07:29:53.864"/>
</kw>
<kw name="Close My Browser" library="ArticleKeyword">
<kw name="Close All Browsers" library="SeleniumLibrary">
<doc>Closes all open browsers and resets the browser cache.</doc>
<status status="PASS" starttime="20210729 07:29:53.866" endtime="20210729 07:29:57.856"/>
</kw>
<status status="PASS" starttime="20210729 07:29:53.865" endtime="20210729 07:29:57.857"/>
</kw>
<status status="PASS" starttime="20210729 07:29:36.709" endtime="20210729 07:29:57.858"/>
</test>
<status status="PASS" starttime="20210729 07:29:13.159" endtime="20210729 07:29:57.862"/>
</suite>
<suite id="s1-s2" name="AutoMLTest" source="C:\Users\asutosh.jena\PycharmProjects\AIRA_Robot_Framework\TestCases\AutoMLTest.robot">
<test id="s1-s2-t1" name="AutoMLTest">
<kw name="Open My Browser" library="AutoKeyword">
<arg>${url}</arg>
<arg>${browser}</arg>
<kw name="Open Browser" library="SeleniumLibrary">
<arg>${url}</arg>
<arg>${browser}</arg>
<doc>Opens a new browser instance to the optional ``url``.</doc>
<msg timestamp="20210729 07:29:57.923" level="INFO">Opening browser 'chrome' to base url 'https://aira.evalueserve.com/login'.</msg>
<status status="PASS" starttime="20210729 07:29:57.922" endtime="20210729 07:30:04.426"/>
</kw>
<kw name="Maximize Browser Window" library="SeleniumLibrary">
<doc>Maximizes current browser window.</doc>
<status status="PASS" starttime="20210729 07:30:04.426" endtime="20210729 07:30:04.545"/>
</kw>
<status status="PASS" starttime="20210729 07:29:57.920" endtime="20210729 07:30:04.545"/>
</kw>
<kw name="Enter User Name" library="AutoKeyword">
<arg>${username}</arg>
<kw name="Input Text" library="SeleniumLibrary">
<arg>${txt_loginUserName}</arg>
<arg>${username}</arg>
<doc>Types the given ``text`` into the text field identified by ``locator``.</doc>
<msg timestamp="20210729 07:30:04.545" level="INFO">Typing text 'test@evalueserve.com' into text field 'name:email'.</msg>
<status status="PASS" starttime="20210729 07:30:04.545" endtime="20210729 07:30:04.712"/>
</kw>
<status status="PASS" starttime="20210729 07:30:04.545" endtime="20210729 07:30:04.713"/>
</kw>
<kw name="Enter Password" library="AutoKeyword">
<arg>${password}</arg>
<kw name="Input Text" library="SeleniumLibrary">
<arg>${txt_loginPassword}</arg>
<arg>${password}</arg>
<doc>Types the given ``text`` into the text field identified by ``locator``.</doc>
<msg timestamp="20210729 07:30:04.714" level="INFO">Typing text 'evs1234$' into text field 'name:pass'.</msg>
<status status="PASS" starttime="20210729 07:30:04.713" endtime="20210729 07:30:04.858"/>
</kw>
<status status="PASS" starttime="20210729 07:30:04.713" endtime="20210729 07:30:04.859"/>
</kw>
<kw name="Sleep" library="BuiltIn">
<arg>2</arg>
<doc>Pauses the test executed for the given time.</doc>
<msg timestamp="20210729 07:30:06.861" level="INFO">Slept 2 seconds</msg>
<status status="PASS" starttime="20210729 07:30:04.859" endtime="20210729 07:30:06.861"/>
</kw>
<kw name="Submit" library="AutoKeyword">
<kw name="Click Element" library="SeleniumLibrary">
<arg>xpath:/html/body/app-root/app-login/div/div/form/div[4]/input</arg>
<doc>Click the element identified by ``locator``.</doc>
<msg timestamp="20210729 07:30:06.863" level="INFO">Clicking element 'xpath:/html/body/app-root/app-login/div/div/form/div[4]/input'.</msg>
<status status="PASS" starttime="20210729 07:30:06.862" endtime="20210729 07:30:06.921"/>
</kw>
<status status="PASS" starttime="20210729 07:30:06.861" endtime="20210729 07:30:06.922"/>
</kw>
<kw name="Sleep" library="BuiltIn">
<arg>4</arg>
<doc>Pauses the test executed for the given time.</doc>
<msg timestamp="20210729 07:30:10.929" level="INFO">Slept 4 seconds</msg>
<status status="PASS" starttime="20210729 07:30:06.922" endtime="20210729 07:30:10.929"/>
</kw>
<kw name="Tools" library="AutoKeyword">
<kw name="Click Element" library="SeleniumLibrary">
<arg>xpath://*[@id='navbarSupportedContent']/ul/li[1]</arg>
<doc>Click the element identified by ``locator``.</doc>
<msg timestamp="20210729 07:30:10.930" level="INFO">Clicking element 'xpath://*[@id='navbarSupportedContent']/ul/li[1]'.</msg>
<status status="PASS" starttime="20210729 07:30:10.930" endtime="20210729 07:30:10.987"/>
</kw>
<status status="PASS" starttime="20210729 07:30:10.929" endtime="20210729 07:30:10.988"/>
</kw>
<kw name="ClickOnAutoML" library="AutoKeyword">
<kw name="Click Element" library="SeleniumLibrary">
<arg>xpath://div[1]/div[2]/a/div[2]/h3</arg>
<doc>Click the element identified by ``locator``.</doc>
<msg timestamp="20210729 07:30:10.989" level="INFO">Clicking element 'xpath://div[1]/div[2]/a/div[2]/h3'.</msg>
<status status="PASS" starttime="20210729 07:30:10.988" endtime="20210729 07:30:11.123"/>
</kw>
<status status="PASS" starttime="20210729 07:30:10.988" endtime="20210729 07:30:11.124"/>
</kw>
<kw name="FileUploadButton" library="AutoKeyword">
<kw name="Wait Until Element Is Enabled" library="SeleniumLibrary">
<arg>xpath:/html/body/app-root/app-home/app-auto-ml/div/div[2]/div/div[2]/div/div/div/div/p-fileupload/div/div[1]/span</arg>
<doc>Waits until the element ``locator`` is enabled.</doc>
<status status="PASS" starttime="20210729 07:30:11.125" endtime="20210729 07:30:11.159"/>
</kw>
<kw name="Click Element" library="SeleniumLibrary">
<arg>xpath:/html/body/app-root/app-home/app-auto-ml/div/div[2]/div/div[2]/div/div/div/div/p-fileupload/div/div[1]/span</arg>
<doc>Click the element identified by ``locator``.</doc>
<msg timestamp="20210729 07:30:11.160" level="INFO">Clicking element 'xpath:/html/body/app-root/app-home/app-auto-ml/div/div[2]/div/div[2]/div/div/div/div/p-fileupload/div/div[1]/span'.</msg>
<status status="PASS" starttime="20210729 07:30:11.159" endtime="20210729 07:30:11.333"/>
</kw>
<status status="PASS" starttime="20210729 07:30:11.125" endtime="20210729 07:30:11.333"/>
</kw>
<kw name="SelectFile" library="AutoKeyword">
<kw name="Wait Until Element Is Enabled" library="SeleniumLibrary">
<arg>xpath:/html/body/app-root/app-home/app-auto-ml/div/div[2]/div/div[2]/div/div/div/div/p-fileupload/div/div[1]/span/input</arg>
<doc>Waits until the element ``locator`` is enabled.</doc>
<status status="PASS" starttime="20210729 07:30:11.336" endtime="20210729 07:30:11.391"/>
</kw>
<kw name="Choose File" library="SeleniumLibrary">
<arg>xpath:/html/body/app-root/app-home/app-auto-ml/div/div[2]/div/div[2]/div/div/div/div/p-fileupload/div/div[1]/span/input</arg>
<arg>C:/Users/asutosh.jena/Documents/AI Playground/New folder/AutoML/Tagged Data Set.xlsx</arg>
<doc>Inputs the ``file_path`` into the file input field ``locator``.</doc>
<msg timestamp="20210729 07:30:11.391" level="INFO">Sending C:\Users\asutosh.jena\Documents\AI Playground\New folder\AutoML\Tagged Data Set.xlsx to browser.</msg>
<status status="PASS" starttime="20210729 07:30:11.391" endtime="20210729 07:30:11.449"/>
</kw>
<status status="PASS" starttime="20210729 07:30:11.334" endtime="20210729 07:30:11.449"/>
</kw>
<kw name="ClickOnLanguage" library="AutoKeyword">
<kw name="Click Element" library="SeleniumLibrary">
<arg>xpath:/html/body/app-root/app-home/app-auto-ml/div/div[2]/div/div[1]/div/div[2]/p-dropdown</arg>
<doc>Click the element identified by ``locator``.</doc>
<msg timestamp="20210729 07:30:11.450" level="INFO">Clicking element 'xpath:/html/body/app-root/app-home/app-auto-ml/div/div[2]/div/div[1]/div/div[2]/p-dropdown'.</msg>
<status status="PASS" starttime="20210729 07:30:11.450" endtime="20210729 07:30:11.555"/>
</kw>
<status status="PASS" starttime="20210729 07:30:11.449" endtime="20210729 07:30:11.555"/>
</kw>
<kw name="SelectLanguage" library="AutoKeyword">
<kw name="Click Element" library="SeleniumLibrary">
<arg>xpath://span[contains(text(),'English')]</arg>
<doc>Click the element identified by ``locator``.</doc>
<msg timestamp="20210729 07:30:11.557" level="INFO">Clicking element 'xpath://span[contains(text(),'English')]'.</msg>
<status status="PASS" starttime="20210729 07:30:11.556" endtime="20210729 07:30:11.651"/>
</kw>
<status status="PASS" starttime="20210729 07:30:11.556" endtime="20210729 07:30:11.651"/>
</kw>
<kw name="ClickOnDecesionTree" library="AutoKeyword">
<kw name="Click Element" library="SeleniumLibrary">
<arg>xpath:/html/body/app-root/app-home/app-auto-ml/div/div[2]/div/div[3]/div/div[2]/div/div[1]/div/div/div[1]/p-checkbox/div/div[2]</arg>
<doc>Click the element identified by ``locator``.</doc>
<msg timestamp="20210729 07:30:11.653" level="INFO">Clicking element 'xpath:/html/body/app-root/app-home/app-auto-ml/div/div[2]/div/div[3]/div/div[2]/div/div[1]/div/div/div[1]/p-checkbox/div/div[2]'.</msg>
<status status="PASS" starttime="20210729 07:30:11.652" endtime="20210729 07:30:11.740"/>
</kw>
<status status="PASS" starttime="20210729 07:30:11.652" endtime="20210729 07:30:11.740"/>
</kw>
<kw name="ClickOnCountVectorizer" library="AutoKeyword">
<kw name="Click Element" library="SeleniumLibrary">
<arg>xpath:/html/body/app-root/app-home/app-auto-ml/div/div[2]/div/div[3]/div/div[1]/div/div[1]/div/div/div[1]/p-checkbox/div/div[2]</arg>
<doc>Click the element identified by ``locator``.</doc>
<msg timestamp="20210729 07:30:11.742" level="INFO">Clicking element 'xpath:/html/body/app-root/app-home/app-auto-ml/div/div[2]/div/div[3]/div/div[1]/div/div[1]/div/div/div[1]/p-checkbox/div/div[2]'.</msg>
<status status="PASS" starttime="20210729 07:30:11.742" endtime="20210729 07:30:11.823"/>
</kw>
<status status="PASS" starttime="20210729 07:30:11.741" endtime="20210729 07:30:11.823"/>
</kw>
<kw name="ClickOnStartTraining" library="AutoKeyword">
<kw name="Click Element" library="SeleniumLibrary">
<arg>xpath:/html/body/app-root/app-home/app-auto-ml/div/div[2]/div/div[4]/button</arg>
<doc>Click the element identified by ``locator``.</doc>
<msg timestamp="20210729 07:30:11.824" level="INFO">Clicking element 'xpath:/html/body/app-root/app-home/app-auto-ml/div/div[2]/div/div[4]/button'.</msg>
<status status="PASS" starttime="20210729 07:30:11.824" endtime="20210729 07:30:11.937"/>
</kw>
<status status="PASS" starttime="20210729 07:30:11.824" endtime="20210729 07:30:11.938"/>
</kw>
<kw name="Sleep" library="BuiltIn">
<arg>30</arg>
<doc>Pauses the test executed for the given time.</doc>
<msg timestamp="20210729 07:30:41.944" level="INFO">Slept 30 seconds</msg>
<status status="PASS" starttime="20210729 07:30:11.938" endtime="20210729 07:30:41.944"/>
</kw>
<kw name="ClickOnCheckbox" library="AutoKeyword">
<kw name="Click Element" library="SeleniumLibrary">
<arg>xpath://*[@id="ui-tabpanel-0"]/div/div/div[2]/table/tbody/tr/td[1]/p-checkbox/div/div[2]</arg>
<doc>Click the element identified by ``locator``.</doc>
<msg timestamp="20210729 07:30:41.947" level="INFO">Clicking element 'xpath://*[@id="ui-tabpanel-0"]/div/div/div[2]/table/tbody/tr/td[1]/p-checkbox/div/div[2]'.</msg>
<status status="PASS" starttime="20210729 07:30:41.947" endtime="20210729 07:30:42.024"/>
</kw>
<status status="PASS" starttime="20210729 07:30:41.946" endtime="20210729 07:30:42.024"/>
</kw>
<kw name="ClickonSave" library="AutoKeyword">
<kw name="Click Button" library="SeleniumLibrary">
<arg>xpath://button[contains(text(),'Save Selected Model')]</arg>
<doc>Clicks the button identified by ``locator``.</doc>
<msg timestamp="20210729 07:30:42.026" level="INFO">Clicking button 'xpath://button[contains(text(),'Save Selected Model')]'.</msg>
<kw name="Capture Page Screenshot" library="SeleniumLibrary">
<doc>Takes a screenshot of the current page and embeds it into a log file.</doc>
<msg timestamp="20210729 07:30:42.286" level="INFO" html="true">&lt;/td&gt;&lt;/tr&gt;&lt;tr&gt;&lt;td colspan="3"&gt;&lt;a href="selenium-screenshot-1.png"&gt;&lt;img src="selenium-screenshot-1.png" width="800px"&gt;&lt;/a&gt;</msg>
<status status="PASS" starttime="20210729 07:30:42.081" endtime="20210729 07:30:42.286"/>
</kw>
<msg timestamp="20210729 07:30:42.299" level="FAIL">ElementNotInteractableException: Message: element not interactable: element has zero size
  (Session info: chrome=91.0.4472.164)
</msg>
<status status="FAIL" starttime="20210729 07:30:42.026" endtime="20210729 07:30:42.299"/>
</kw>
<status status="FAIL" starttime="20210729 07:30:42.025" endtime="20210729 07:30:42.299"/>
</kw>
<kw name="PopUpBox" library="AutoKeyword">
<status status="NOT RUN" starttime="20210729 07:30:42.299" endtime="20210729 07:30:42.299"/>
</kw>
<kw name="ClickOnCloseProject" library="AutoKeyword">
<status status="NOT RUN" starttime="20210729 07:30:42.299" endtime="20210729 07:30:42.299"/>
</kw>
<kw name="Sleep" library="BuiltIn">
<arg>20</arg>
<doc>Pauses the test executed for the given time.</doc>
<status status="NOT RUN" starttime="20210729 07:30:42.299" endtime="20210729 07:30:42.299"/>
</kw>
<kw name="Capture Page Screenshot" library="SeleniumLibrary">
<arg>AuoML.png</arg>
<doc>Takes a screenshot of the current page and embeds it into a log file.</doc>
<status status="NOT RUN" starttime="20210729 07:30:42.299" endtime="20210729 07:30:42.299"/>
</kw>
<kw name="Close My Browser" library="AutoKeyword">
<status status="NOT RUN" starttime="20210729 07:30:42.299" endtime="20210729 07:30:42.299"/>
</kw>
<status status="FAIL" starttime="20210729 07:29:57.919" endtime="20210729 07:30:42.307">ElementNotInteractableException: Message: element not interactable: element has zero size
  (Session info: chrome=91.0.4472.164)
</status>
</test>
<status status="FAIL" starttime="20210729 07:29:57.867" endtime="20210729 07:30:42.311"/>
</suite>
<suite id="s1-s3" name="LoginPageTest" source="C:\Users\asutosh.jena\PycharmProjects\AIRA_Robot_Framework\TestCases\LoginPageTest.robot">
<test id="s1-s3-t1" name="LoginTest">
<kw name="Open My Browser" library="LoginKeywords">
<arg>${url}</arg>
<arg>${browser}</arg>
<kw name="Open Browser" library="SeleniumLibrary">
<arg>${url}</arg>
<arg>${browser}</arg>
<doc>Opens a new browser instance to the optional ``url``.</doc>
<msg timestamp="20210729 07:30:42.363" level="INFO">Opening browser 'chrome' to base url 'https://aira.evalueserve.com/login'.</msg>
<status status="PASS" starttime="20210729 07:30:42.363" endtime="20210729 07:30:48.047"/>
</kw>
<kw name="Maximize Browser Window" library="SeleniumLibrary">
<doc>Maximizes current browser window.</doc>
<status status="PASS" starttime="20210729 07:30:48.047" endtime="20210729 07:30:48.172"/>
</kw>
<status status="PASS" starttime="20210729 07:30:42.361" endtime="20210729 07:30:48.173"/>
</kw>
<kw name="Enter User Name" library="LoginKeywords">
<arg>${username}</arg>
<kw name="Input Text" library="SeleniumLibrary">
<arg>${txt_loginUserName}</arg>
<arg>${username}</arg>
<doc>Types the given ``text`` into the text field identified by ``locator``.</doc>
<msg timestamp="20210729 07:30:48.174" level="INFO">Typing text 'test@evalueserve.com' into text field 'name:email'.</msg>
<status status="PASS" starttime="20210729 07:30:48.173" endtime="20210729 07:30:48.274"/>
</kw>
<status status="PASS" starttime="20210729 07:30:48.173" endtime="20210729 07:30:48.274"/>
</kw>
<kw name="Enter Password" library="LoginKeywords">
<arg>${password}</arg>
<kw name="Input Text" library="SeleniumLibrary">
<arg>${txt_loginPassword}</arg>
<arg>${password}</arg>
<doc>Types the given ``text`` into the text field identified by ``locator``.</doc>
<msg timestamp="20210729 07:30:48.275" level="INFO">Typing text 'evs1234$' into text field 'name:pass'.</msg>
<status status="PASS" starttime="20210729 07:30:48.275" endtime="20210729 07:30:48.356"/>
</kw>
<status status="PASS" starttime="20210729 07:30:48.275" endtime="20210729 07:30:48.356"/>
</kw>
<kw name="Submitclick" library="LoginKeywords">
<kw name="Click Element" library="SeleniumLibrary">
<arg>xpath:/html/body/app-root/app-login/div/div/form/div[4]/input</arg>
<doc>Click the element identified by ``locator``.</doc>
<msg timestamp="20210729 07:30:48.357" level="INFO">Clicking element 'xpath:/html/body/app-root/app-login/div/div/form/div[4]/input'.</msg>
<status status="PASS" starttime="20210729 07:30:48.357" endtime="20210729 07:30:48.415"/>
</kw>
<status status="PASS" starttime="20210729 07:30:48.357" endtime="20210729 07:30:48.415"/>
</kw>
<kw name="Capture Page Screenshot" library="SeleniumLibrary">
<arg>Login.png</arg>
<doc>Takes a screenshot of the current page and embeds it into a log file.</doc>
<msg timestamp="20210729 07:30:48.712" level="INFO" html="true">&lt;/td&gt;&lt;/tr&gt;&lt;tr&gt;&lt;td colspan="3"&gt;&lt;a href="Login.png"&gt;&lt;img src="Login.png" width="800px"&gt;&lt;/a&gt;</msg>
<status status="PASS" starttime="20210729 07:30:48.415" endtime="20210729 07:30:48.712"/>
</kw>
<kw name="Close My Browser" library="LoginKeywords">
<kw name="Close All Browsers" library="SeleniumLibrary">
<doc>Closes all open browsers and resets the browser cache.</doc>
<status status="PASS" starttime="20210729 07:30:48.712" endtime="20210729 07:30:53.092"/>
</kw>
<status status="PASS" starttime="20210729 07:30:48.712" endtime="20210729 07:30:53.092"/>
</kw>
<status status="PASS" starttime="20210729 07:30:42.360" endtime="20210729 07:30:53.093"/>
</test>
<status status="PASS" starttime="20210729 07:30:42.315" endtime="20210729 07:30:53.095"/>
</suite>
<suite id="s1-s4" name="MachineTranslationTest" source="C:\Users\asutosh.jena\PycharmProjects\AIRA_Robot_Framework\TestCases\MachineTranslationTest.robot">
<test id="s1-s4-t1" name="MachineTranslationTest">
<kw name="Open My Browser" library="MachineKeyword">
<arg>${url}</arg>
<arg>${browser}</arg>
<kw name="Open Browser" library="SeleniumLibrary">
<arg>${url}</arg>
<arg>${browser}</arg>
<doc>Opens a new browser instance to the optional ``url``.</doc>
<msg timestamp="20210729 07:30:53.176" level="INFO">Opening browser 'chrome' to base url 'https://aira.evalueserve.com/login'.</msg>
<status status="PASS" starttime="20210729 07:30:53.174" endtime="20210729 07:30:58.685"/>
</kw>
<kw name="Maximize Browser Window" library="SeleniumLibrary">
<doc>Maximizes current browser window.</doc>
<status status="PASS" starttime="20210729 07:30:58.685" endtime="20210729 07:30:58.813"/>
</kw>
<status status="PASS" starttime="20210729 07:30:53.174" endtime="20210729 07:30:58.814"/>
</kw>
<kw name="Enter User Name" library="MachineKeyword">
<arg>${username}</arg>
<kw name="Input Text" library="SeleniumLibrary">
<arg>${txt_loginUserName}</arg>
<arg>${username}</arg>
<doc>Types the given ``text`` into the text field identified by ``locator``.</doc>
<msg timestamp="20210729 07:30:58.815" level="INFO">Typing text 'test@evalueserve.com' into text field 'name:email'.</msg>
<status status="PASS" starttime="20210729 07:30:58.815" endtime="20210729 07:30:58.923"/>
</kw>
<status status="PASS" starttime="20210729 07:30:58.814" endtime="20210729 07:30:58.923"/>
</kw>
<kw name="Enter Password" library="MachineKeyword">
<arg>${password}</arg>
<kw name="Input Text" library="SeleniumLibrary">
<arg>${txt_loginPassword}</arg>
<arg>${password}</arg>
<doc>Types the given ``text`` into the text field identified by ``locator``.</doc>
<msg timestamp="20210729 07:30:58.924" level="INFO">Typing text 'evs1234$' into text field 'name:pass'.</msg>
<status status="PASS" starttime="20210729 07:30:58.924" endtime="20210729 07:30:59.010"/>
</kw>
<status status="PASS" starttime="20210729 07:30:58.923" endtime="20210729 07:30:59.010"/>
</kw>
<kw name="Sleep" library="BuiltIn">
<arg>2</arg>
<doc>Pauses the test executed for the given time.</doc>
<msg timestamp="20210729 07:31:01.013" level="INFO">Slept 2 seconds</msg>
<status status="PASS" starttime="20210729 07:30:59.011" endtime="20210729 07:31:01.014"/>
</kw>
<kw name="Submit" library="MachineKeyword">
<kw name="Click Element" library="SeleniumLibrary">
<arg>xpath:/html/body/app-root/app-login/div/div/form/div[4]/input</arg>
<doc>Click the element identified by ``locator``.</doc>
<msg timestamp="20210729 07:31:01.021" level="INFO">Clicking element 'xpath:/html/body/app-root/app-login/div/div/form/div[4]/input'.</msg>
<status status="PASS" starttime="20210729 07:31:01.019" endtime="20210729 07:31:01.131"/>
</kw>
<status status="PASS" starttime="20210729 07:31:01.017" endtime="20210729 07:31:01.131"/>
</kw>
<kw name="Sleep" library="BuiltIn">
<arg>5</arg>
<doc>Pauses the test executed for the given time.</doc>
<msg timestamp="20210729 07:31:06.139" level="INFO">Slept 5 seconds</msg>
<status status="PASS" starttime="20210729 07:31:01.132" endtime="20210729 07:31:06.139"/>
</kw>
<kw name="Tools" library="MachineKeyword">
<kw name="Click Element" library="SeleniumLibrary">
<arg>xpath://*[@id='navbarSupportedContent']/ul/li[1]</arg>
<doc>Click the element identified by ``locator``.</doc>
<msg timestamp="20210729 07:31:06.139" level="INFO">Clicking element 'xpath://*[@id='navbarSupportedContent']/ul/li[1]'.</msg>
<status status="PASS" starttime="20210729 07:31:06.139" endtime="20210729 07:31:06.228"/>
</kw>
<status status="PASS" starttime="20210729 07:31:06.139" endtime="20210729 07:31:06.229"/>
</kw>
<kw name="MachineTranslation" library="MachineKeyword">
<kw name="Click Element" library="SeleniumLibrary">
<arg>xpath://h3[contains(text(),'Machine Translation')]</arg>
<doc>Click the element identified by ``locator``.</doc>
<msg timestamp="20210729 07:31:06.230" level="INFO">Clicking element 'xpath://h3[contains(text(),'Machine Translation')]'.</msg>
<status status="PASS" starttime="20210729 07:31:06.230" endtime="20210729 07:31:06.340"/>
</kw>
<status status="PASS" starttime="20210729 07:31:06.229" endtime="20210729 07:31:06.340"/>
</kw>
<kw name="ClickOnInputLanguage" library="MachineKeyword">
<kw name="Click Element" library="SeleniumLibrary">
<arg>xpath:/html/body/app-root/app-home/app-machine-translation/div/div[2]/div/div[1]/div/div[2]/p-dropdown/div/div[2]</arg>
<doc>Click the element identified by ``locator``.</doc>
<msg timestamp="20210729 07:31:06.341" level="INFO">Clicking element 'xpath:/html/body/app-root/app-home/app-machine-translation/div/div[2]/div/div[1]/div/div[2]/p-dropdown/div/div[2]'.</msg>
<status status="PASS" starttime="20210729 07:31:06.341" endtime="20210729 07:31:06.471"/>
</kw>
<status status="PASS" starttime="20210729 07:31:06.340" endtime="20210729 07:31:06.471"/>
</kw>
<kw name="SelectInputLanguage" library="MachineKeyword">
<kw name="Click Element" library="SeleniumLibrary">
<arg>xpath://span[contains(text(),'English')]</arg>
<doc>Click the element identified by ``locator``.</doc>
<msg timestamp="20210729 07:31:06.472" level="INFO">Clicking element 'xpath://span[contains(text(),'English')]'.</msg>
<status status="PASS" starttime="20210729 07:31:06.472" endtime="20210729 07:31:06.526"/>
</kw>
<status status="PASS" starttime="20210729 07:31:06.472" endtime="20210729 07:31:06.527"/>
</kw>
<kw name="ClickOnOutputLanguage" library="MachineKeyword">
<kw name="Click Element" library="SeleniumLibrary">
<arg>xpath:/html/body/app-root/app-home/app-machine-translation/div/div[2]/div/div[1]/div/div[3]/p-dropdown/div</arg>
<doc>Click the element identified by ``locator``.</doc>
<msg timestamp="20210729 07:31:06.527" level="INFO">Clicking element 'xpath:/html/body/app-root/app-home/app-machine-translation/div/div[2]/div/div[1]/div/div[3]/p-dropdown/div'.</msg>
<status status="PASS" starttime="20210729 07:31:06.527" endtime="20210729 07:31:06.642"/>
</kw>
<status status="PASS" starttime="20210729 07:31:06.527" endtime="20210729 07:31:06.642"/>
</kw>
<kw name="SelectOutputLanguage" library="MachineKeyword">
<kw name="Click Element" library="SeleniumLibrary">
<arg>xpath:/html/body/app-root/app-home/app-machine-translation/div/div[2]/div/div[1]/div/div[3]/p-dropdown/div/div[4]/div[2]/ul/p-dropdownitem[7]/li/span</arg>
<doc>Click the element identified by ``locator``.</doc>
<msg timestamp="20210729 07:31:06.651" level="INFO">Clicking element 'xpath:/html/body/app-root/app-home/app-machine-translation/div/div[2]/div/div[1]/div/div[3]/p-dropdown/div/div[4]/div[2]/ul/p-dropdownitem[7]/li/span'.</msg>
<status status="PASS" starttime="20210729 07:31:06.650" endtime="20210729 07:31:06.823"/>
</kw>
<status status="PASS" starttime="20210729 07:31:06.642" endtime="20210729 07:31:06.823"/>
</kw>
<kw name="ClickOnPasteText" library="MachineKeyword">
<kw name="Input Text" library="SeleniumLibrary">
<arg>xpath:/html/body/app-root/app-home/app-machine-translation/div/div[2]/div/div[2]/div[2]/div/div/div[1]/textarea</arg>
<arg>How to claim income tax refund</arg>
<doc>Types the given ``text`` into the text field identified by ``locator``.</doc>
<msg timestamp="20210729 07:31:06.823" level="INFO">Typing text 'How to claim income tax refund' into text field 'xpath:/html/body/app-root/app-home/app-machine-translation/div/div[2]/div/div[2]/div[2]/div/div/div[1]/textarea'.</msg>
<status status="PASS" starttime="20210729 07:31:06.823" endtime="20210729 07:31:07.148"/>
</kw>
<status status="PASS" starttime="20210729 07:31:06.823" endtime="20210729 07:31:07.149"/>
</kw>
<kw name="ClickTranslate" library="MachineKeyword">
<kw name="Click Element" library="SeleniumLibrary">
<arg>xpath://a[contains(text(),'Translate Text')]</arg>
<doc>Click the element identified by ``locator``.</doc>
<msg timestamp="20210729 07:31:07.150" level="INFO">Clicking element 'xpath://a[contains(text(),'Translate Text')]'.</msg>
<status status="PASS" starttime="20210729 07:31:07.150" endtime="20210729 07:31:07.255"/>
</kw>
<status status="PASS" starttime="20210729 07:31:07.150" endtime="20210729 07:31:07.255"/>
</kw>
<kw name="Sleep" library="BuiltIn">
<arg>4</arg>
<doc>Pauses the test executed for the given time.</doc>
<msg timestamp="20210729 07:31:11.267" level="INFO">Slept 4 seconds</msg>
<status status="PASS" starttime="20210729 07:31:07.257" endtime="20210729 07:31:11.267"/>
</kw>
<kw name="Capture Page Screenshot" library="SeleniumLibrary">
<arg>Machine.png</arg>
<doc>Takes a screenshot of the current page and embeds it into a log file.</doc>
<msg timestamp="20210729 07:31:11.399" level="INFO" html="true">&lt;/td&gt;&lt;/tr&gt;&lt;tr&gt;&lt;td colspan="3"&gt;&lt;a href="Machine.png"&gt;&lt;img src="Machine.png" width="800px"&gt;&lt;/a&gt;</msg>
<status status="PASS" starttime="20210729 07:31:11.268" endtime="20210729 07:31:11.399"/>
</kw>
<kw name="Close My Browser" library="MachineKeyword">
<kw name="Close All Browsers" library="SeleniumLibrary">
<doc>Closes all open browsers and resets the browser cache.</doc>
<status status="PASS" starttime="20210729 07:31:11.399" endtime="20210729 07:31:13.600"/>
</kw>
<status status="PASS" starttime="20210729 07:31:11.399" endtime="20210729 07:31:13.601"/>
</kw>
<status status="PASS" starttime="20210729 07:30:53.173" endtime="20210729 07:31:13.601"/>
</test>
<test id="s1-s4-t2" name="MachineTranslationUploadTest">
<kw name="Open My Browser" library="MachineKeyword">
<arg>${url}</arg>
<arg>${browser}</arg>
<kw name="Open Browser" library="SeleniumLibrary">
<arg>${url}</arg>
<arg>${browser}</arg>
<doc>Opens a new browser instance to the optional ``url``.</doc>
<msg timestamp="20210729 07:31:13.608" level="INFO">Opening browser 'chrome' to base url 'https://aira.evalueserve.com/login'.</msg>
<status status="PASS" starttime="20210729 07:31:13.608" endtime="20210729 07:31:19.571"/>
</kw>
<kw name="Maximize Browser Window" library="SeleniumLibrary">
<doc>Maximizes current browser window.</doc>
<status status="PASS" starttime="20210729 07:31:19.571" endtime="20210729 07:31:19.689"/>
</kw>
<status status="PASS" starttime="20210729 07:31:13.608" endtime="20210729 07:31:19.689"/>
</kw>
<kw name="Enter User Name" library="MachineKeyword">
<arg>${username}</arg>
<kw name="Input Text" library="SeleniumLibrary">
<arg>${txt_loginUserName}</arg>
<arg>${username}</arg>
<doc>Types the given ``text`` into the text field identified by ``locator``.</doc>
<msg timestamp="20210729 07:31:19.689" level="INFO">Typing text 'test@evalueserve.com' into text field 'name:email'.</msg>
<status status="PASS" starttime="20210729 07:31:19.689" endtime="20210729 07:31:19.801"/>
</kw>
<status status="PASS" starttime="20210729 07:31:19.689" endtime="20210729 07:31:19.801"/>
</kw>
<kw name="Enter Password" library="MachineKeyword">
<arg>${password}</arg>
<kw name="Input Text" library="SeleniumLibrary">
<arg>${txt_loginPassword}</arg>
<arg>${password}</arg>
<doc>Types the given ``text`` into the text field identified by ``locator``.</doc>
<msg timestamp="20210729 07:31:19.803" level="INFO">Typing text 'evs1234$' into text field 'name:pass'.</msg>
<status status="PASS" starttime="20210729 07:31:19.803" endtime="20210729 07:31:19.983"/>
</kw>
<status status="PASS" starttime="20210729 07:31:19.802" endtime="20210729 07:31:19.983"/>
</kw>
<kw name="Sleep" library="BuiltIn">
<arg>2</arg>
<doc>Pauses the test executed for the given time.</doc>
<msg timestamp="20210729 07:31:21.983" level="INFO">Slept 2 seconds</msg>
<status status="PASS" starttime="20210729 07:31:19.983" endtime="20210729 07:31:21.983"/>
</kw>
<kw name="Submit" library="MachineKeyword">
<kw name="Click Element" library="SeleniumLibrary">
<arg>xpath:/html/body/app-root/app-login/div/div/form/div[4]/input</arg>
<doc>Click the element identified by ``locator``.</doc>
<msg timestamp="20210729 07:31:21.985" level="INFO">Clicking element 'xpath:/html/body/app-root/app-login/div/div/form/div[4]/input'.</msg>
<status status="PASS" starttime="20210729 07:31:21.985" endtime="20210729 07:31:22.114"/>
</kw>
<status status="PASS" starttime="20210729 07:31:21.985" endtime="20210729 07:31:22.114"/>
</kw>
<kw name="Sleep" library="BuiltIn">
<arg>5</arg>
<doc>Pauses the test executed for the given time.</doc>
<msg timestamp="20210729 07:31:27.120" level="INFO">Slept 5 seconds</msg>
<status status="PASS" starttime="20210729 07:31:22.115" endtime="20210729 07:31:27.120"/>
</kw>
<kw name="Tools" library="MachineKeyword">
<kw name="Click Element" library="SeleniumLibrary">
<arg>xpath://*[@id='navbarSupportedContent']/ul/li[1]</arg>
<doc>Click the element identified by ``locator``.</doc>
<msg timestamp="20210729 07:31:27.122" level="INFO">Clicking element 'xpath://*[@id='navbarSupportedContent']/ul/li[1]'.</msg>
<status status="PASS" starttime="20210729 07:31:27.122" endtime="20210729 07:31:27.229"/>
</kw>
<status status="PASS" starttime="20210729 07:31:27.121" endtime="20210729 07:31:27.230"/>
</kw>
<kw name="MachineTranslation" library="MachineKeyword">
<kw name="Click Element" library="SeleniumLibrary">
<arg>xpath://h3[contains(text(),'Machine Translation')]</arg>
<doc>Click the element identified by ``locator``.</doc>
<msg timestamp="20210729 07:31:27.232" level="INFO">Clicking element 'xpath://h3[contains(text(),'Machine Translation')]'.</msg>
<status status="PASS" starttime="20210729 07:31:27.232" endtime="20210729 07:31:27.337"/>
</kw>
<status status="PASS" starttime="20210729 07:31:27.230" endtime="20210729 07:31:27.337"/>
</kw>
<kw name="ClickOnInputLanguage" library="MachineKeyword">
<kw name="Click Element" library="SeleniumLibrary">
<arg>xpath:/html/body/app-root/app-home/app-machine-translation/div/div[2]/div/div[1]/div/div[2]/p-dropdown/div/div[2]</arg>
<doc>Click the element identified by ``locator``.</doc>
<msg timestamp="20210729 07:31:27.339" level="INFO">Clicking element 'xpath:/html/body/app-root/app-home/app-machine-translation/div/div[2]/div/div[1]/div/div[2]/p-dropdown/div/div[2]'.</msg>
<status status="PASS" starttime="20210729 07:31:27.338" endtime="20210729 07:31:27.457"/>
</kw>
<status status="PASS" starttime="20210729 07:31:27.338" endtime="20210729 07:31:27.458"/>
</kw>
<kw name="SelectInputLanguage" library="MachineKeyword">
<kw name="Click Element" library="SeleniumLibrary">
<arg>xpath://span[contains(text(),'English')]</arg>
<doc>Click the element identified by ``locator``.</doc>
<msg timestamp="20210729 07:31:27.458" level="INFO">Clicking element 'xpath://span[contains(text(),'English')]'.</msg>
<status status="PASS" starttime="20210729 07:31:27.458" endtime="20210729 07:31:27.515"/>
</kw>
<status status="PASS" starttime="20210729 07:31:27.458" endtime="20210729 07:31:27.515"/>
</kw>
<kw name="ClickOnOutputLanguage" library="MachineKeyword">
<kw name="Click Element" library="SeleniumLibrary">
<arg>xpath:/html/body/app-root/app-home/app-machine-translation/div/div[2]/div/div[1]/div/div[3]/p-dropdown/div</arg>
<doc>Click the element identified by ``locator``.</doc>
<msg timestamp="20210729 07:31:27.516" level="INFO">Clicking element 'xpath:/html/body/app-root/app-home/app-machine-translation/div/div[2]/div/div[1]/div/div[3]/p-dropdown/div'.</msg>
<status status="PASS" starttime="20210729 07:31:27.516" endtime="20210729 07:31:27.624"/>
</kw>
<status status="PASS" starttime="20210729 07:31:27.515" endtime="20210729 07:31:27.625"/>
</kw>
<kw name="SelectOutputLanguage" library="MachineKeyword">
<kw name="Click Element" library="SeleniumLibrary">
<arg>xpath:/html/body/app-root/app-home/app-machine-translation/div/div[2]/div/div[1]/div/div[3]/p-dropdown/div/div[4]/div[2]/ul/p-dropdownitem[7]/li/span</arg>
<doc>Click the element identified by ``locator``.</doc>
<msg timestamp="20210729 07:31:27.625" level="INFO">Clicking element 'xpath:/html/body/app-root/app-home/app-machine-translation/div/div[2]/div/div[1]/div/div[3]/p-dropdown/div/div[4]/div[2]/ul/p-dropdownitem[7]/li/span'.</msg>
<status status="PASS" starttime="20210729 07:31:27.625" endtime="20210729 07:31:27.693"/>
</kw>
<status status="PASS" starttime="20210729 07:31:27.625" endtime="20210729 07:31:27.693"/>
</kw>
<kw name="ClickOnRadio" library="MachineKeyword">
<kw name="Click Element" library="SeleniumLibrary">
<arg>xpath://body/app-root[1]/app-home[1]/app-machine-translation[1]/div[1]/div[2]/div[1]/div[1]/div[1]/div[1]/div[2]/p-radiobutton[1]/div[1]/div[2]/span[1]</arg>
<doc>Click the element identified by ``locator``.</doc>
<msg timestamp="20210729 07:31:27.694" level="INFO">Clicking element 'xpath://body/app-root[1]/app-home[1]/app-machine-translation[1]/div[1]/div[2]/div[1]/div[1]/div[1]/div[1]/div[2]/p-radiobutton[1]/div[1]/div[2]/span[1]'.</msg>
<status status="PASS" starttime="20210729 07:31:27.694" endtime="20210729 07:31:27.769"/>
</kw>
<status status="PASS" starttime="20210729 07:31:27.693" endtime="20210729 07:31:27.769"/>
</kw>
<kw name="SelectFile" library="MachineKeyword">
<kw name="Wait Until Element Is Enabled" library="SeleniumLibrary">
<arg>xpath:/html/body/app-root/app-home/app-machine-translation/div/div[2]/div/div[2]/div/div/div/div[1]/p-fileupload/div/div[1]/span/input</arg>
<doc>Waits until the element ``locator`` is enabled.</doc>
<status status="PASS" starttime="20210729 07:31:27.770" endtime="20210729 07:31:27.801"/>
</kw>
<kw name="Choose File" library="SeleniumLibrary">
<arg>xpath:/html/body/app-root/app-home/app-machine-translation/div/div[2]/div/div[2]/div/div/div/div[1]/p-fileupload/div/div[1]/span/input</arg>
<arg>C:/Users/asutosh.jena/Documents/AI Playground/upload data/translate/eng.xlsx</arg>
<doc>Inputs the ``file_path`` into the file input field ``locator``.</doc>
<msg timestamp="20210729 07:31:27.802" level="INFO">Sending C:\Users\asutosh.jena\Documents\AI Playground\upload data\translate\eng.xlsx to browser.</msg>
<status status="PASS" starttime="20210729 07:31:27.801" endtime="20210729 07:31:27.861"/>
</kw>
<status status="PASS" starttime="20210729 07:31:27.770" endtime="20210729 07:31:27.861"/>
</kw>
<kw name="ClickOnTranslateText" library="MachineKeyword">
<kw name="Click Element" library="SeleniumLibrary">
<arg>xpath://button[contains(text(),'Translate Document')]</arg>
<doc>Click the element identified by ``locator``.</doc>
<msg timestamp="20210729 07:31:27.863" level="INFO">Clicking element 'xpath://button[contains(text(),'Translate Document')]'.</msg>
<status status="PASS" starttime="20210729 07:31:27.862" endtime="20210729 07:31:27.934"/>
</kw>
<status status="PASS" starttime="20210729 07:31:27.861" endtime="20210729 07:31:27.934"/>
</kw>
<kw name="Sleep" library="BuiltIn">
<arg>4</arg>
<doc>Pauses the test executed for the given time.</doc>
<msg timestamp="20210729 07:31:31.945" level="INFO">Slept 4 seconds</msg>
<status status="PASS" starttime="20210729 07:31:27.934" endtime="20210729 07:31:31.946"/>
</kw>
<kw name="Capture Page Screenshot" library="SeleniumLibrary">
<arg>MachineUpload.png</arg>
<doc>Takes a screenshot of the current page and embeds it into a log file.</doc>
<msg timestamp="20210729 07:31:32.130" level="INFO" html="true">&lt;/td&gt;&lt;/tr&gt;&lt;tr&gt;&lt;td colspan="3"&gt;&lt;a href="MachineUpload.png"&gt;&lt;img src="MachineUpload.png" width="800px"&gt;&lt;/a&gt;</msg>
<status status="PASS" starttime="20210729 07:31:31.947" endtime="20210729 07:31:32.131"/>
</kw>
<kw name="Close My Browser" library="MachineKeyword">
<kw name="Close All Browsers" library="SeleniumLibrary">
<doc>Closes all open browsers and resets the browser cache.</doc>
<status status="PASS" starttime="20210729 07:31:32.131" endtime="20210729 07:31:34.344"/>
</kw>
<status status="PASS" starttime="20210729 07:31:32.131" endtime="20210729 07:31:34.344"/>
</kw>
<status status="PASS" starttime="20210729 07:31:13.607" endtime="20210729 07:31:34.345"/>
</test>
<status status="PASS" starttime="20210729 07:30:53.097" endtime="20210729 07:31:34.346"/>
</suite>
<suite id="s1-s5" name="News" source="C:\Users\asutosh.jena\PycharmProjects\AIRA_Robot_Framework\TestCases\News.robot">
<test id="s1-s5-t1" name="NewsClassificationTest">
<kw name="Open My Browser" library="NewsKeywords">
<arg>${url}</arg>
<arg>${browser}</arg>
<kw name="Open Browser" library="SeleniumLibrary">
<arg>${url}</arg>
<arg>${browser}</arg>
<doc>Opens a new browser instance to the optional ``url``.</doc>
<msg timestamp="20210729 07:31:34.413" level="INFO">Opening browser 'chrome' to base url 'https://aira.evalueserve.com/login'.</msg>
<status status="PASS" starttime="20210729 07:31:34.412" endtime="20210729 07:31:39.696"/>
</kw>
<kw name="Maximize Browser Window" library="SeleniumLibrary">
<doc>Maximizes current browser window.</doc>
<status status="PASS" starttime="20210729 07:31:39.696" endtime="20210729 07:31:39.822"/>
</kw>
<status status="PASS" starttime="20210729 07:31:34.411" endtime="20210729 07:31:39.822"/>
</kw>
<kw name="Enter User Name" library="NewsKeywords">
<arg>${username}</arg>
<kw name="Input Text" library="SeleniumLibrary">
<arg>${txt_loginUserName}</arg>
<arg>${username}</arg>
<doc>Types the given ``text`` into the text field identified by ``locator``.</doc>
<msg timestamp="20210729 07:31:39.824" level="INFO">Typing text 'test@evalueserve.com' into text field 'name:email'.</msg>
<status status="PASS" starttime="20210729 07:31:39.824" endtime="20210729 07:31:39.948"/>
</kw>
<status status="PASS" starttime="20210729 07:31:39.823" endtime="20210729 07:31:39.949"/>
</kw>
<kw name="Enter Password" library="NewsKeywords">
<arg>${password}</arg>
<kw name="Input Text" library="SeleniumLibrary">
<arg>${txt_loginPassword}</arg>
<arg>${password}</arg>
<doc>Types the given ``text`` into the text field identified by ``locator``.</doc>
<msg timestamp="20210729 07:31:39.950" level="INFO">Typing text 'evs1234$' into text field 'name:pass'.</msg>
<status status="PASS" starttime="20210729 07:31:39.950" endtime="20210729 07:31:40.032"/>
</kw>
<status status="PASS" starttime="20210729 07:31:39.949" endtime="20210729 07:31:40.032"/>
</kw>
<kw name="Sleep" library="BuiltIn">
<arg>2</arg>
<doc>Pauses the test executed for the given time.</doc>
<msg timestamp="20210729 07:31:42.037" level="INFO">Slept 2 seconds</msg>
<status status="PASS" starttime="20210729 07:31:40.033" endtime="20210729 07:31:42.037"/>
</kw>
<kw name="Submit" library="NewsKeywords">
<kw name="Click Element" library="SeleniumLibrary">
<arg>xpath:/html/body/app-root/app-login/div/div/form/div[4]/input</arg>
<doc>Click the element identified by ``locator``.</doc>
<msg timestamp="20210729 07:31:42.040" level="INFO">Clicking element 'xpath:/html/body/app-root/app-login/div/div/form/div[4]/input'.</msg>
<status status="PASS" starttime="20210729 07:31:42.039" endtime="20210729 07:31:42.137"/>
</kw>
<status status="PASS" starttime="20210729 07:31:42.038" endtime="20210729 07:31:42.137"/>
</kw>
<kw name="Sleep" library="BuiltIn">
<arg>2</arg>
<doc>Pauses the test executed for the given time.</doc>
<msg timestamp="20210729 07:31:44.142" level="INFO">Slept 2 seconds</msg>
<status status="PASS" starttime="20210729 07:31:42.138" endtime="20210729 07:31:44.142"/>
</kw>
<kw name="Tools" library="NewsKeywords">
<kw name="Click Element" library="SeleniumLibrary">
<arg>xpath://*[@id='navbarSupportedContent']/ul/li[1]</arg>
<doc>Click the element identified by ``locator``.</doc>
<msg timestamp="20210729 07:31:44.144" level="INFO">Clicking element 'xpath://*[@id='navbarSupportedContent']/ul/li[1]'.</msg>
<status status="PASS" starttime="20210729 07:31:44.144" endtime="20210729 07:31:44.262"/>
</kw>
<status status="PASS" starttime="20210729 07:31:44.143" endtime="20210729 07:31:44.262"/>
</kw>
<kw name="News" library="NewsKeywords">
<kw name="Click Element" library="SeleniumLibrary">
<arg>xpath://h3[contains(text(),'News Classification')]</arg>
<doc>Click the element identified by ``locator``.</doc>
<msg timestamp="20210729 07:31:44.266" level="INFO">Clicking element 'xpath://h3[contains(text(),'News Classification')]'.</msg>
<status status="PASS" starttime="20210729 07:31:44.266" endtime="20210729 07:31:44.400"/>
</kw>
<status status="PASS" starttime="20210729 07:31:44.263" endtime="20210729 07:31:44.400"/>
</kw>
<kw name="Language" library="NewsKeywords">
<kw name="Click Element" library="SeleniumLibrary">
<arg>xpath://span[contains(text(),'Select Language')]</arg>
<doc>Click the element identified by ``locator``.</doc>
<msg timestamp="20210729 07:31:44.402" level="INFO">Clicking element 'xpath://span[contains(text(),'Select Language')]'.</msg>
<status status="PASS" starttime="20210729 07:31:44.402" endtime="20210729 07:31:44.487"/>
</kw>
<status status="PASS" starttime="20210729 07:31:44.401" endtime="20210729 07:31:44.488"/>
</kw>
<kw name="Select Language" library="NewsKeywords">
<kw name="Click Element" library="SeleniumLibrary">
<arg>xpath://p-dropdownitem[3]/li/span</arg>
<doc>Click the element identified by ``locator``.</doc>
<msg timestamp="20210729 07:31:44.488" level="INFO">Clicking element 'xpath://p-dropdownitem[3]/li/span'.</msg>
<status status="PASS" starttime="20210729 07:31:44.488" endtime="20210729 07:31:44.557"/>
</kw>
<status status="PASS" starttime="20210729 07:31:44.488" endtime="20210729 07:31:44.558"/>
</kw>
<kw name="Sleep" library="BuiltIn">
<arg>5</arg>
<doc>Pauses the test executed for the given time.</doc>
<msg timestamp="20210729 07:31:49.560" level="INFO">Slept 5 seconds</msg>
<status status="PASS" starttime="20210729 07:31:44.558" endtime="20210729 07:31:49.560"/>
</kw>
<kw name="FileUploadButton" library="NewsKeywords">
<kw name="Wait Until Element Is Enabled" library="SeleniumLibrary">
<arg>xpath:/html/body/app-root/app-home/app-news-classification/div/div[2]/div/div[2]/div/div/div[1]/p-fileupload/div/div[1]/span</arg>
<doc>Waits until the element ``locator`` is enabled.</doc>
<status status="PASS" starttime="20210729 07:31:49.561" endtime="20210729 07:31:49.636"/>
</kw>
<kw name="Click Element" library="SeleniumLibrary">
<arg>xpath:/html/body/app-root/app-home/app-news-classification/div/div[2]/div/div[2]/div/div/div[1]/p-fileupload/div/div[1]/span</arg>
<doc>Click the element identified by ``locator``.</doc>
<msg timestamp="20210729 07:31:49.637" level="INFO">Clicking element 'xpath:/html/body/app-root/app-home/app-news-classification/div/div[2]/div/div[2]/div/div/div[1]/p-fileupload/div/div[1]/span'.</msg>
<status status="PASS" starttime="20210729 07:31:49.636" endtime="20210729 07:31:49.743"/>
</kw>
<status status="PASS" starttime="20210729 07:31:49.561" endtime="20210729 07:31:49.744"/>
</kw>
<kw name="SelectFile" library="NewsKeywords">
<kw name="Wait Until Element Is Enabled" library="SeleniumLibrary">
<arg>xpath:/html/body/app-root/app-home/app-news-classification/div/div[2]/div/div[2]/div/div/div[1]/p-fileupload/div/div[1]/span/input</arg>
<doc>Waits until the element ``locator`` is enabled.</doc>
<status status="PASS" starttime="20210729 07:31:49.745" endtime="20210729 07:31:49.777"/>
</kw>
<kw name="Choose File" library="SeleniumLibrary">
<arg>xpath:/html/body/app-root/app-home/app-news-classification/div/div[2]/div/div[2]/div/div/div[1]/p-fileupload/div/div[1]/span/input</arg>
<arg>C:/Users/asutosh.jena/Documents/AI Playground/upload data/new/test_api_chinese.xlsx</arg>
<doc>Inputs the ``file_path`` into the file input field ``locator``.</doc>
<msg timestamp="20210729 07:31:49.778" level="INFO">Sending C:\Users\asutosh.jena\Documents\AI Playground\upload data\new\test_api_chinese.xlsx to browser.</msg>
<status status="PASS" starttime="20210729 07:31:49.777" endtime="20210729 07:31:49.819"/>
</kw>
<status status="PASS" starttime="20210729 07:31:49.745" endtime="20210729 07:31:49.819"/>
</kw>
<kw name="Start" library="NewsKeywords">
<kw name="Click Element" library="SeleniumLibrary">
<arg>xpath:/html[1]/body[1]/app-root[1]/app-home[1]/app-news-classification[1]/div[1]/div[2]/div[1]/div[2]/div[1]/div[1]/div[3]/button[1]</arg>
<doc>Click the element identified by ``locator``.</doc>
<msg timestamp="20210729 07:31:49.820" level="INFO">Clicking element 'xpath:/html[1]/body[1]/app-root[1]/app-home[1]/app-news-classification[1]/div[1]/div[2]/div[1]/div[2]/div[1]/div[1]/div[3]/button[1]'.</msg>
<status status="PASS" starttime="20210729 07:31:49.820" endtime="20210729 07:31:49.887"/>
</kw>
<status status="PASS" starttime="20210729 07:31:49.820" endtime="20210729 07:31:49.887"/>
</kw>
<kw name="Sleep" library="BuiltIn">
<arg>2</arg>
<doc>Pauses the test executed for the given time.</doc>
<msg timestamp="20210729 07:31:51.892" level="INFO">Slept 2 seconds</msg>
<status status="PASS" starttime="20210729 07:31:49.887" endtime="20210729 07:31:51.893"/>
</kw>
<kw name="Capture Page Screenshot" library="SeleniumLibrary">
<arg>News.png</arg>
<doc>Takes a screenshot of the current page and embeds it into a log file.</doc>
<msg timestamp="20210729 07:31:52.155" level="INFO" html="true">&lt;/td&gt;&lt;/tr&gt;&lt;tr&gt;&lt;td colspan="3"&gt;&lt;a href="News.png"&gt;&lt;img src="News.png" width="800px"&gt;&lt;/a&gt;</msg>
<status status="PASS" starttime="20210729 07:31:51.894" endtime="20210729 07:31:52.155"/>
</kw>
<kw name="Close My Browser" library="NewsKeywords">
<kw name="Close All Browsers" library="SeleniumLibrary">
<doc>Closes all open browsers and resets the browser cache.</doc>
<status status="PASS" starttime="20210729 07:31:52.157" endtime="20210729 07:31:56.102"/>
</kw>
<status status="PASS" starttime="20210729 07:31:52.156" endtime="20210729 07:31:56.102"/>
</kw>
<status status="PASS" starttime="20210729 07:31:34.410" endtime="20210729 07:31:56.103"/>
</test>
<status status="PASS" starttime="20210729 07:31:34.348" endtime="20210729 07:31:56.105"/>
</suite>
<suite id="s1-s6" name="PatentRelevancyCheckTest" source="C:\Users\asutosh.jena\PycharmProjects\AIRA_Robot_Framework\TestCases\PatentRelevancyCheckTest.robot">
<test id="s1-s6-t1" name="ArticleSummerizationTest">
<kw name="Open My Browser" library="PatentKeyword">
<arg>${url}</arg>
<arg>${browser}</arg>
<kw name="Open Browser" library="SeleniumLibrary">
<arg>${url}</arg>
<arg>${browser}</arg>
<doc>Opens a new browser instance to the optional ``url``.</doc>
<msg timestamp="20210729 07:31:56.142" level="INFO">Opening browser 'chrome' to base url 'https://aira.evalueserve.com/login'.</msg>
<status status="PASS" starttime="20210729 07:31:56.142" endtime="20210729 07:32:01.882"/>
</kw>
<kw name="Maximize Browser Window" library="SeleniumLibrary">
<doc>Maximizes current browser window.</doc>
<status status="PASS" starttime="20210729 07:32:01.882" endtime="20210729 07:32:02.000"/>
</kw>
<status status="PASS" starttime="20210729 07:31:56.142" endtime="20210729 07:32:02.000"/>
</kw>
<kw name="Enter User Name" library="PatentKeyword">
<arg>${username}</arg>
<kw name="Input Text" library="SeleniumLibrary">
<arg>${txt_loginUserName}</arg>
<arg>${username}</arg>
<doc>Types the given ``text`` into the text field identified by ``locator``.</doc>
<msg timestamp="20210729 07:32:02.001" level="INFO">Typing text 'test@evalueserve.com' into text field 'name:email'.</msg>
<status status="PASS" starttime="20210729 07:32:02.001" endtime="20210729 07:32:02.140"/>
</kw>
<status status="PASS" starttime="20210729 07:32:02.000" endtime="20210729 07:32:02.140"/>
</kw>
<kw name="Enter Password" library="PatentKeyword">
<arg>${password}</arg>
<kw name="Input Text" library="SeleniumLibrary">
<arg>${txt_loginPassword}</arg>
<arg>${password}</arg>
<doc>Types the given ``text`` into the text field identified by ``locator``.</doc>
<msg timestamp="20210729 07:32:02.142" level="INFO">Typing text 'evs1234$' into text field 'name:pass'.</msg>
<status status="PASS" starttime="20210729 07:32:02.141" endtime="20210729 07:32:02.225"/>
</kw>
<status status="PASS" starttime="20210729 07:32:02.141" endtime="20210729 07:32:02.225"/>
</kw>
<kw name="Sleep" library="BuiltIn">
<arg>2</arg>
<doc>Pauses the test executed for the given time.</doc>
<msg timestamp="20210729 07:32:04.228" level="INFO">Slept 2 seconds</msg>
<status status="PASS" starttime="20210729 07:32:02.226" endtime="20210729 07:32:04.228"/>
</kw>
<kw name="Submit" library="PatentKeyword">
<kw name="Click Element" library="SeleniumLibrary">
<arg>xpath:/html/body/app-root/app-login/div/div/form/div[4]/input</arg>
<doc>Click the element identified by ``locator``.</doc>
<msg timestamp="20210729 07:32:04.228" level="INFO">Clicking element 'xpath:/html/body/app-root/app-login/div/div/form/div[4]/input'.</msg>
<status status="PASS" starttime="20210729 07:32:04.228" endtime="20210729 07:32:04.365"/>
</kw>
<status status="PASS" starttime="20210729 07:32:04.228" endtime="20210729 07:32:04.365"/>
</kw>
<kw name="Sleep" library="BuiltIn">
<arg>4</arg>
<doc>Pauses the test executed for the given time.</doc>
<msg timestamp="20210729 07:32:08.376" level="INFO">Slept 4 seconds</msg>
<status status="PASS" starttime="20210729 07:32:04.367" endtime="20210729 07:32:08.376"/>
</kw>
<kw name="Tools" library="PatentKeyword">
<kw name="Click Element" library="SeleniumLibrary">
<arg>xpath://*[@id='navbarSupportedContent']/ul/li[1]</arg>
<doc>Click the element identified by ``locator``.</doc>
<msg timestamp="20210729 07:32:08.379" level="INFO">Clicking element 'xpath://*[@id='navbarSupportedContent']/ul/li[1]'.</msg>
<status status="PASS" starttime="20210729 07:32:08.377" endtime="20210729 07:32:08.449"/>
</kw>
<status status="PASS" starttime="20210729 07:32:08.376" endtime="20210729 07:32:08.450"/>
</kw>
<kw name="ClickOnMachine" library="PatentKeyword">
<kw name="Click Element" library="SeleniumLibrary">
<arg>xpath://h3[contains(text(),'Patent Relevancy Check')]</arg>
<doc>Click the element identified by ``locator``.</doc>
<msg timestamp="20210729 07:32:08.451" level="INFO">Clicking element 'xpath://h3[contains(text(),'Patent Relevancy Check')]'.</msg>
<status status="PASS" starttime="20210729 07:32:08.451" endtime="20210729 07:32:08.561"/>
</kw>
<status status="PASS" starttime="20210729 07:32:08.450" endtime="20210729 07:32:08.562"/>
</kw>
<kw name="FileUploadButton" library="PatentKeyword">
<kw name="Wait Until Element Is Enabled" library="SeleniumLibrary">
<arg>xpath:/html/body/app-root/app-home/app-patent-classification/div/div[2]/div/div[2]/div/div/div[1]/p-fileupload/div/div[1]/span</arg>
<doc>Waits until the element ``locator`` is enabled.</doc>
<status status="PASS" starttime="20210729 07:32:08.562" endtime="20210729 07:32:08.591"/>
</kw>
<kw name="Click Element" library="SeleniumLibrary">
<arg>xpath:/html/body/app-root/app-home/app-patent-classification/div/div[2]/div/div[2]/div/div/div[1]/p-fileupload/div/div[1]/span</arg>
<doc>Click the element identified by ``locator``.</doc>
<msg timestamp="20210729 07:32:08.592" level="INFO">Clicking element 'xpath:/html/body/app-root/app-home/app-patent-classification/div/div[2]/div/div[2]/div/div/div[1]/p-fileupload/div/div[1]/span'.</msg>
<status status="PASS" starttime="20210729 07:32:08.591" endtime="20210729 07:32:08.641"/>
</kw>
<status status="PASS" starttime="20210729 07:32:08.562" endtime="20210729 07:32:08.641"/>
</kw>
<kw name="SelectFile" library="PatentKeyword">
<kw name="Wait Until Element Is Enabled" library="SeleniumLibrary">
<arg>xpath:/html/body/app-root/app-home/app-patent-classification/div/div[2]/div/div[2]/div/div/div[1]/p-fileupload/div/div[1]/span/input</arg>
<doc>Waits until the element ``locator`` is enabled.</doc>
<status status="PASS" starttime="20210729 07:32:08.642" endtime="20210729 07:32:08.673"/>
</kw>
<kw name="Choose File" library="SeleniumLibrary">
<arg>xpath:/html/body/app-root/app-home/app-patent-classification/div/div[2]/div/div[2]/div/div/div[1]/p-fileupload/div/div[1]/span/input</arg>
<arg>C:/Users/asutosh.jena/Documents/AI Playground/upload data/patent/Patent_RNR_Template.xlsx</arg>
<doc>Inputs the ``file_path`` into the file input field ``locator``.</doc>
<msg timestamp="20210729 07:32:08.674" level="INFO">Sending C:\Users\asutosh.jena\Documents\AI Playground\upload data\patent\Patent_RNR_Template.xlsx to browser.</msg>
<status status="PASS" starttime="20210729 07:32:08.673" endtime="20210729 07:32:08.724"/>
</kw>
<status status="PASS" starttime="20210729 07:32:08.641" endtime="20210729 07:32:08.724"/>
</kw>
<kw name="ClickOnLanguage" library="PatentKeyword">
<kw name="Click Element" library="SeleniumLibrary">
<arg>xpath:/html/body/app-root/app-home/app-patent-classification/div/div[2]/div/div[2]/div/div/div[2]/div/p-dropdown/div</arg>
<doc>Click the element identified by ``locator``.</doc>
<msg timestamp="20210729 07:32:08.725" level="INFO">Clicking element 'xpath:/html/body/app-root/app-home/app-patent-classification/div/div[2]/div/div[2]/div/div/div[2]/div/p-dropdown/div'.</msg>
<status status="PASS" starttime="20210729 07:32:08.725" endtime="20210729 07:32:08.822"/>
</kw>
<status status="PASS" starttime="20210729 07:32:08.724" endtime="20210729 07:32:08.822"/>
</kw>
<kw name="SelectLanguage" library="PatentKeyword">
<kw name="Click Element" library="SeleniumLibrary">
<arg>xpath://span[contains(text(),'English')]</arg>
<doc>Click the element identified by ``locator``.</doc>
<msg timestamp="20210729 07:32:08.824" level="INFO">Clicking element 'xpath://span[contains(text(),'English')]'.</msg>
<status status="PASS" starttime="20210729 07:32:08.823" endtime="20210729 07:32:08.897"/>
</kw>
<status status="PASS" starttime="20210729 07:32:08.822" endtime="20210729 07:32:08.897"/>
</kw>
<kw name="ClickOnStart" library="PatentKeyword">
<kw name="Click Element" library="SeleniumLibrary">
<arg>xpath://button[contains(text(),'Start Selection')]</arg>
<doc>Click the element identified by ``locator``.</doc>
<msg timestamp="20210729 07:32:08.899" level="INFO">Clicking element 'xpath://button[contains(text(),'Start Selection')]'.</msg>
<status status="PASS" starttime="20210729 07:32:08.899" endtime="20210729 07:32:08.956"/>
</kw>
<status status="PASS" starttime="20210729 07:32:08.898" endtime="20210729 07:32:08.956"/>
</kw>
<kw name="Sleep" library="BuiltIn">
<arg>3</arg>
<doc>Pauses the test executed for the given time.</doc>
<msg timestamp="20210729 07:32:11.974" level="INFO">Slept 3 seconds</msg>
<status status="PASS" starttime="20210729 07:32:08.957" endtime="20210729 07:32:11.974"/>
</kw>
<kw name="Capture Page Screenshot" library="SeleniumLibrary">
<arg>Patent.png</arg>
<doc>Takes a screenshot of the current page and embeds it into a log file.</doc>
<msg timestamp="20210729 07:32:12.240" level="INFO" html="true">&lt;/td&gt;&lt;/tr&gt;&lt;tr&gt;&lt;td colspan="3"&gt;&lt;a href="Patent.png"&gt;&lt;img src="Patent.png" width="800px"&gt;&lt;/a&gt;</msg>
<status status="PASS" starttime="20210729 07:32:11.975" endtime="20210729 07:32:12.240"/>
</kw>
<kw name="Close My Browser" library="PatentKeyword">
<kw name="Close All Browsers" library="SeleniumLibrary">
<doc>Closes all open browsers and resets the browser cache.</doc>
<status status="PASS" starttime="20210729 07:32:12.240" endtime="20210729 07:32:16.189"/>
</kw>
<status status="PASS" starttime="20210729 07:32:12.240" endtime="20210729 07:32:16.189"/>
</kw>
<status status="PASS" starttime="20210729 07:31:56.142" endtime="20210729 07:32:16.190"/>
</test>
<status status="PASS" starttime="20210729 07:31:56.107" endtime="20210729 07:32:16.194"/>
</suite>
<status status="FAIL" starttime="20210729 07:29:13.082" endtime="20210729 07:32:16.202"/>
</suite>
<statistics>
<total>
<stat pass="7" fail="1" skip="0">All Tests</stat>
</total>
<tag>
</tag>
<suite>
<stat pass="7" fail="1" skip="0" id="s1" name="TestCases">TestCases</stat>
<stat pass="2" fail="0" skip="0" id="s1-s1" name="ArticleSummarizationTest">TestCases.ArticleSummarizationTest</stat>
<stat pass="0" fail="1" skip="0" id="s1-s2" name="AutoMLTest">TestCases.AutoMLTest</stat>
<stat pass="1" fail="0" skip="0" id="s1-s3" name="LoginPageTest">TestCases.LoginPageTest</stat>
<stat pass="2" fail="0" skip="0" id="s1-s4" name="MachineTranslationTest">TestCases.MachineTranslationTest</stat>
<stat pass="1" fail="0" skip="0" id="s1-s5" name="News">TestCases.News</stat>
<stat pass="1" fail="0" skip="0" id="s1-s6" name="PatentRelevancyCheckTest">TestCases.PatentRelevancyCheckTest</stat>
</suite>
</statistics>
<errors>
</errors>
</robot>
