<?xml version="1.0" encoding="UTF-8"?>
<robot generator="Robot 4.0.3 (Python 3.9.0 on win32)" generated="20210714 08:02:16.128" rpa="false" schemaversion="2">
<suite id="s1" name="TestCases" source="C:\Users\asutosh.jena\PycharmProjects\AIRA_Robot_Framework\TestCases">
<suite id="s1-s1" name="ArticleSummarizationTest" source="C:\Users\asutosh.jena\PycharmProjects\AIRA_Robot_Framework\TestCases\ArticleSummarizationTest.robot">
<test id="s1-s1-t1" name="ArticleSummerizationTest">
<kw name="Open My Browser" library="ArticleKeyword">
<arg>${url}</arg>
<arg>${browser}</arg>
<kw name="Open Browser" library="SeleniumLibrary">
<arg>${url}</arg>
<arg>${browser}</arg>
<doc>Opens a new browser instance to the optional ``url``.</doc>
<msg timestamp="20210714 08:02:16.402" level="INFO">Opening browser 'chrome' to base url 'https://aira.evalueserve.com/login'.</msg>
<status status="PASS" starttime="20210714 08:02:16.401" endtime="20210714 08:02:22.031"/>
</kw>
<kw name="Maximize Browser Window" library="SeleniumLibrary">
<doc>Maximizes current browser window.</doc>
<status status="PASS" starttime="20210714 08:02:22.031" endtime="20210714 08:02:22.379"/>
</kw>
<status status="PASS" starttime="20210714 08:02:16.401" endtime="20210714 08:02:22.380"/>
</kw>
<kw name="Enter User Name" library="ArticleKeyword">
<arg>${username}</arg>
<kw name="Input Text" library="SeleniumLibrary">
<arg>${txt_loginUserName}</arg>
<arg>${username}</arg>
<doc>Types the given ``text`` into the text field identified by ``locator``.</doc>
<msg timestamp="20210714 08:02:22.382" level="INFO">Typing text 'test@evalueserve.com' into text field 'name:email'.</msg>
<status status="PASS" starttime="20210714 08:02:22.382" endtime="20210714 08:02:22.527"/>
</kw>
<status status="PASS" starttime="20210714 08:02:22.381" endtime="20210714 08:02:22.527"/>
</kw>
<kw name="Enter Password" library="ArticleKeyword">
<arg>${password}</arg>
<kw name="Input Text" library="SeleniumLibrary">
<arg>${txt_loginPassword}</arg>
<arg>${password}</arg>
<doc>Types the given ``text`` into the text field identified by ``locator``.</doc>
<msg timestamp="20210714 08:02:22.529" level="INFO">Typing text 'evs1234$' into text field 'name:pass'.</msg>
<status status="PASS" starttime="20210714 08:02:22.527" endtime="20210714 08:02:22.618"/>
</kw>
<status status="PASS" starttime="20210714 08:02:22.527" endtime="20210714 08:02:22.618"/>
</kw>
<kw name="Sleep" library="BuiltIn">
<arg>3</arg>
<doc>Pauses the test executed for the given time.</doc>
<msg timestamp="20210714 08:02:25.621" level="INFO">Slept 3 seconds</msg>
<status status="PASS" starttime="20210714 08:02:22.618" endtime="20210714 08:02:25.621"/>
</kw>
<kw name="Submit" library="ArticleKeyword">
<kw name="Click Element" library="SeleniumLibrary">
<arg>xpath:/html/body/app-root/app-login/div/div/form/div[4]/input</arg>
<doc>Click the element identified by ``locator``.</doc>
<msg timestamp="20210714 08:02:25.623" level="INFO">Clicking element 'xpath:/html/body/app-root/app-login/div/div/form/div[4]/input'.</msg>
<status status="PASS" starttime="20210714 08:02:25.623" endtime="20210714 08:02:25.765"/>
</kw>
<status status="PASS" starttime="20210714 08:02:25.622" endtime="20210714 08:02:25.765"/>
</kw>
<kw name="Sleep" library="BuiltIn">
<arg>5</arg>
<doc>Pauses the test executed for the given time.</doc>
<msg timestamp="20210714 08:02:30.771" level="INFO">Slept 5 seconds</msg>
<status status="PASS" starttime="20210714 08:02:25.766" endtime="20210714 08:02:30.772"/>
</kw>
<kw name="Tools" library="ArticleKeyword">
<kw name="Click Element" library="SeleniumLibrary">
<arg>xpath://*[@id='navbarSupportedContent']/ul/li[1]</arg>
<doc>Click the element identified by ``locator``.</doc>
<msg timestamp="20210714 08:02:30.777" level="INFO">Clicking element 'xpath://*[@id='navbarSupportedContent']/ul/li[1]'.</msg>
<status status="PASS" starttime="20210714 08:02:30.776" endtime="20210714 08:02:30.878"/>
</kw>
<status status="PASS" starttime="20210714 08:02:30.775" endtime="20210714 08:02:30.879"/>
</kw>
<kw name="Article Summerization" library="ArticleKeyword">
<kw name="Click Element" library="SeleniumLibrary">
<arg>xpath://h3[contains(text(),'Article Summarization')]</arg>
<doc>Click the element identified by ``locator``.</doc>
<msg timestamp="20210714 08:02:30.880" level="INFO">Clicking element 'xpath://h3[contains(text(),'Article Summarization')]'.</msg>
<status status="PASS" starttime="20210714 08:02:30.880" endtime="20210714 08:02:31.012"/>
</kw>
<status status="PASS" starttime="20210714 08:02:30.879" endtime="20210714 08:02:31.012"/>
</kw>
<kw name="Language" library="ArticleKeyword">
<kw name="Click Element" library="SeleniumLibrary">
<arg>xpath:/html/body/app-root/app-home/app-article-summarization/div/div[2]/div/div[1]/div/div[2]/p-dropdown/div/div[2]/span</arg>
<doc>Click the element identified by ``locator``.</doc>
<msg timestamp="20210714 08:02:31.013" level="INFO">Clicking element 'xpath:/html/body/app-root/app-home/app-article-summarization/div/div[2]/div/div[1]/div/div[2]/p-dropdown/div/div[2]/span'.</msg>
<status status="PASS" starttime="20210714 08:02:31.013" endtime="20210714 08:02:31.091"/>
</kw>
<status status="PASS" starttime="20210714 08:02:31.012" endtime="20210714 08:02:31.091"/>
</kw>
<kw name="Select Language" library="ArticleKeyword">
<kw name="Click Element" library="SeleniumLibrary">
<arg>xpath://span[contains(text(),'English')]</arg>
<doc>Click the element identified by ``locator``.</doc>
<msg timestamp="20210714 08:02:31.093" level="INFO">Clicking element 'xpath://span[contains(text(),'English')]'.</msg>
<status status="PASS" starttime="20210714 08:02:31.092" endtime="20210714 08:02:31.144"/>
</kw>
<status status="PASS" starttime="20210714 08:02:31.092" endtime="20210714 08:02:31.145"/>
</kw>
<kw name="Sleep" library="BuiltIn">
<arg>3</arg>
<doc>Pauses the test executed for the given time.</doc>
<msg timestamp="20210714 08:02:34.160" level="INFO">Slept 3 seconds</msg>
<status status="PASS" starttime="20210714 08:02:31.146" endtime="20210714 08:02:34.160"/>
</kw>
<kw name="EnterLink" library="ArticleKeyword">
<kw name="Input Text" library="SeleniumLibrary">
<arg>xpath:/html/body/app-root/app-home/app-article-summarization/div/div[2]/div/div[2]/div[2]/div[1]/div/div[1]/input</arg>
<arg>${link}</arg>
<doc>Types the given ``text`` into the text field identified by ``locator``.</doc>
<msg timestamp="20210714 08:02:34.162" level="INFO">Typing text 'https://www.ndtv.com/education/online-classes-keep-students-in-maharashtras-slums-far-from-studies' into text field 'xpath:/html/body/app-root/app-home/app-article-summarization/div/div[2]/div/div[2]/div[2]/div[1]/div/div[1]/input'.</msg>
<status status="PASS" starttime="20210714 08:02:34.161" endtime="20210714 08:02:34.450"/>
</kw>
<status status="PASS" starttime="20210714 08:02:34.161" endtime="20210714 08:02:34.451"/>
</kw>
<kw name="Sleep" library="BuiltIn">
<arg>2</arg>
<doc>Pauses the test executed for the given time.</doc>
<msg timestamp="20210714 08:02:36.455" level="INFO">Slept 2 seconds</msg>
<status status="PASS" starttime="20210714 08:02:34.451" endtime="20210714 08:02:36.455"/>
</kw>
<kw name="GenerateSummary" library="ArticleKeyword">
<kw name="Click Element" library="SeleniumLibrary">
<arg>xpath://a[contains(text(),'Generate Summary')]</arg>
<doc>Click the element identified by ``locator``.</doc>
<msg timestamp="20210714 08:02:36.459" level="INFO">Clicking element 'xpath://a[contains(text(),'Generate Summary')]'.</msg>
<status status="PASS" starttime="20210714 08:02:36.458" endtime="20210714 08:02:36.566"/>
</kw>
<status status="PASS" starttime="20210714 08:02:36.456" endtime="20210714 08:02:36.566"/>
</kw>
<kw name="Capture Page Screenshot" library="SeleniumLibrary">
<arg>Article.png</arg>
<doc>Takes a screenshot of the current page and embeds it into a log file.</doc>
<msg timestamp="20210714 08:02:36.865" level="INFO" html="true">&lt;/td&gt;&lt;/tr&gt;&lt;tr&gt;&lt;td colspan="3"&gt;&lt;a href="Article.png"&gt;&lt;img src="Article.png" width="800px"&gt;&lt;/a&gt;</msg>
<status status="PASS" starttime="20210714 08:02:36.567" endtime="20210714 08:02:36.865"/>
</kw>
<kw name="Close My Browser" library="ArticleKeyword">
<kw name="Close All Browsers" library="SeleniumLibrary">
<doc>Closes all open browsers and resets the browser cache.</doc>
<status status="PASS" starttime="20210714 08:02:36.865" endtime="20210714 08:02:39.056"/>
</kw>
<status status="PASS" starttime="20210714 08:02:36.865" endtime="20210714 08:02:39.057"/>
</kw>
<status status="PASS" starttime="20210714 08:02:16.400" endtime="20210714 08:02:39.059"/>
</test>
<test id="s1-s1-t2" name="ArticleSummerizationBulkURLTest">
<kw name="Open My Browser" library="ArticleKeyword">
<arg>${url}</arg>
<arg>${browser}</arg>
<kw name="Open Browser" library="SeleniumLibrary">
<arg>${url}</arg>
<arg>${browser}</arg>
<doc>Opens a new browser instance to the optional ``url``.</doc>
<msg timestamp="20210714 08:02:39.066" level="INFO">Opening browser 'chrome' to base url 'https://aira.evalueserve.com/login'.</msg>
<status status="PASS" starttime="20210714 08:02:39.066" endtime="20210714 08:02:46.722"/>
</kw>
<kw name="Maximize Browser Window" library="SeleniumLibrary">
<doc>Maximizes current browser window.</doc>
<status status="PASS" starttime="20210714 08:02:46.723" endtime="20210714 08:02:46.861"/>
</kw>
<status status="PASS" starttime="20210714 08:02:39.065" endtime="20210714 08:02:46.861"/>
</kw>
<kw name="Enter User Name" library="ArticleKeyword">
<arg>${username}</arg>
<kw name="Input Text" library="SeleniumLibrary">
<arg>${txt_loginUserName}</arg>
<arg>${username}</arg>
<doc>Types the given ``text`` into the text field identified by ``locator``.</doc>
<msg timestamp="20210714 08:02:46.861" level="INFO">Typing text 'test@evalueserve.com' into text field 'name:email'.</msg>
<status status="PASS" starttime="20210714 08:02:46.861" endtime="20210714 08:02:47.008"/>
</kw>
<status status="PASS" starttime="20210714 08:02:46.861" endtime="20210714 08:02:47.008"/>
</kw>
<kw name="Enter Password" library="ArticleKeyword">
<arg>${password}</arg>
<kw name="Input Text" library="SeleniumLibrary">
<arg>${txt_loginPassword}</arg>
<arg>${password}</arg>
<doc>Types the given ``text`` into the text field identified by ``locator``.</doc>
<msg timestamp="20210714 08:02:47.011" level="INFO">Typing text 'evs1234$' into text field 'name:pass'.</msg>
<status status="PASS" starttime="20210714 08:02:47.010" endtime="20210714 08:02:47.108"/>
</kw>
<status status="PASS" starttime="20210714 08:02:47.009" endtime="20210714 08:02:47.108"/>
</kw>
<kw name="Sleep" library="BuiltIn">
<arg>3</arg>
<doc>Pauses the test executed for the given time.</doc>
<msg timestamp="20210714 08:02:50.123" level="INFO">Slept 3 seconds</msg>
<status status="PASS" starttime="20210714 08:02:47.108" endtime="20210714 08:02:50.123"/>
</kw>
<kw name="Submit" library="ArticleKeyword">
<kw name="Click Element" library="SeleniumLibrary">
<arg>xpath:/html/body/app-root/app-login/div/div/form/div[4]/input</arg>
<doc>Click the element identified by ``locator``.</doc>
<msg timestamp="20210714 08:02:50.124" level="INFO">Clicking element 'xpath:/html/body/app-root/app-login/div/div/form/div[4]/input'.</msg>
<status status="PASS" starttime="20210714 08:02:50.124" endtime="20210714 08:02:50.203"/>
</kw>
<status status="PASS" starttime="20210714 08:02:50.124" endtime="20210714 08:02:50.204"/>
</kw>
<kw name="Sleep" library="BuiltIn">
<arg>5</arg>
<doc>Pauses the test executed for the given time.</doc>
<msg timestamp="20210714 08:02:55.210" level="INFO">Slept 5 seconds</msg>
<status status="PASS" starttime="20210714 08:02:50.204" endtime="20210714 08:02:55.210"/>
</kw>
<kw name="Tools" library="ArticleKeyword">
<kw name="Click Element" library="SeleniumLibrary">
<arg>xpath://*[@id='navbarSupportedContent']/ul/li[1]</arg>
<doc>Click the element identified by ``locator``.</doc>
<msg timestamp="20210714 08:02:55.212" level="INFO">Clicking element 'xpath://*[@id='navbarSupportedContent']/ul/li[1]'.</msg>
<status status="PASS" starttime="20210714 08:02:55.211" endtime="20210714 08:02:55.283"/>
</kw>
<status status="PASS" starttime="20210714 08:02:55.211" endtime="20210714 08:02:55.283"/>
</kw>
<kw name="Article Summerization" library="ArticleKeyword">
<kw name="Click Element" library="SeleniumLibrary">
<arg>xpath://h3[contains(text(),'Article Summarization')]</arg>
<doc>Click the element identified by ``locator``.</doc>
<msg timestamp="20210714 08:02:55.285" level="INFO">Clicking element 'xpath://h3[contains(text(),'Article Summarization')]'.</msg>
<status status="PASS" starttime="20210714 08:02:55.285" endtime="20210714 08:02:55.420"/>
</kw>
<status status="PASS" starttime="20210714 08:02:55.284" endtime="20210714 08:02:55.420"/>
</kw>
<kw name="ClickOnRadio" library="ArticleKeyword">
<kw name="Click Element" library="SeleniumLibrary">
<arg>xpath://body/app-root[1]/app-home[1]/app-article-summarization[1]/div[1]/div[2]/div[1]/div[1]/div[1]/div[1]/div[2]/p-radiobutton[1]/div[1]/div[2]/span[1]</arg>
<doc>Click the element identified by ``locator``.</doc>
<msg timestamp="20210714 08:02:55.422" level="INFO">Clicking element 'xpath://body/app-root[1]/app-home[1]/app-article-summarization[1]/div[1]/div[2]/div[1]/div[1]/div[1]/div[1]/div[2]/p-radiobutton[1]/div[1]/div[2]/span[1]'.</msg>
<status status="PASS" starttime="20210714 08:02:55.422" endtime="20210714 08:02:55.563"/>
</kw>
<status status="PASS" starttime="20210714 08:02:55.421" endtime="20210714 08:02:55.564"/>
</kw>
<kw name="Language" library="ArticleKeyword">
<kw name="Click Element" library="SeleniumLibrary">
<arg>xpath:/html/body/app-root/app-home/app-article-summarization/div/div[2]/div/div[1]/div/div[2]/p-dropdown/div/div[2]/span</arg>
<doc>Click the element identified by ``locator``.</doc>
<msg timestamp="20210714 08:02:55.566" level="INFO">Clicking element 'xpath:/html/body/app-root/app-home/app-article-summarization/div/div[2]/div/div[1]/div/div[2]/p-dropdown/div/div[2]/span'.</msg>
<status status="PASS" starttime="20210714 08:02:55.565" endtime="20210714 08:02:55.660"/>
</kw>
<status status="PASS" starttime="20210714 08:02:55.565" endtime="20210714 08:02:55.660"/>
</kw>
<kw name="Select Language" library="ArticleKeyword">
<kw name="Click Element" library="SeleniumLibrary">
<arg>xpath://span[contains(text(),'English')]</arg>
<doc>Click the element identified by ``locator``.</doc>
<msg timestamp="20210714 08:02:55.662" level="INFO">Clicking element 'xpath://span[contains(text(),'English')]'.</msg>
<status status="PASS" starttime="20210714 08:02:55.662" endtime="20210714 08:02:55.729"/>
</kw>
<status status="PASS" starttime="20210714 08:02:55.661" endtime="20210714 08:02:55.730"/>
</kw>
<kw name="FileUploadButton" library="ArticleKeyword">
<kw name="Wait Until Element Is Enabled" library="SeleniumLibrary">
<arg>xpath:/html/body/app-root/app-home/app-article-summarization/div/div[2]/div/div[2]/div/div/div/div[1]/p-fileupload/div/div[1]/span</arg>
<doc>Waits until the element ``locator`` is enabled.</doc>
<status status="PASS" starttime="20210714 08:02:55.731" endtime="20210714 08:02:55.761"/>
</kw>
<kw name="Click Element" library="SeleniumLibrary">
<arg>xpath:/html/body/app-root/app-home/app-article-summarization/div/div[2]/div/div[2]/div/div/div/div[1]/p-fileupload/div/div[1]/span</arg>
<doc>Click the element identified by ``locator``.</doc>
<msg timestamp="20210714 08:02:55.762" level="INFO">Clicking element 'xpath:/html/body/app-root/app-home/app-article-summarization/div/div[2]/div/div[2]/div/div/div/div[1]/p-fileupload/div/div[1]/span'.</msg>
<status status="PASS" starttime="20210714 08:02:55.762" endtime="20210714 08:02:55.824"/>
</kw>
<status status="PASS" starttime="20210714 08:02:55.730" endtime="20210714 08:02:55.824"/>
</kw>
<kw name="SelectFile" library="ArticleKeyword">
<kw name="Wait Until Element Is Enabled" library="SeleniumLibrary">
<arg>xpath:/html/body/app-root/app-home/app-article-summarization/div/div[2]/div/div[2]/div/div/div/div[1]/p-fileupload/div/div[1]/span/input</arg>
<doc>Waits until the element ``locator`` is enabled.</doc>
<status status="PASS" starttime="20210714 08:02:55.825" endtime="20210714 08:02:55.856"/>
</kw>
<kw name="Choose File" library="SeleniumLibrary">
<arg>xpath:/html/body/app-root/app-home/app-article-summarization/div/div[2]/div/div[2]/div/div/div/div[1]/p-fileupload/div/div[1]/span/input</arg>
<arg>C:/Users/asutosh.jena/Documents/AI Playground/upload data/summery/bulkurl.xlsx</arg>
<doc>Inputs the ``file_path`` into the file input field ``locator``.</doc>
<msg timestamp="20210714 08:02:55.858" level="INFO">Sending C:\Users\asutosh.jena\Documents\AI Playground\upload data\summery\bulkurl.xlsx to browser.</msg>
<status status="PASS" starttime="20210714 08:02:55.857" endtime="20210714 08:02:55.984"/>
</kw>
<status status="PASS" starttime="20210714 08:02:55.825" endtime="20210714 08:02:55.985"/>
</kw>
<kw name="Sleep" library="BuiltIn">
<arg>2</arg>
<doc>Pauses the test executed for the given time.</doc>
<msg timestamp="20210714 08:02:58.012" level="INFO">Slept 2 seconds</msg>
<status status="PASS" starttime="20210714 08:02:55.985" endtime="20210714 08:02:58.013"/>
</kw>
<kw name="GenerateSummary1" library="ArticleKeyword">
<kw name="Click Element" library="SeleniumLibrary">
<arg>xpath:/html/body/app-root/app-home/app-article-summarization/div/div[2]/div/div[2]/div/div/div/div[2]/button</arg>
<doc>Click the element identified by ``locator``.</doc>
<msg timestamp="20210714 08:02:58.019" level="INFO">Clicking element 'xpath:/html/body/app-root/app-home/app-article-summarization/div/div[2]/div/div[2]/div/div/div/div[2]/button'.</msg>
<status status="PASS" starttime="20210714 08:02:58.018" endtime="20210714 08:02:58.193"/>
</kw>
<status status="PASS" starttime="20210714 08:02:58.013" endtime="20210714 08:02:58.194"/>
</kw>
<kw name="Capture Page Screenshot" library="SeleniumLibrary">
<arg>ArticleBulk.png</arg>
<doc>Takes a screenshot of the current page and embeds it into a log file.</doc>
<msg timestamp="20210714 08:02:58.450" level="INFO" html="true">&lt;/td&gt;&lt;/tr&gt;&lt;tr&gt;&lt;td colspan="3"&gt;&lt;a href="ArticleBulk.png"&gt;&lt;img src="ArticleBulk.png" width="800px"&gt;&lt;/a&gt;</msg>
<status status="PASS" starttime="20210714 08:02:58.195" endtime="20210714 08:02:58.450"/>
</kw>
<kw name="Close My Browser" library="ArticleKeyword">
<kw name="Close All Browsers" library="SeleniumLibrary">
<doc>Closes all open browsers and resets the browser cache.</doc>
<status status="PASS" starttime="20210714 08:02:58.453" endtime="20210714 08:03:02.374"/>
</kw>
<status status="PASS" starttime="20210714 08:02:58.450" endtime="20210714 08:03:02.374"/>
</kw>
<status status="PASS" starttime="20210714 08:02:39.064" endtime="20210714 08:03:02.377"/>
</test>
<status status="PASS" starttime="20210714 08:02:16.159" endtime="20210714 08:03:02.378"/>
</suite>
<suite id="s1-s2" name="AutoMLTest" source="C:\Users\asutosh.jena\PycharmProjects\AIRA_Robot_Framework\TestCases\AutoMLTest.robot">
<test id="s1-s2-t1" name="AutoMLTest">
<kw name="Open My Browser" library="AutoKeyword">
<arg>${url}</arg>
<arg>${browser}</arg>
<kw name="Open Browser" library="SeleniumLibrary">
<arg>${url}</arg>
<arg>${browser}</arg>
<doc>Opens a new browser instance to the optional ``url``.</doc>
<msg timestamp="20210714 08:03:02.429" level="INFO">Opening browser 'chrome' to base url 'https://aira.evalueserve.com/login'.</msg>
<status status="PASS" starttime="20210714 08:03:02.429" endtime="20210714 08:03:08.121"/>
</kw>
<kw name="Maximize Browser Window" library="SeleniumLibrary">
<doc>Maximizes current browser window.</doc>
<status status="PASS" starttime="20210714 08:03:08.121" endtime="20210714 08:03:08.245"/>
</kw>
<status status="PASS" starttime="20210714 08:03:02.427" endtime="20210714 08:03:08.246"/>
</kw>
<kw name="Enter User Name" library="AutoKeyword">
<arg>${username}</arg>
<kw name="Input Text" library="SeleniumLibrary">
<arg>${txt_loginUserName}</arg>
<arg>${username}</arg>
<doc>Types the given ``text`` into the text field identified by ``locator``.</doc>
<msg timestamp="20210714 08:03:08.248" level="INFO">Typing text 'test@evalueserve.com' into text field 'name:email'.</msg>
<status status="PASS" starttime="20210714 08:03:08.247" endtime="20210714 08:03:08.364"/>
</kw>
<status status="PASS" starttime="20210714 08:03:08.247" endtime="20210714 08:03:08.364"/>
</kw>
<kw name="Enter Password" library="AutoKeyword">
<arg>${password}</arg>
<kw name="Input Text" library="SeleniumLibrary">
<arg>${txt_loginPassword}</arg>
<arg>${password}</arg>
<doc>Types the given ``text`` into the text field identified by ``locator``.</doc>
<msg timestamp="20210714 08:03:08.366" level="INFO">Typing text 'evs1234$' into text field 'name:pass'.</msg>
<status status="PASS" starttime="20210714 08:03:08.366" endtime="20210714 08:03:08.450"/>
</kw>
<status status="PASS" starttime="20210714 08:03:08.364" endtime="20210714 08:03:08.450"/>
</kw>
<kw name="Sleep" library="BuiltIn">
<arg>2</arg>
<doc>Pauses the test executed for the given time.</doc>
<msg timestamp="20210714 08:03:10.460" level="INFO">Slept 2 seconds</msg>
<status status="PASS" starttime="20210714 08:03:08.450" endtime="20210714 08:03:10.460"/>
</kw>
<kw name="Submit" library="AutoKeyword">
<kw name="Click Element" library="SeleniumLibrary">
<arg>xpath:/html/body/app-root/app-login/div/div/form/div[4]/input</arg>
<doc>Click the element identified by ``locator``.</doc>
<msg timestamp="20210714 08:03:10.461" level="INFO">Clicking element 'xpath:/html/body/app-root/app-login/div/div/form/div[4]/input'.</msg>
<status status="PASS" starttime="20210714 08:03:10.461" endtime="20210714 08:03:10.510"/>
</kw>
<status status="PASS" starttime="20210714 08:03:10.461" endtime="20210714 08:03:10.510"/>
</kw>
<kw name="Sleep" library="BuiltIn">
<arg>4</arg>
<doc>Pauses the test executed for the given time.</doc>
<msg timestamp="20210714 08:03:14.526" level="INFO">Slept 4 seconds</msg>
<status status="PASS" starttime="20210714 08:03:10.510" endtime="20210714 08:03:14.526"/>
</kw>
<kw name="Tools" library="AutoKeyword">
<kw name="Click Element" library="SeleniumLibrary">
<arg>xpath://*[@id='navbarSupportedContent']/ul/li[1]</arg>
<doc>Click the element identified by ``locator``.</doc>
<msg timestamp="20210714 08:03:14.528" level="INFO">Clicking element 'xpath://*[@id='navbarSupportedContent']/ul/li[1]'.</msg>
<status status="PASS" starttime="20210714 08:03:14.528" endtime="20210714 08:03:14.684"/>
</kw>
<status status="PASS" starttime="20210714 08:03:14.528" endtime="20210714 08:03:14.685"/>
</kw>
<kw name="ClickOnAutoML" library="AutoKeyword">
<kw name="Click Element" library="SeleniumLibrary">
<arg>xpath://div[1]/div[2]/a/div[2]/h3</arg>
<doc>Click the element identified by ``locator``.</doc>
<msg timestamp="20210714 08:03:14.687" level="INFO">Clicking element 'xpath://div[1]/div[2]/a/div[2]/h3'.</msg>
<status status="PASS" starttime="20210714 08:03:14.686" endtime="20210714 08:03:14.823"/>
</kw>
<status status="PASS" starttime="20210714 08:03:14.686" endtime="20210714 08:03:14.823"/>
</kw>
<kw name="FileUploadButton" library="AutoKeyword">
<kw name="Wait Until Element Is Enabled" library="SeleniumLibrary">
<arg>xpath:/html/body/app-root/app-home/app-auto-ml/div/div[2]/div/div[2]/div/div/div/div/p-fileupload/div/div[1]/span</arg>
<doc>Waits until the element ``locator`` is enabled.</doc>
<status status="PASS" starttime="20210714 08:03:14.824" endtime="20210714 08:03:14.855"/>
</kw>
<kw name="Click Element" library="SeleniumLibrary">
<arg>xpath:/html/body/app-root/app-home/app-auto-ml/div/div[2]/div/div[2]/div/div/div/div/p-fileupload/div/div[1]/span</arg>
<doc>Click the element identified by ``locator``.</doc>
<msg timestamp="20210714 08:03:14.855" level="INFO">Clicking element 'xpath:/html/body/app-root/app-home/app-auto-ml/div/div[2]/div/div[2]/div/div/div/div/p-fileupload/div/div[1]/span'.</msg>
<kw name="Capture Page Screenshot" library="SeleniumLibrary">
<doc>Takes a screenshot of the current page and embeds it into a log file.</doc>
<msg timestamp="20210714 08:03:15.355" level="INFO" html="true">&lt;/td&gt;&lt;/tr&gt;&lt;tr&gt;&lt;td colspan="3"&gt;&lt;a href="selenium-screenshot-6.png"&gt;&lt;img src="selenium-screenshot-6.png" width="800px"&gt;&lt;/a&gt;</msg>
<status status="PASS" starttime="20210714 08:03:15.002" endtime="20210714 08:03:15.356"/>
</kw>
<msg timestamp="20210714 08:03:15.365" level="FAIL">StaleElementReferenceException: Message: stale element reference: element is not attached to the page document
  (Session info: chrome=91.0.4472.124)
</msg>
<status status="FAIL" starttime="20210714 08:03:14.855" endtime="20210714 08:03:15.365"/>
</kw>
<status status="FAIL" starttime="20210714 08:03:14.824" endtime="20210714 08:03:15.366"/>
</kw>
<kw name="SelectFile" library="AutoKeyword">
<status status="NOT RUN" starttime="20210714 08:03:15.366" endtime="20210714 08:03:15.366"/>
</kw>
<kw name="ClickOnLanguage" library="AutoKeyword">
<status status="NOT RUN" starttime="20210714 08:03:15.367" endtime="20210714 08:03:15.367"/>
</kw>
<kw name="SelectLanguage" library="AutoKeyword">
<status status="NOT RUN" starttime="20210714 08:03:15.367" endtime="20210714 08:03:15.367"/>
</kw>
<kw name="ClickOnDecesionTree" library="AutoKeyword">
<status status="NOT RUN" starttime="20210714 08:03:15.367" endtime="20210714 08:03:15.367"/>
</kw>
<kw name="ClickOnCountVectorizer" library="AutoKeyword">
<status status="NOT RUN" starttime="20210714 08:03:15.367" endtime="20210714 08:03:15.367"/>
</kw>
<kw name="ClickOnStartTraining" library="AutoKeyword">
<status status="NOT RUN" starttime="20210714 08:03:15.367" endtime="20210714 08:03:15.367"/>
</kw>
<kw name="Sleep" library="BuiltIn">
<arg>30</arg>
<doc>Pauses the test executed for the given time.</doc>
<status status="NOT RUN" starttime="20210714 08:03:15.367" endtime="20210714 08:03:15.367"/>
</kw>
<kw name="ClickOnCheckbox" library="AutoKeyword">
<status status="NOT RUN" starttime="20210714 08:03:15.367" endtime="20210714 08:03:15.367"/>
</kw>
<kw name="ClickonSave" library="AutoKeyword">
<status status="NOT RUN" starttime="20210714 08:03:15.367" endtime="20210714 08:03:15.367"/>
</kw>
<kw name="PopUpBox" library="AutoKeyword">
<status status="NOT RUN" starttime="20210714 08:03:15.367" endtime="20210714 08:03:15.367"/>
</kw>
<kw name="ClickOnCloseProject" library="AutoKeyword">
<status status="NOT RUN" starttime="20210714 08:03:15.367" endtime="20210714 08:03:15.367"/>
</kw>
<kw name="Sleep" library="BuiltIn">
<arg>20</arg>
<doc>Pauses the test executed for the given time.</doc>
<status status="NOT RUN" starttime="20210714 08:03:15.370" endtime="20210714 08:03:15.370"/>
</kw>
<kw name="Capture Page Screenshot" library="SeleniumLibrary">
<arg>AuoML.png</arg>
<doc>Takes a screenshot of the current page and embeds it into a log file.</doc>
<status status="NOT RUN" starttime="20210714 08:03:15.370" endtime="20210714 08:03:15.370"/>
</kw>
<kw name="Close My Browser" library="AutoKeyword">
<status status="NOT RUN" starttime="20210714 08:03:15.370" endtime="20210714 08:03:15.370"/>
</kw>
<status status="FAIL" starttime="20210714 08:03:02.427" endtime="20210714 08:03:15.370">StaleElementReferenceException: Message: stale element reference: element is not attached to the page document
  (Session info: chrome=91.0.4472.124)
</status>
</test>
<status status="FAIL" starttime="20210714 08:03:02.380" endtime="20210714 08:03:15.370"/>
</suite>
<suite id="s1-s3" name="LoginPageTest" source="C:\Users\asutosh.jena\PycharmProjects\AIRA_Robot_Framework\TestCases\LoginPageTest.robot">
<test id="s1-s3-t1" name="LoginTest">
<kw name="Open My Browser" library="LoginKeywords">
<arg>${url}</arg>
<arg>${browser}</arg>
<kw name="Open Browser" library="SeleniumLibrary">
<arg>${url}</arg>
<arg>${browser}</arg>
<doc>Opens a new browser instance to the optional ``url``.</doc>
<msg timestamp="20210714 08:03:15.382" level="INFO">Opening browser 'chrome' to base url 'https://aira.evalueserve.com/login'.</msg>
<status status="PASS" starttime="20210714 08:03:15.381" endtime="20210714 08:03:20.669"/>
</kw>
<kw name="Maximize Browser Window" library="SeleniumLibrary">
<doc>Maximizes current browser window.</doc>
<status status="PASS" starttime="20210714 08:03:20.670" endtime="20210714 08:03:20.802"/>
</kw>
<status status="PASS" starttime="20210714 08:03:15.380" endtime="20210714 08:03:20.803"/>
</kw>
<kw name="Enter User Name" library="LoginKeywords">
<arg>${username}</arg>
<kw name="Input Text" library="SeleniumLibrary">
<arg>${txt_loginUserName}</arg>
<arg>${username}</arg>
<doc>Types the given ``text`` into the text field identified by ``locator``.</doc>
<msg timestamp="20210714 08:03:20.804" level="INFO">Typing text 'test@evalueserve.com' into text field 'name:email'.</msg>
<status status="PASS" starttime="20210714 08:03:20.804" endtime="20210714 08:03:20.904"/>
</kw>
<status status="PASS" starttime="20210714 08:03:20.803" endtime="20210714 08:03:20.904"/>
</kw>
<kw name="Enter Password" library="LoginKeywords">
<arg>${password}</arg>
<kw name="Input Text" library="SeleniumLibrary">
<arg>${txt_loginPassword}</arg>
<arg>${password}</arg>
<doc>Types the given ``text`` into the text field identified by ``locator``.</doc>
<msg timestamp="20210714 08:03:20.906" level="INFO">Typing text 'evs1234$' into text field 'name:pass'.</msg>
<status status="PASS" starttime="20210714 08:03:20.905" endtime="20210714 08:03:20.990"/>
</kw>
<status status="PASS" starttime="20210714 08:03:20.905" endtime="20210714 08:03:20.990"/>
</kw>
<kw name="Submitclick" library="LoginKeywords">
<kw name="Click Element" library="SeleniumLibrary">
<arg>xpath:/html/body/app-root/app-login/div/div/form/div[4]/input</arg>
<doc>Click the element identified by ``locator``.</doc>
<msg timestamp="20210714 08:03:20.991" level="INFO">Clicking element 'xpath:/html/body/app-root/app-login/div/div/form/div[4]/input'.</msg>
<status status="PASS" starttime="20210714 08:03:20.991" endtime="20210714 08:03:21.046"/>
</kw>
<status status="PASS" starttime="20210714 08:03:20.990" endtime="20210714 08:03:21.046"/>
</kw>
<kw name="Capture Page Screenshot" library="SeleniumLibrary">
<arg>Login.png</arg>
<doc>Takes a screenshot of the current page and embeds it into a log file.</doc>
<msg timestamp="20210714 08:03:21.336" level="INFO" html="true">&lt;/td&gt;&lt;/tr&gt;&lt;tr&gt;&lt;td colspan="3"&gt;&lt;a href="Login.png"&gt;&lt;img src="Login.png" width="800px"&gt;&lt;/a&gt;</msg>
<status status="PASS" starttime="20210714 08:03:21.047" endtime="20210714 08:03:21.336"/>
</kw>
<kw name="Close My Browser" library="LoginKeywords">
<kw name="Close All Browsers" library="SeleniumLibrary">
<doc>Closes all open browsers and resets the browser cache.</doc>
<status status="PASS" starttime="20210714 08:03:21.337" endtime="20210714 08:03:25.801"/>
</kw>
<status status="PASS" starttime="20210714 08:03:21.336" endtime="20210714 08:03:25.802"/>
</kw>
<status status="PASS" starttime="20210714 08:03:15.380" endtime="20210714 08:03:25.805"/>
</test>
<status status="PASS" starttime="20210714 08:03:15.372" endtime="20210714 08:03:25.808"/>
</suite>
<suite id="s1-s4" name="MachineTranslationTest" source="C:\Users\asutosh.jena\PycharmProjects\AIRA_Robot_Framework\TestCases\MachineTranslationTest.robot">
<test id="s1-s4-t1" name="MachineTranslationTest">
<kw name="Open My Browser" library="MachineKeyword">
<arg>${url}</arg>
<arg>${browser}</arg>
<kw name="Open Browser" library="SeleniumLibrary">
<arg>${url}</arg>
<arg>${browser}</arg>
<doc>Opens a new browser instance to the optional ``url``.</doc>
<msg timestamp="20210714 08:03:25.849" level="INFO">Opening browser 'chrome' to base url 'https://aira.evalueserve.com/login'.</msg>
<status status="PASS" starttime="20210714 08:03:25.848" endtime="20210714 08:03:31.625"/>
</kw>
<kw name="Maximize Browser Window" library="SeleniumLibrary">
<doc>Maximizes current browser window.</doc>
<status status="PASS" starttime="20210714 08:03:31.625" endtime="20210714 08:03:31.744"/>
</kw>
<status status="PASS" starttime="20210714 08:03:25.847" endtime="20210714 08:03:31.744"/>
</kw>
<kw name="Enter User Name" library="MachineKeyword">
<arg>${username}</arg>
<kw name="Input Text" library="SeleniumLibrary">
<arg>${txt_loginUserName}</arg>
<arg>${username}</arg>
<doc>Types the given ``text`` into the text field identified by ``locator``.</doc>
<msg timestamp="20210714 08:03:31.746" level="INFO">Typing text 'test@evalueserve.com' into text field 'name:email'.</msg>
<status status="PASS" starttime="20210714 08:03:31.745" endtime="20210714 08:03:31.862"/>
</kw>
<status status="PASS" starttime="20210714 08:03:31.745" endtime="20210714 08:03:31.863"/>
</kw>
<kw name="Enter Password" library="MachineKeyword">
<arg>${password}</arg>
<kw name="Input Text" library="SeleniumLibrary">
<arg>${txt_loginPassword}</arg>
<arg>${password}</arg>
<doc>Types the given ``text`` into the text field identified by ``locator``.</doc>
<msg timestamp="20210714 08:03:31.865" level="INFO">Typing text 'evs1234$' into text field 'name:pass'.</msg>
<status status="PASS" starttime="20210714 08:03:31.864" endtime="20210714 08:03:31.969"/>
</kw>
<status status="PASS" starttime="20210714 08:03:31.863" endtime="20210714 08:03:31.969"/>
</kw>
<kw name="Sleep" library="BuiltIn">
<arg>2</arg>
<doc>Pauses the test executed for the given time.</doc>
<msg timestamp="20210714 08:03:33.986" level="INFO">Slept 2 seconds</msg>
<status status="PASS" starttime="20210714 08:03:31.969" endtime="20210714 08:03:33.986"/>
</kw>
<kw name="Submit" library="MachineKeyword">
<kw name="Click Element" library="SeleniumLibrary">
<arg>xpath:/html/body/app-root/app-login/div/div/form/div[4]/input</arg>
<doc>Click the element identified by ``locator``.</doc>
<msg timestamp="20210714 08:03:33.989" level="INFO">Clicking element 'xpath:/html/body/app-root/app-login/div/div/form/div[4]/input'.</msg>
<status status="PASS" starttime="20210714 08:03:33.988" endtime="20210714 08:03:34.126"/>
</kw>
<status status="PASS" starttime="20210714 08:03:33.987" endtime="20210714 08:03:34.127"/>
</kw>
<kw name="Sleep" library="BuiltIn">
<arg>5</arg>
<doc>Pauses the test executed for the given time.</doc>
<msg timestamp="20210714 08:03:39.129" level="INFO">Slept 5 seconds</msg>
<status status="PASS" starttime="20210714 08:03:34.127" endtime="20210714 08:03:39.129"/>
</kw>
<kw name="Tools" library="MachineKeyword">
<kw name="Click Element" library="SeleniumLibrary">
<arg>xpath://*[@id='navbarSupportedContent']/ul/li[1]</arg>
<doc>Click the element identified by ``locator``.</doc>
<msg timestamp="20210714 08:03:39.129" level="INFO">Clicking element 'xpath://*[@id='navbarSupportedContent']/ul/li[1]'.</msg>
<status status="PASS" starttime="20210714 08:03:39.129" endtime="20210714 08:03:39.249"/>
</kw>
<status status="PASS" starttime="20210714 08:03:39.129" endtime="20210714 08:03:39.249"/>
</kw>
<kw name="MachineTranslation" library="MachineKeyword">
<kw name="Click Element" library="SeleniumLibrary">
<arg>xpath://h3[contains(text(),'Machine Translation')]</arg>
<doc>Click the element identified by ``locator``.</doc>
<msg timestamp="20210714 08:03:39.252" level="INFO">Clicking element 'xpath://h3[contains(text(),'Machine Translation')]'.</msg>
<status status="PASS" starttime="20210714 08:03:39.251" endtime="20210714 08:03:39.352"/>
</kw>
<status status="PASS" starttime="20210714 08:03:39.250" endtime="20210714 08:03:39.352"/>
</kw>
<kw name="ClickOnInputLanguage" library="MachineKeyword">
<kw name="Click Element" library="SeleniumLibrary">
<arg>xpath:/html/body/app-root/app-home/app-machine-translation/div/div[2]/div/div[1]/div/div[2]/p-dropdown/div/div[2]</arg>
<doc>Click the element identified by ``locator``.</doc>
<msg timestamp="20210714 08:03:39.353" level="INFO">Clicking element 'xpath:/html/body/app-root/app-home/app-machine-translation/div/div[2]/div/div[1]/div/div[2]/p-dropdown/div/div[2]'.</msg>
<status status="PASS" starttime="20210714 08:03:39.353" endtime="20210714 08:03:39.484"/>
</kw>
<status status="PASS" starttime="20210714 08:03:39.352" endtime="20210714 08:03:39.484"/>
</kw>
<kw name="SelectInputLanguage" library="MachineKeyword">
<kw name="Click Element" library="SeleniumLibrary">
<arg>xpath://span[contains(text(),'English')]</arg>
<doc>Click the element identified by ``locator``.</doc>
<msg timestamp="20210714 08:03:39.484" level="INFO">Clicking element 'xpath://span[contains(text(),'English')]'.</msg>
<status status="PASS" starttime="20210714 08:03:39.484" endtime="20210714 08:03:39.545"/>
</kw>
<status status="PASS" starttime="20210714 08:03:39.484" endtime="20210714 08:03:39.545"/>
</kw>
<kw name="ClickOnOutputLanguage" library="MachineKeyword">
<kw name="Click Element" library="SeleniumLibrary">
<arg>xpath:/html/body/app-root/app-home/app-machine-translation/div/div[2]/div/div[1]/div/div[3]/p-dropdown/div</arg>
<doc>Click the element identified by ``locator``.</doc>
<msg timestamp="20210714 08:03:39.546" level="INFO">Clicking element 'xpath:/html/body/app-root/app-home/app-machine-translation/div/div[2]/div/div[1]/div/div[3]/p-dropdown/div'.</msg>
<status status="PASS" starttime="20210714 08:03:39.546" endtime="20210714 08:03:39.679"/>
</kw>
<status status="PASS" starttime="20210714 08:03:39.545" endtime="20210714 08:03:39.679"/>
</kw>
<kw name="SelectOutputLanguage" library="MachineKeyword">
<kw name="Click Element" library="SeleniumLibrary">
<arg>xpath:/html/body/app-root/app-home/app-machine-translation/div/div[2]/div/div[1]/div/div[3]/p-dropdown/div/div[4]/div[2]/ul/p-dropdownitem[7]/li/span</arg>
<doc>Click the element identified by ``locator``.</doc>
<msg timestamp="20210714 08:03:39.679" level="INFO">Clicking element 'xpath:/html/body/app-root/app-home/app-machine-translation/div/div[2]/div/div[1]/div/div[3]/p-dropdown/div/div[4]/div[2]/ul/p-dropdownitem[7]/li/span'.</msg>
<status status="PASS" starttime="20210714 08:03:39.679" endtime="20210714 08:03:39.753"/>
</kw>
<status status="PASS" starttime="20210714 08:03:39.679" endtime="20210714 08:03:39.753"/>
</kw>
<kw name="ClickOnPasteText" library="MachineKeyword">
<kw name="Input Text" library="SeleniumLibrary">
<arg>xpath:/html/body/app-root/app-home/app-machine-translation/div/div[2]/div/div[2]/div[2]/div/div/div[1]/textarea</arg>
<arg>How to claim income tax refund</arg>
<doc>Types the given ``text`` into the text field identified by ``locator``.</doc>
<msg timestamp="20210714 08:03:39.755" level="INFO">Typing text 'How to claim income tax refund' into text field 'xpath:/html/body/app-root/app-home/app-machine-translation/div/div[2]/div/div[2]/div[2]/div/div/div[1]/textarea'.</msg>
<status status="PASS" starttime="20210714 08:03:39.754" endtime="20210714 08:03:39.944"/>
</kw>
<status status="PASS" starttime="20210714 08:03:39.754" endtime="20210714 08:03:39.945"/>
</kw>
<kw name="ClickTranslate" library="MachineKeyword">
<kw name="Click Element" library="SeleniumLibrary">
<arg>xpath://a[contains(text(),'Translate Text')]</arg>
<doc>Click the element identified by ``locator``.</doc>
<msg timestamp="20210714 08:03:39.947" level="INFO">Clicking element 'xpath://a[contains(text(),'Translate Text')]'.</msg>
<status status="PASS" starttime="20210714 08:03:39.947" endtime="20210714 08:03:40.056"/>
</kw>
<status status="PASS" starttime="20210714 08:03:39.946" endtime="20210714 08:03:40.057"/>
</kw>
<kw name="Sleep" library="BuiltIn">
<arg>4</arg>
<doc>Pauses the test executed for the given time.</doc>
<msg timestamp="20210714 08:03:44.061" level="INFO">Slept 4 seconds</msg>
<status status="PASS" starttime="20210714 08:03:40.059" endtime="20210714 08:03:44.062"/>
</kw>
<kw name="Capture Page Screenshot" library="SeleniumLibrary">
<arg>Machine.png</arg>
<doc>Takes a screenshot of the current page and embeds it into a log file.</doc>
<msg timestamp="20210714 08:03:44.219" level="INFO" html="true">&lt;/td&gt;&lt;/tr&gt;&lt;tr&gt;&lt;td colspan="3"&gt;&lt;a href="Machine.png"&gt;&lt;img src="Machine.png" width="800px"&gt;&lt;/a&gt;</msg>
<status status="PASS" starttime="20210714 08:03:44.063" endtime="20210714 08:03:44.219"/>
</kw>
<kw name="Close My Browser" library="MachineKeyword">
<kw name="Close All Browsers" library="SeleniumLibrary">
<doc>Closes all open browsers and resets the browser cache.</doc>
<status status="PASS" starttime="20210714 08:03:44.221" endtime="20210714 08:03:46.420"/>
</kw>
<status status="PASS" starttime="20210714 08:03:44.220" endtime="20210714 08:03:46.420"/>
</kw>
<status status="PASS" starttime="20210714 08:03:25.846" endtime="20210714 08:03:46.421"/>
</test>
<test id="s1-s4-t2" name="MachineTranslationUploadTest">
<kw name="Open My Browser" library="MachineKeyword">
<arg>${url}</arg>
<arg>${browser}</arg>
<kw name="Open Browser" library="SeleniumLibrary">
<arg>${url}</arg>
<arg>${browser}</arg>
<doc>Opens a new browser instance to the optional ``url``.</doc>
<msg timestamp="20210714 08:03:46.423" level="INFO">Opening browser 'chrome' to base url 'https://aira.evalueserve.com/login'.</msg>
<status status="PASS" starttime="20210714 08:03:46.423" endtime="20210714 08:03:51.711"/>
</kw>
<kw name="Maximize Browser Window" library="SeleniumLibrary">
<doc>Maximizes current browser window.</doc>
<status status="PASS" starttime="20210714 08:03:51.711" endtime="20210714 08:03:51.839"/>
</kw>
<status status="PASS" starttime="20210714 08:03:46.422" endtime="20210714 08:03:51.839"/>
</kw>
<kw name="Enter User Name" library="MachineKeyword">
<arg>${username}</arg>
<kw name="Input Text" library="SeleniumLibrary">
<arg>${txt_loginUserName}</arg>
<arg>${username}</arg>
<doc>Types the given ``text`` into the text field identified by ``locator``.</doc>
<msg timestamp="20210714 08:03:51.840" level="INFO">Typing text 'test@evalueserve.com' into text field 'name:email'.</msg>
<status status="PASS" starttime="20210714 08:03:51.840" endtime="20210714 08:03:51.945"/>
</kw>
<status status="PASS" starttime="20210714 08:03:51.839" endtime="20210714 08:03:51.945"/>
</kw>
<kw name="Enter Password" library="MachineKeyword">
<arg>${password}</arg>
<kw name="Input Text" library="SeleniumLibrary">
<arg>${txt_loginPassword}</arg>
<arg>${password}</arg>
<doc>Types the given ``text`` into the text field identified by ``locator``.</doc>
<msg timestamp="20210714 08:03:51.946" level="INFO">Typing text 'evs1234$' into text field 'name:pass'.</msg>
<status status="PASS" starttime="20210714 08:03:51.946" endtime="20210714 08:03:52.047"/>
</kw>
<status status="PASS" starttime="20210714 08:03:51.946" endtime="20210714 08:03:52.047"/>
</kw>
<kw name="Sleep" library="BuiltIn">
<arg>2</arg>
<doc>Pauses the test executed for the given time.</doc>
<msg timestamp="20210714 08:03:54.063" level="INFO">Slept 2 seconds</msg>
<status status="PASS" starttime="20210714 08:03:52.048" endtime="20210714 08:03:54.063"/>
</kw>
<kw name="Submit" library="MachineKeyword">
<kw name="Click Element" library="SeleniumLibrary">
<arg>xpath:/html/body/app-root/app-login/div/div/form/div[4]/input</arg>
<doc>Click the element identified by ``locator``.</doc>
<msg timestamp="20210714 08:03:54.067" level="INFO">Clicking element 'xpath:/html/body/app-root/app-login/div/div/form/div[4]/input'.</msg>
<status status="PASS" starttime="20210714 08:03:54.066" endtime="20210714 08:03:54.205"/>
</kw>
<status status="PASS" starttime="20210714 08:03:54.065" endtime="20210714 08:03:54.205"/>
</kw>
<kw name="Sleep" library="BuiltIn">
<arg>5</arg>
<doc>Pauses the test executed for the given time.</doc>
<msg timestamp="20210714 08:03:59.222" level="INFO">Slept 5 seconds</msg>
<status status="PASS" starttime="20210714 08:03:54.207" endtime="20210714 08:03:59.222"/>
</kw>
<kw name="Tools" library="MachineKeyword">
<kw name="Click Element" library="SeleniumLibrary">
<arg>xpath://*[@id='navbarSupportedContent']/ul/li[1]</arg>
<doc>Click the element identified by ``locator``.</doc>
<msg timestamp="20210714 08:03:59.223" level="INFO">Clicking element 'xpath://*[@id='navbarSupportedContent']/ul/li[1]'.</msg>
<status status="PASS" starttime="20210714 08:03:59.223" endtime="20210714 08:03:59.322"/>
</kw>
<status status="PASS" starttime="20210714 08:03:59.223" endtime="20210714 08:03:59.323"/>
</kw>
<kw name="MachineTranslation" library="MachineKeyword">
<kw name="Click Element" library="SeleniumLibrary">
<arg>xpath://h3[contains(text(),'Machine Translation')]</arg>
<doc>Click the element identified by ``locator``.</doc>
<msg timestamp="20210714 08:03:59.325" level="INFO">Clicking element 'xpath://h3[contains(text(),'Machine Translation')]'.</msg>
<status status="PASS" starttime="20210714 08:03:59.324" endtime="20210714 08:03:59.423"/>
</kw>
<status status="PASS" starttime="20210714 08:03:59.323" endtime="20210714 08:03:59.423"/>
</kw>
<kw name="ClickOnInputLanguage" library="MachineKeyword">
<kw name="Click Element" library="SeleniumLibrary">
<arg>xpath:/html/body/app-root/app-home/app-machine-translation/div/div[2]/div/div[1]/div/div[2]/p-dropdown/div/div[2]</arg>
<doc>Click the element identified by ``locator``.</doc>
<msg timestamp="20210714 08:03:59.424" level="INFO">Clicking element 'xpath:/html/body/app-root/app-home/app-machine-translation/div/div[2]/div/div[1]/div/div[2]/p-dropdown/div/div[2]'.</msg>
<status status="PASS" starttime="20210714 08:03:59.424" endtime="20210714 08:03:59.545"/>
</kw>
<status status="PASS" starttime="20210714 08:03:59.423" endtime="20210714 08:03:59.545"/>
</kw>
<kw name="SelectInputLanguage" library="MachineKeyword">
<kw name="Click Element" library="SeleniumLibrary">
<arg>xpath://span[contains(text(),'English')]</arg>
<doc>Click the element identified by ``locator``.</doc>
<msg timestamp="20210714 08:03:59.546" level="INFO">Clicking element 'xpath://span[contains(text(),'English')]'.</msg>
<status status="PASS" starttime="20210714 08:03:59.546" endtime="20210714 08:03:59.599"/>
</kw>
<status status="PASS" starttime="20210714 08:03:59.546" endtime="20210714 08:03:59.599"/>
</kw>
<kw name="ClickOnOutputLanguage" library="MachineKeyword">
<kw name="Click Element" library="SeleniumLibrary">
<arg>xpath:/html/body/app-root/app-home/app-machine-translation/div/div[2]/div/div[1]/div/div[3]/p-dropdown/div</arg>
<doc>Click the element identified by ``locator``.</doc>
<msg timestamp="20210714 08:03:59.600" level="INFO">Clicking element 'xpath:/html/body/app-root/app-home/app-machine-translation/div/div[2]/div/div[1]/div/div[3]/p-dropdown/div'.</msg>
<status status="PASS" starttime="20210714 08:03:59.600" endtime="20210714 08:03:59.707"/>
</kw>
<status status="PASS" starttime="20210714 08:03:59.600" endtime="20210714 08:03:59.707"/>
</kw>
<kw name="SelectOutputLanguage" library="MachineKeyword">
<kw name="Click Element" library="SeleniumLibrary">
<arg>xpath:/html/body/app-root/app-home/app-machine-translation/div/div[2]/div/div[1]/div/div[3]/p-dropdown/div/div[4]/div[2]/ul/p-dropdownitem[7]/li/span</arg>
<doc>Click the element identified by ``locator``.</doc>
<msg timestamp="20210714 08:03:59.709" level="INFO">Clicking element 'xpath:/html/body/app-root/app-home/app-machine-translation/div/div[2]/div/div[1]/div/div[3]/p-dropdown/div/div[4]/div[2]/ul/p-dropdownitem[7]/li/span'.</msg>
<status status="PASS" starttime="20210714 08:03:59.709" endtime="20210714 08:03:59.780"/>
</kw>
<status status="PASS" starttime="20210714 08:03:59.708" endtime="20210714 08:03:59.780"/>
</kw>
<kw name="ClickOnRadio" library="MachineKeyword">
<kw name="Click Element" library="SeleniumLibrary">
<arg>xpath://body/app-root[1]/app-home[1]/app-machine-translation[1]/div[1]/div[2]/div[1]/div[1]/div[1]/div[1]/div[2]/p-radiobutton[1]/div[1]/div[2]/span[1]</arg>
<doc>Click the element identified by ``locator``.</doc>
<msg timestamp="20210714 08:03:59.781" level="INFO">Clicking element 'xpath://body/app-root[1]/app-home[1]/app-machine-translation[1]/div[1]/div[2]/div[1]/div[1]/div[1]/div[1]/div[2]/p-radiobutton[1]/div[1]/div[2]/span[1]'.</msg>
<status status="PASS" starttime="20210714 08:03:59.781" endtime="20210714 08:03:59.858"/>
</kw>
<status status="PASS" starttime="20210714 08:03:59.781" endtime="20210714 08:03:59.859"/>
</kw>
<kw name="SelectFile" library="MachineKeyword">
<kw name="Wait Until Element Is Enabled" library="SeleniumLibrary">
<arg>xpath:/html/body/app-root/app-home/app-machine-translation/div/div[2]/div/div[2]/div/div/div/div[1]/p-fileupload/div/div[1]/span/input</arg>
<doc>Waits until the element ``locator`` is enabled.</doc>
<status status="PASS" starttime="20210714 08:03:59.859" endtime="20210714 08:03:59.891"/>
</kw>
<kw name="Choose File" library="SeleniumLibrary">
<arg>xpath:/html/body/app-root/app-home/app-machine-translation/div/div[2]/div/div[2]/div/div/div/div[1]/p-fileupload/div/div[1]/span/input</arg>
<arg>C:/Users/asutosh.jena/Documents/AI Playground/upload data/translate/eng.xlsx</arg>
<doc>Inputs the ``file_path`` into the file input field ``locator``.</doc>
<msg timestamp="20210714 08:03:59.891" level="INFO">Sending C:\Users\asutosh.jena\Documents\AI Playground\upload data\translate\eng.xlsx to browser.</msg>
<status status="PASS" starttime="20210714 08:03:59.891" endtime="20210714 08:03:59.937"/>
</kw>
<status status="PASS" starttime="20210714 08:03:59.859" endtime="20210714 08:03:59.937"/>
</kw>
<kw name="ClickOnTranslateText" library="MachineKeyword">
<kw name="Click Element" library="SeleniumLibrary">
<arg>xpath://button[contains(text(),'Translate Document')]</arg>
<doc>Click the element identified by ``locator``.</doc>
<msg timestamp="20210714 08:03:59.938" level="INFO">Clicking element 'xpath://button[contains(text(),'Translate Document')]'.</msg>
<status status="PASS" starttime="20210714 08:03:59.938" endtime="20210714 08:04:00.010"/>
</kw>
<status status="PASS" starttime="20210714 08:03:59.938" endtime="20210714 08:04:00.010"/>
</kw>
<kw name="Sleep" library="BuiltIn">
<arg>4</arg>
<doc>Pauses the test executed for the given time.</doc>
<msg timestamp="20210714 08:04:04.013" level="INFO">Slept 4 seconds</msg>
<status status="PASS" starttime="20210714 08:04:00.010" endtime="20210714 08:04:04.014"/>
</kw>
<kw name="Capture Page Screenshot" library="SeleniumLibrary">
<arg>MachineUpload.png</arg>
<doc>Takes a screenshot of the current page and embeds it into a log file.</doc>
<msg timestamp="20210714 08:04:04.162" level="INFO" html="true">&lt;/td&gt;&lt;/tr&gt;&lt;tr&gt;&lt;td colspan="3"&gt;&lt;a href="MachineUpload.png"&gt;&lt;img src="MachineUpload.png" width="800px"&gt;&lt;/a&gt;</msg>
<status status="PASS" starttime="20210714 08:04:04.016" endtime="20210714 08:04:04.163"/>
</kw>
<kw name="Close My Browser" library="MachineKeyword">
<kw name="Close All Browsers" library="SeleniumLibrary">
<doc>Closes all open browsers and resets the browser cache.</doc>
<status status="PASS" starttime="20210714 08:04:04.165" endtime="20210714 08:04:06.396"/>
</kw>
<status status="PASS" starttime="20210714 08:04:04.164" endtime="20210714 08:04:06.396"/>
</kw>
<status status="PASS" starttime="20210714 08:03:46.421" endtime="20210714 08:04:06.397"/>
</test>
<status status="PASS" starttime="20210714 08:03:25.812" endtime="20210714 08:04:06.397"/>
</suite>
<suite id="s1-s5" name="News" source="C:\Users\asutosh.jena\PycharmProjects\AIRA_Robot_Framework\TestCases\News.robot">
<test id="s1-s5-t1" name="NewsClassificationTest">
<kw name="Open My Browser" library="NewsKeywords">
<arg>${url}</arg>
<arg>${browser}</arg>
<kw name="Open Browser" library="SeleniumLibrary">
<arg>${url}</arg>
<arg>${browser}</arg>
<doc>Opens a new browser instance to the optional ``url``.</doc>
<msg timestamp="20210714 08:04:06.419" level="INFO">Opening browser 'chrome' to base url 'https://aira.evalueserve.com/login'.</msg>
<status status="PASS" starttime="20210714 08:04:06.419" endtime="20210714 08:04:11.688"/>
</kw>
<kw name="Maximize Browser Window" library="SeleniumLibrary">
<doc>Maximizes current browser window.</doc>
<status status="PASS" starttime="20210714 08:04:11.688" endtime="20210714 08:04:11.831"/>
</kw>
<status status="PASS" starttime="20210714 08:04:06.419" endtime="20210714 08:04:11.831"/>
</kw>
<kw name="Enter User Name" library="NewsKeywords">
<arg>${username}</arg>
<kw name="Input Text" library="SeleniumLibrary">
<arg>${txt_loginUserName}</arg>
<arg>${username}</arg>
<doc>Types the given ``text`` into the text field identified by ``locator``.</doc>
<msg timestamp="20210714 08:04:11.832" level="INFO">Typing text 'test@evalueserve.com' into text field 'name:email'.</msg>
<status status="PASS" starttime="20210714 08:04:11.832" endtime="20210714 08:04:11.938"/>
</kw>
<status status="PASS" starttime="20210714 08:04:11.831" endtime="20210714 08:04:11.938"/>
</kw>
<kw name="Enter Password" library="NewsKeywords">
<arg>${password}</arg>
<kw name="Input Text" library="SeleniumLibrary">
<arg>${txt_loginPassword}</arg>
<arg>${password}</arg>
<doc>Types the given ``text`` into the text field identified by ``locator``.</doc>
<msg timestamp="20210714 08:04:11.940" level="INFO">Typing text 'evs1234$' into text field 'name:pass'.</msg>
<status status="PASS" starttime="20210714 08:04:11.940" endtime="20210714 08:04:12.022"/>
</kw>
<status status="PASS" starttime="20210714 08:04:11.939" endtime="20210714 08:04:12.022"/>
</kw>
<kw name="Sleep" library="BuiltIn">
<arg>2</arg>
<doc>Pauses the test executed for the given time.</doc>
<msg timestamp="20210714 08:04:14.032" level="INFO">Slept 2 seconds</msg>
<status status="PASS" starttime="20210714 08:04:12.022" endtime="20210714 08:04:14.032"/>
</kw>
<kw name="Submit" library="NewsKeywords">
<kw name="Click Element" library="SeleniumLibrary">
<arg>xpath:/html/body/app-root/app-login/div/div/form/div[4]/input</arg>
<doc>Click the element identified by ``locator``.</doc>
<msg timestamp="20210714 08:04:14.039" level="INFO">Clicking element 'xpath:/html/body/app-root/app-login/div/div/form/div[4]/input'.</msg>
<status status="PASS" starttime="20210714 08:04:14.038" endtime="20210714 08:04:14.165"/>
</kw>
<status status="PASS" starttime="20210714 08:04:14.036" endtime="20210714 08:04:14.165"/>
</kw>
<kw name="Sleep" library="BuiltIn">
<arg>2</arg>
<doc>Pauses the test executed for the given time.</doc>
<msg timestamp="20210714 08:04:16.169" level="INFO">Slept 2 seconds</msg>
<status status="PASS" starttime="20210714 08:04:14.166" endtime="20210714 08:04:16.170"/>
</kw>
<kw name="Tools" library="NewsKeywords">
<kw name="Click Element" library="SeleniumLibrary">
<arg>xpath://*[@id='navbarSupportedContent']/ul/li[1]</arg>
<doc>Click the element identified by ``locator``.</doc>
<msg timestamp="20210714 08:04:16.178" level="INFO">Clicking element 'xpath://*[@id='navbarSupportedContent']/ul/li[1]'.</msg>
<status status="PASS" starttime="20210714 08:04:16.176" endtime="20210714 08:04:16.346"/>
</kw>
<status status="PASS" starttime="20210714 08:04:16.174" endtime="20210714 08:04:16.346"/>
</kw>
<kw name="News" library="NewsKeywords">
<kw name="Click Element" library="SeleniumLibrary">
<arg>xpath://h3[contains(text(),'News Classification')]</arg>
<doc>Click the element identified by ``locator``.</doc>
<msg timestamp="20210714 08:04:16.348" level="INFO">Clicking element 'xpath://h3[contains(text(),'News Classification')]'.</msg>
<status status="PASS" starttime="20210714 08:04:16.348" endtime="20210714 08:04:16.474"/>
</kw>
<status status="PASS" starttime="20210714 08:04:16.347" endtime="20210714 08:04:16.474"/>
</kw>
<kw name="Language" library="NewsKeywords">
<kw name="Click Element" library="SeleniumLibrary">
<arg>xpath://span[contains(text(),'Select Language')]</arg>
<doc>Click the element identified by ``locator``.</doc>
<msg timestamp="20210714 08:04:16.476" level="INFO">Clicking element 'xpath://span[contains(text(),'Select Language')]'.</msg>
<status status="PASS" starttime="20210714 08:04:16.475" endtime="20210714 08:04:16.561"/>
</kw>
<status status="PASS" starttime="20210714 08:04:16.475" endtime="20210714 08:04:16.561"/>
</kw>
<kw name="Select Language" library="NewsKeywords">
<kw name="Click Element" library="SeleniumLibrary">
<arg>xpath://p-dropdownitem[3]/li/span</arg>
<doc>Click the element identified by ``locator``.</doc>
<msg timestamp="20210714 08:04:16.562" level="INFO">Clicking element 'xpath://p-dropdownitem[3]/li/span'.</msg>
<status status="PASS" starttime="20210714 08:04:16.562" endtime="20210714 08:04:16.626"/>
</kw>
<status status="PASS" starttime="20210714 08:04:16.562" endtime="20210714 08:04:16.626"/>
</kw>
<kw name="Sleep" library="BuiltIn">
<arg>5</arg>
<doc>Pauses the test executed for the given time.</doc>
<msg timestamp="20210714 08:04:21.627" level="INFO">Slept 5 seconds</msg>
<status status="PASS" starttime="20210714 08:04:16.626" endtime="20210714 08:04:21.628"/>
</kw>
<kw name="FileUploadButton" library="NewsKeywords">
<kw name="Wait Until Element Is Enabled" library="SeleniumLibrary">
<arg>xpath:/html/body/app-root/app-home/app-news-classification/div/div[2]/div/div[2]/div/div/div[1]/p-fileupload/div/div[1]/span</arg>
<doc>Waits until the element ``locator`` is enabled.</doc>
<status status="PASS" starttime="20210714 08:04:21.633" endtime="20210714 08:04:21.676"/>
</kw>
<kw name="Click Element" library="SeleniumLibrary">
<arg>xpath:/html/body/app-root/app-home/app-news-classification/div/div[2]/div/div[2]/div/div/div[1]/p-fileupload/div/div[1]/span</arg>
<doc>Click the element identified by ``locator``.</doc>
<msg timestamp="20210714 08:04:21.677" level="INFO">Clicking element 'xpath:/html/body/app-root/app-home/app-news-classification/div/div[2]/div/div[2]/div/div/div[1]/p-fileupload/div/div[1]/span'.</msg>
<status status="PASS" starttime="20210714 08:04:21.676" endtime="20210714 08:04:21.770"/>
</kw>
<status status="PASS" starttime="20210714 08:04:21.631" endtime="20210714 08:04:21.771"/>
</kw>
<kw name="SelectFile" library="NewsKeywords">
<kw name="Wait Until Element Is Enabled" library="SeleniumLibrary">
<arg>xpath:/html/body/app-root/app-home/app-news-classification/div/div[2]/div/div[2]/div/div/div[1]/p-fileupload/div/div[1]/span/input</arg>
<doc>Waits until the element ``locator`` is enabled.</doc>
<status status="PASS" starttime="20210714 08:04:21.772" endtime="20210714 08:04:21.806"/>
</kw>
<kw name="Choose File" library="SeleniumLibrary">
<arg>xpath:/html/body/app-root/app-home/app-news-classification/div/div[2]/div/div[2]/div/div/div[1]/p-fileupload/div/div[1]/span/input</arg>
<arg>C:/Users/asutosh.jena/Documents/AI Playground/upload data/new/test_api_chinese.xlsx</arg>
<doc>Inputs the ``file_path`` into the file input field ``locator``.</doc>
<msg timestamp="20210714 08:04:21.807" level="INFO">Sending C:\Users\asutosh.jena\Documents\AI Playground\upload data\new\test_api_chinese.xlsx to browser.</msg>
<status status="PASS" starttime="20210714 08:04:21.806" endtime="20210714 08:04:21.853"/>
</kw>
<status status="PASS" starttime="20210714 08:04:21.772" endtime="20210714 08:04:21.853"/>
</kw>
<kw name="Start" library="NewsKeywords">
<kw name="Click Element" library="SeleniumLibrary">
<arg>xpath:/html[1]/body[1]/app-root[1]/app-home[1]/app-news-classification[1]/div[1]/div[2]/div[1]/div[2]/div[1]/div[1]/div[3]/button[1]</arg>
<doc>Click the element identified by ``locator``.</doc>
<msg timestamp="20210714 08:04:21.854" level="INFO">Clicking element 'xpath:/html[1]/body[1]/app-root[1]/app-home[1]/app-news-classification[1]/div[1]/div[2]/div[1]/div[2]/div[1]/div[1]/div[3]/button[1]'.</msg>
<status status="PASS" starttime="20210714 08:04:21.854" endtime="20210714 08:04:21.916"/>
</kw>
<status status="PASS" starttime="20210714 08:04:21.853" endtime="20210714 08:04:21.916"/>
</kw>
<kw name="Sleep" library="BuiltIn">
<arg>2</arg>
<doc>Pauses the test executed for the given time.</doc>
<msg timestamp="20210714 08:04:23.919" level="INFO">Slept 2 seconds</msg>
<status status="PASS" starttime="20210714 08:04:21.917" endtime="20210714 08:04:23.920"/>
</kw>
<kw name="Capture Page Screenshot" library="SeleniumLibrary">
<arg>News.png</arg>
<doc>Takes a screenshot of the current page and embeds it into a log file.</doc>
<msg timestamp="20210714 08:04:24.163" level="INFO" html="true">&lt;/td&gt;&lt;/tr&gt;&lt;tr&gt;&lt;td colspan="3"&gt;&lt;a href="News.png"&gt;&lt;img src="News.png" width="800px"&gt;&lt;/a&gt;</msg>
<status status="PASS" starttime="20210714 08:04:23.921" endtime="20210714 08:04:24.163"/>
</kw>
<kw name="Close My Browser" library="NewsKeywords">
<kw name="Close All Browsers" library="SeleniumLibrary">
<doc>Closes all open browsers and resets the browser cache.</doc>
<status status="PASS" starttime="20210714 08:04:24.164" endtime="20210714 08:04:28.182"/>
</kw>
<status status="PASS" starttime="20210714 08:04:24.164" endtime="20210714 08:04:28.182"/>
</kw>
<status status="PASS" starttime="20210714 08:04:06.419" endtime="20210714 08:04:28.184"/>
</test>
<status status="PASS" starttime="20210714 08:04:06.397" endtime="20210714 08:04:28.185"/>
</suite>
<suite id="s1-s6" name="PatentRelevancyCheckTest" source="C:\Users\asutosh.jena\PycharmProjects\AIRA_Robot_Framework\TestCases\PatentRelevancyCheckTest.robot">
<test id="s1-s6-t1" name="ArticleSummerizationTest">
<kw name="Open My Browser" library="PatentKeyword">
<arg>${url}</arg>
<arg>${browser}</arg>
<kw name="Open Browser" library="SeleniumLibrary">
<arg>${url}</arg>
<arg>${browser}</arg>
<doc>Opens a new browser instance to the optional ``url``.</doc>
<msg timestamp="20210714 08:04:28.225" level="INFO">Opening browser 'chrome' to base url 'https://aira.evalueserve.com/login'.</msg>
<status status="PASS" starttime="20210714 08:04:28.225" endtime="20210714 08:04:33.623"/>
</kw>
<kw name="Maximize Browser Window" library="SeleniumLibrary">
<doc>Maximizes current browser window.</doc>
<status status="PASS" starttime="20210714 08:04:33.623" endtime="20210714 08:04:33.748"/>
</kw>
<status status="PASS" starttime="20210714 08:04:28.220" endtime="20210714 08:04:33.748"/>
</kw>
<kw name="Enter User Name" library="PatentKeyword">
<arg>${username}</arg>
<kw name="Input Text" library="SeleniumLibrary">
<arg>${txt_loginUserName}</arg>
<arg>${username}</arg>
<doc>Types the given ``text`` into the text field identified by ``locator``.</doc>
<msg timestamp="20210714 08:04:33.750" level="INFO">Typing text 'test@evalueserve.com' into text field 'name:email'.</msg>
<status status="PASS" starttime="20210714 08:04:33.749" endtime="20210714 08:04:33.845"/>
</kw>
<status status="PASS" starttime="20210714 08:04:33.749" endtime="20210714 08:04:33.845"/>
</kw>
<kw name="Enter Password" library="PatentKeyword">
<arg>${password}</arg>
<kw name="Input Text" library="SeleniumLibrary">
<arg>${txt_loginPassword}</arg>
<arg>${password}</arg>
<doc>Types the given ``text`` into the text field identified by ``locator``.</doc>
<msg timestamp="20210714 08:04:33.847" level="INFO">Typing text 'evs1234$' into text field 'name:pass'.</msg>
<status status="PASS" starttime="20210714 08:04:33.846" endtime="20210714 08:04:33.929"/>
</kw>
<status status="PASS" starttime="20210714 08:04:33.846" endtime="20210714 08:04:33.929"/>
</kw>
<kw name="Sleep" library="BuiltIn">
<arg>2</arg>
<doc>Pauses the test executed for the given time.</doc>
<msg timestamp="20210714 08:04:35.934" level="INFO">Slept 2 seconds</msg>
<status status="PASS" starttime="20210714 08:04:33.930" endtime="20210714 08:04:35.934"/>
</kw>
<kw name="Submit" library="PatentKeyword">
<kw name="Click Element" library="SeleniumLibrary">
<arg>xpath:/html/body/app-root/app-login/div/div/form/div[4]/input</arg>
<doc>Click the element identified by ``locator``.</doc>
<msg timestamp="20210714 08:04:35.936" level="INFO">Clicking element 'xpath:/html/body/app-root/app-login/div/div/form/div[4]/input'.</msg>
<status status="PASS" starttime="20210714 08:04:35.936" endtime="20210714 08:04:36.066"/>
</kw>
<status status="PASS" starttime="20210714 08:04:35.936" endtime="20210714 08:04:36.067"/>
</kw>
<kw name="Sleep" library="BuiltIn">
<arg>4</arg>
<doc>Pauses the test executed for the given time.</doc>
<msg timestamp="20210714 08:04:40.077" level="INFO">Slept 4 seconds</msg>
<status status="PASS" starttime="20210714 08:04:36.068" endtime="20210714 08:04:40.077"/>
</kw>
<kw name="Tools" library="PatentKeyword">
<kw name="Click Element" library="SeleniumLibrary">
<arg>xpath://*[@id='navbarSupportedContent']/ul/li[1]</arg>
<doc>Click the element identified by ``locator``.</doc>
<msg timestamp="20210714 08:04:40.084" level="INFO">Clicking element 'xpath://*[@id='navbarSupportedContent']/ul/li[1]'.</msg>
<status status="PASS" starttime="20210714 08:04:40.083" endtime="20210714 08:04:40.230"/>
</kw>
<status status="PASS" starttime="20210714 08:04:40.077" endtime="20210714 08:04:40.231"/>
</kw>
<kw name="ClickOnMachine" library="PatentKeyword">
<kw name="Click Element" library="SeleniumLibrary">
<arg>xpath://h3[contains(text(),'Patent Relevancy Check')]</arg>
<doc>Click the element identified by ``locator``.</doc>
<msg timestamp="20210714 08:04:40.233" level="INFO">Clicking element 'xpath://h3[contains(text(),'Patent Relevancy Check')]'.</msg>
<status status="PASS" starttime="20210714 08:04:40.232" endtime="20210714 08:04:40.363"/>
</kw>
<status status="PASS" starttime="20210714 08:04:40.232" endtime="20210714 08:04:40.363"/>
</kw>
<kw name="FileUploadButton" library="PatentKeyword">
<kw name="Wait Until Element Is Enabled" library="SeleniumLibrary">
<arg>xpath:/html/body/app-root/app-home/app-patent-classification/div/div[2]/div/div[2]/div/div/div[1]/p-fileupload/div/div[1]/span</arg>
<doc>Waits until the element ``locator`` is enabled.</doc>
<status status="PASS" starttime="20210714 08:04:40.364" endtime="20210714 08:04:40.392"/>
</kw>
<kw name="Click Element" library="SeleniumLibrary">
<arg>xpath:/html/body/app-root/app-home/app-patent-classification/div/div[2]/div/div[2]/div/div/div[1]/p-fileupload/div/div[1]/span</arg>
<doc>Click the element identified by ``locator``.</doc>
<msg timestamp="20210714 08:04:40.393" level="INFO">Clicking element 'xpath:/html/body/app-root/app-home/app-patent-classification/div/div[2]/div/div[2]/div/div/div[1]/p-fileupload/div/div[1]/span'.</msg>
<status status="PASS" starttime="20210714 08:04:40.393" endtime="20210714 08:04:40.441"/>
</kw>
<status status="PASS" starttime="20210714 08:04:40.364" endtime="20210714 08:04:40.441"/>
</kw>
<kw name="SelectFile" library="PatentKeyword">
<kw name="Wait Until Element Is Enabled" library="SeleniumLibrary">
<arg>xpath:/html/body/app-root/app-home/app-patent-classification/div/div[2]/div/div[2]/div/div/div[1]/p-fileupload/div/div[1]/span/input</arg>
<doc>Waits until the element ``locator`` is enabled.</doc>
<status status="PASS" starttime="20210714 08:04:40.443" endtime="20210714 08:04:40.476"/>
</kw>
<kw name="Choose File" library="SeleniumLibrary">
<arg>xpath:/html/body/app-root/app-home/app-patent-classification/div/div[2]/div/div[2]/div/div/div[1]/p-fileupload/div/div[1]/span/input</arg>
<arg>C:/Users/asutosh.jena/Documents/AI Playground/upload data/patent/Patent_RNR_Template.xlsx</arg>
<doc>Inputs the ``file_path`` into the file input field ``locator``.</doc>
<msg timestamp="20210714 08:04:40.477" level="INFO">Sending C:\Users\asutosh.jena\Documents\AI Playground\upload data\patent\Patent_RNR_Template.xlsx to browser.</msg>
<status status="PASS" starttime="20210714 08:04:40.477" endtime="20210714 08:04:40.533"/>
</kw>
<status status="PASS" starttime="20210714 08:04:40.442" endtime="20210714 08:04:40.533"/>
</kw>
<kw name="ClickOnLanguage" library="PatentKeyword">
<kw name="Click Element" library="SeleniumLibrary">
<arg>xpath:/html/body/app-root/app-home/app-patent-classification/div/div[2]/div/div[2]/div/div/div[2]/div/p-dropdown/div</arg>
<doc>Click the element identified by ``locator``.</doc>
<msg timestamp="20210714 08:04:40.535" level="INFO">Clicking element 'xpath:/html/body/app-root/app-home/app-patent-classification/div/div[2]/div/div[2]/div/div/div[2]/div/p-dropdown/div'.</msg>
<status status="PASS" starttime="20210714 08:04:40.535" endtime="20210714 08:04:40.624"/>
</kw>
<status status="PASS" starttime="20210714 08:04:40.534" endtime="20210714 08:04:40.624"/>
</kw>
<kw name="SelectLanguage" library="PatentKeyword">
<kw name="Click Element" library="SeleniumLibrary">
<arg>xpath://span[contains(text(),'English')]</arg>
<doc>Click the element identified by ``locator``.</doc>
<msg timestamp="20210714 08:04:40.625" level="INFO">Clicking element 'xpath://span[contains(text(),'English')]'.</msg>
<status status="PASS" starttime="20210714 08:04:40.625" endtime="20210714 08:04:40.703"/>
</kw>
<status status="PASS" starttime="20210714 08:04:40.625" endtime="20210714 08:04:40.703"/>
</kw>
<kw name="ClickOnStart" library="PatentKeyword">
<kw name="Click Element" library="SeleniumLibrary">
<arg>xpath://button[contains(text(),'Start Selection')]</arg>
<doc>Click the element identified by ``locator``.</doc>
<msg timestamp="20210714 08:04:40.705" level="INFO">Clicking element 'xpath://button[contains(text(),'Start Selection')]'.</msg>
<status status="PASS" starttime="20210714 08:04:40.705" endtime="20210714 08:04:40.769"/>
</kw>
<status status="PASS" starttime="20210714 08:04:40.703" endtime="20210714 08:04:40.769"/>
</kw>
<kw name="Sleep" library="BuiltIn">
<arg>3</arg>
<doc>Pauses the test executed for the given time.</doc>
<msg timestamp="20210714 08:04:43.778" level="INFO">Slept 3 seconds</msg>
<status status="PASS" starttime="20210714 08:04:40.770" endtime="20210714 08:04:43.778"/>
</kw>
<kw name="Capture Page Screenshot" library="SeleniumLibrary">
<arg>Patent.png</arg>
<doc>Takes a screenshot of the current page and embeds it into a log file.</doc>
<msg timestamp="20210714 08:04:44.007" level="INFO" html="true">&lt;/td&gt;&lt;/tr&gt;&lt;tr&gt;&lt;td colspan="3"&gt;&lt;a href="Patent.png"&gt;&lt;img src="Patent.png" width="800px"&gt;&lt;/a&gt;</msg>
<status status="PASS" starttime="20210714 08:04:43.778" endtime="20210714 08:04:44.007"/>
</kw>
<kw name="Close My Browser" library="PatentKeyword">
<kw name="Close All Browsers" library="SeleniumLibrary">
<doc>Closes all open browsers and resets the browser cache.</doc>
<status status="PASS" starttime="20210714 08:04:44.009" endtime="20210714 08:04:47.944"/>
</kw>
<status status="PASS" starttime="20210714 08:04:44.008" endtime="20210714 08:04:47.945"/>
</kw>
<status status="PASS" starttime="20210714 08:04:28.220" endtime="20210714 08:04:47.945"/>
</test>
<status status="PASS" starttime="20210714 08:04:28.185" endtime="20210714 08:04:47.945"/>
</suite>
<status status="FAIL" starttime="20210714 08:02:16.131" endtime="20210714 08:04:47.952"/>
</suite>
<statistics>
<total>
<stat pass="7" fail="1" skip="0">All Tests</stat>
</total>
<tag>
</tag>
<suite>
<stat pass="7" fail="1" skip="0" id="s1" name="TestCases">TestCases</stat>
<stat pass="2" fail="0" skip="0" id="s1-s1" name="ArticleSummarizationTest">TestCases.ArticleSummarizationTest</stat>
<stat pass="0" fail="1" skip="0" id="s1-s2" name="AutoMLTest">TestCases.AutoMLTest</stat>
<stat pass="1" fail="0" skip="0" id="s1-s3" name="LoginPageTest">TestCases.LoginPageTest</stat>
<stat pass="2" fail="0" skip="0" id="s1-s4" name="MachineTranslationTest">TestCases.MachineTranslationTest</stat>
<stat pass="1" fail="0" skip="0" id="s1-s5" name="News">TestCases.News</stat>
<stat pass="1" fail="0" skip="0" id="s1-s6" name="PatentRelevancyCheckTest">TestCases.PatentRelevancyCheckTest</stat>
</suite>
</statistics>
<errors>
</errors>
</robot>
