<?xml version="1.0" encoding="UTF-8"?>
<robot generator="Robot 4.0.3 (Python 3.9.0 on win32)" generated="20210714 10:10:51.652" rpa="false" schemaversion="2">
<suite id="s1" name="Suites">
<suite id="s1-s1" name="LoginPageTest" source="C:\Users\asutosh.jena\PycharmProjects\AIRA_Robot_Framework\TestCases\LoginPageTest.robot">
<test id="s1-s1-t1" name="LoginTest">
<kw name="Open My Browser" library="LoginKeywords">
<arg>${url}</arg>
<arg>${browser}</arg>
<kw name="Open Browser" library="SeleniumLibrary">
<arg>${url}</arg>
<arg>${browser}</arg>
<doc>Opens a new browser instance to the optional ``url``.</doc>
<msg timestamp="20210714 10:10:52.354" level="INFO">Opening browser 'chrome' to base url 'https://aira.evalueserve.com/login'.</msg>
<status status="PASS" starttime="20210714 10:10:52.352" endtime="20210714 10:11:06.842"/>
</kw>
<kw name="Maximize Browser Window" library="SeleniumLibrary">
<doc>Maximizes current browser window.</doc>
<status status="PASS" starttime="20210714 10:11:06.843" endtime="20210714 10:11:07.349"/>
</kw>
<status status="PASS" starttime="20210714 10:10:52.351" endtime="20210714 10:11:07.349"/>
</kw>
<kw name="Enter User Name" library="LoginKeywords">
<arg>${username}</arg>
<kw name="Input Text" library="SeleniumLibrary">
<arg>${txt_loginUserName}</arg>
<arg>${username}</arg>
<doc>Types the given ``text`` into the text field identified by ``locator``.</doc>
<msg timestamp="20210714 10:11:07.354" level="INFO">Typing text 'test@evalueserve.com' into text field 'name:email'.</msg>
<status status="PASS" starttime="20210714 10:11:07.352" endtime="20210714 10:11:08.970"/>
</kw>
<status status="PASS" starttime="20210714 10:11:07.350" endtime="20210714 10:11:08.971"/>
</kw>
<kw name="Enter Password" library="LoginKeywords">
<arg>${password}</arg>
<kw name="Input Text" library="SeleniumLibrary">
<arg>${txt_loginPassword}</arg>
<arg>${password}</arg>
<doc>Types the given ``text`` into the text field identified by ``locator``.</doc>
<msg timestamp="20210714 10:11:08.976" level="INFO">Typing text 'evs1234$' into text field 'name:pass'.</msg>
<status status="PASS" starttime="20210714 10:11:08.974" endtime="20210714 10:11:09.451"/>
</kw>
<status status="PASS" starttime="20210714 10:11:08.972" endtime="20210714 10:11:09.452"/>
</kw>
<kw name="Submitclick" library="LoginKeywords">
<kw name="Click Element" library="SeleniumLibrary">
<arg>xpath:/html/body/app-root/app-login/div/div/form/div[4]/input</arg>
<doc>Click the element identified by ``locator``.</doc>
<msg timestamp="20210714 10:11:09.456" level="INFO">Clicking element 'xpath:/html/body/app-root/app-login/div/div/form/div[4]/input'.</msg>
<status status="PASS" starttime="20210714 10:11:09.454" endtime="20210714 10:11:09.937"/>
</kw>
<status status="PASS" starttime="20210714 10:11:09.452" endtime="20210714 10:11:09.938"/>
</kw>
<kw name="Capture Page Screenshot" library="SeleniumLibrary">
<arg>Login.png</arg>
<doc>Takes a screenshot of the current page and embeds it into a log file.</doc>
<msg timestamp="20210714 10:11:11.893" level="INFO" html="true">&lt;/td&gt;&lt;/tr&gt;&lt;tr&gt;&lt;td colspan="3"&gt;&lt;a href="Login.png"&gt;&lt;img src="Login.png" width="800px"&gt;&lt;/a&gt;</msg>
<status status="PASS" starttime="20210714 10:11:09.939" endtime="20210714 10:11:11.895"/>
</kw>
<kw name="Close My Browser" library="LoginKeywords">
<kw name="Close All Browsers" library="SeleniumLibrary">
<doc>Closes all open browsers and resets the browser cache.</doc>
<status status="PASS" starttime="20210714 10:11:11.898" endtime="20210714 10:11:30.166"/>
</kw>
<status status="PASS" starttime="20210714 10:11:11.896" endtime="20210714 10:11:30.167"/>
</kw>
<status status="PASS" starttime="20210714 10:10:52.349" endtime="20210714 10:11:30.168"/>
</test>
<status status="PASS" starttime="20210714 10:10:51.753" endtime="20210714 10:11:30.190"/>
</suite>
<status status="PASS" starttime="20210714 10:10:51.697" endtime="20210714 10:11:30.195"/>
</suite>
<statistics>
<total>
<stat pass="1" fail="0" skip="0">All Tests</stat>
</total>
<tag>
</tag>
<suite>
<stat pass="1" fail="0" skip="0" id="s1" name="Suites">Suites</stat>
<stat pass="1" fail="0" skip="0" id="s1-s1" name="LoginPageTest">Suites.LoginPageTest</stat>
</suite>
</statistics>
<errors>
</errors>
</robot>
