<?xml version="1.0" encoding="UTF-8"?>
<robot generator="Robot 4.0.3 (Python 3.9.0 on win32)" generated="20210714 10:10:51.669" rpa="false" schemaversion="2">
<suite id="s1" name="Suites">
<suite id="s1-s1" name="News" source="C:\Users\asutosh.jena\PycharmProjects\AIRA_Robot_Framework\TestCases\News.robot">
<test id="s1-s1-t1" name="NewsClassificationTest">
<kw name="Open My Browser" library="NewsKeywords">
<arg>${url}</arg>
<arg>${browser}</arg>
<kw name="Open Browser" library="SeleniumLibrary">
<arg>${url}</arg>
<arg>${browser}</arg>
<doc>Opens a new browser instance to the optional ``url``.</doc>
<msg timestamp="20210714 10:10:52.514" level="INFO">Opening browser 'chrome' to base url 'https://aira.evalueserve.com/login'.</msg>
<status status="PASS" starttime="20210714 10:10:52.513" endtime="20210714 10:11:09.699"/>
</kw>
<kw name="Maximize Browser Window" library="SeleniumLibrary">
<doc>Maximizes current browser window.</doc>
<status status="PASS" starttime="20210714 10:11:09.700" endtime="20210714 10:11:10.016"/>
</kw>
<status status="PASS" starttime="20210714 10:10:52.512" endtime="20210714 10:11:10.017"/>
</kw>
<kw name="Enter User Name" library="NewsKeywords">
<arg>${username}</arg>
<kw name="Input Text" library="SeleniumLibrary">
<arg>${txt_loginUserName}</arg>
<arg>${username}</arg>
<doc>Types the given ``text`` into the text field identified by ``locator``.</doc>
<msg timestamp="20210714 10:11:10.098" level="INFO">Typing text 'test@evalueserve.com' into text field 'name:email'.</msg>
<status status="PASS" starttime="20210714 10:11:10.021" endtime="20210714 10:11:12.171"/>
</kw>
<status status="PASS" starttime="20210714 10:11:10.018" endtime="20210714 10:11:12.172"/>
</kw>
<kw name="Enter Password" library="NewsKeywords">
<arg>${password}</arg>
<kw name="Input Text" library="SeleniumLibrary">
<arg>${txt_loginPassword}</arg>
<arg>${password}</arg>
<doc>Types the given ``text`` into the text field identified by ``locator``.</doc>
<msg timestamp="20210714 10:11:12.175" level="INFO">Typing text 'evs1234$' into text field 'name:pass'.</msg>
<status status="PASS" starttime="20210714 10:11:12.174" endtime="20210714 10:11:12.921"/>
</kw>
<status status="PASS" starttime="20210714 10:11:12.173" endtime="20210714 10:11:12.923"/>
</kw>
<kw name="Sleep" library="BuiltIn">
<arg>2</arg>
<doc>Pauses the test executed for the given time.</doc>
<msg timestamp="20210714 10:11:14.928" level="INFO">Slept 2 seconds</msg>
<status status="PASS" starttime="20210714 10:11:12.923" endtime="20210714 10:11:14.928"/>
</kw>
<kw name="Submit" library="NewsKeywords">
<kw name="Click Element" library="SeleniumLibrary">
<arg>xpath:/html/body/app-root/app-login/div/div/form/div[4]/input</arg>
<doc>Click the element identified by ``locator``.</doc>
<msg timestamp="20210714 10:11:14.934" level="INFO">Clicking element 'xpath:/html/body/app-root/app-login/div/div/form/div[4]/input'.</msg>
<status status="PASS" starttime="20210714 10:11:14.932" endtime="20210714 10:11:16.461"/>
</kw>
<status status="PASS" starttime="20210714 10:11:14.929" endtime="20210714 10:11:16.462"/>
</kw>
<kw name="Sleep" library="BuiltIn">
<arg>2</arg>
<doc>Pauses the test executed for the given time.</doc>
<msg timestamp="20210714 10:11:18.465" level="INFO">Slept 2 seconds</msg>
<status status="PASS" starttime="20210714 10:11:16.463" endtime="20210714 10:11:18.467"/>
</kw>
<kw name="Tools" library="NewsKeywords">
<kw name="Click Element" library="SeleniumLibrary">
<arg>xpath://*[@id='navbarSupportedContent']/ul/li[1]</arg>
<doc>Click the element identified by ``locator``.</doc>
<msg timestamp="20210714 10:11:18.470" level="INFO">Clicking element 'xpath://*[@id='navbarSupportedContent']/ul/li[1]'.</msg>
<status status="PASS" starttime="20210714 10:11:18.469" endtime="20210714 10:11:20.100"/>
</kw>
<status status="PASS" starttime="20210714 10:11:18.468" endtime="20210714 10:11:20.100"/>
</kw>
<kw name="News" library="NewsKeywords">
<kw name="Click Element" library="SeleniumLibrary">
<arg>xpath://h3[contains(text(),'News Classification')]</arg>
<doc>Click the element identified by ``locator``.</doc>
<msg timestamp="20210714 10:11:20.103" level="INFO">Clicking element 'xpath://h3[contains(text(),'News Classification')]'.</msg>
<status status="PASS" starttime="20210714 10:11:20.102" endtime="20210714 10:11:21.581"/>
</kw>
<status status="PASS" starttime="20210714 10:11:20.101" endtime="20210714 10:11:21.582"/>
</kw>
<kw name="Language" library="NewsKeywords">
<kw name="Click Element" library="SeleniumLibrary">
<arg>xpath://span[contains(text(),'Select Language')]</arg>
<doc>Click the element identified by ``locator``.</doc>
<msg timestamp="20210714 10:11:21.585" level="INFO">Clicking element 'xpath://span[contains(text(),'Select Language')]'.</msg>
<status status="PASS" starttime="20210714 10:11:21.584" endtime="20210714 10:11:22.662"/>
</kw>
<status status="PASS" starttime="20210714 10:11:21.583" endtime="20210714 10:11:22.663"/>
</kw>
<kw name="Select Language" library="NewsKeywords">
<kw name="Click Element" library="SeleniumLibrary">
<arg>xpath://p-dropdownitem[3]/li/span</arg>
<doc>Click the element identified by ``locator``.</doc>
<msg timestamp="20210714 10:11:22.665" level="INFO">Clicking element 'xpath://p-dropdownitem[3]/li/span'.</msg>
<status status="PASS" starttime="20210714 10:11:22.664" endtime="20210714 10:11:23.849"/>
</kw>
<status status="PASS" starttime="20210714 10:11:22.663" endtime="20210714 10:11:23.850"/>
</kw>
<kw name="Sleep" library="BuiltIn">
<arg>5</arg>
<doc>Pauses the test executed for the given time.</doc>
<msg timestamp="20210714 10:11:28.852" level="INFO">Slept 5 seconds</msg>
<status status="PASS" starttime="20210714 10:11:23.850" endtime="20210714 10:11:28.852"/>
</kw>
<kw name="FileUploadButton" library="NewsKeywords">
<kw name="Wait Until Element Is Enabled" library="SeleniumLibrary">
<arg>xpath:/html/body/app-root/app-home/app-news-classification/div/div[2]/div/div[2]/div/div/div[1]/p-fileupload/div/div[1]/span</arg>
<doc>Waits until the element ``locator`` is enabled.</doc>
<status status="PASS" starttime="20210714 10:11:28.855" endtime="20210714 10:11:28.905"/>
</kw>
<kw name="Click Element" library="SeleniumLibrary">
<arg>xpath:/html/body/app-root/app-home/app-news-classification/div/div[2]/div/div[2]/div/div/div[1]/p-fileupload/div/div[1]/span</arg>
<doc>Click the element identified by ``locator``.</doc>
<msg timestamp="20210714 10:11:28.907" level="INFO">Clicking element 'xpath:/html/body/app-root/app-home/app-news-classification/div/div[2]/div/div[2]/div/div/div[1]/p-fileupload/div/div[1]/span'.</msg>
<status status="PASS" starttime="20210714 10:11:28.905" endtime="20210714 10:11:29.011"/>
</kw>
<status status="PASS" starttime="20210714 10:11:28.853" endtime="20210714 10:11:29.012"/>
</kw>
<kw name="SelectFile" library="NewsKeywords">
<kw name="Wait Until Element Is Enabled" library="SeleniumLibrary">
<arg>xpath:/html/body/app-root/app-home/app-news-classification/div/div[2]/div/div[2]/div/div/div[1]/p-fileupload/div/div[1]/span/input</arg>
<doc>Waits until the element ``locator`` is enabled.</doc>
<status status="PASS" starttime="20210714 10:11:29.014" endtime="20210714 10:11:29.064"/>
</kw>
<kw name="Choose File" library="SeleniumLibrary">
<arg>xpath:/html/body/app-root/app-home/app-news-classification/div/div[2]/div/div[2]/div/div/div[1]/p-fileupload/div/div[1]/span/input</arg>
<arg>C:/Users/asutosh.jena/Documents/AI Playground/upload data/new/test_api_chinese.xlsx</arg>
<doc>Inputs the ``file_path`` into the file input field ``locator``.</doc>
<msg timestamp="20210714 10:11:29.066" level="INFO">Sending C:\Users\asutosh.jena\Documents\AI Playground\upload data\new\test_api_chinese.xlsx to browser.</msg>
<status status="PASS" starttime="20210714 10:11:29.065" endtime="20210714 10:11:29.200"/>
</kw>
<status status="PASS" starttime="20210714 10:11:29.013" endtime="20210714 10:11:29.200"/>
</kw>
<kw name="Start" library="NewsKeywords">
<kw name="Click Element" library="SeleniumLibrary">
<arg>xpath:/html[1]/body[1]/app-root[1]/app-home[1]/app-news-classification[1]/div[1]/div[2]/div[1]/div[2]/div[1]/div[1]/div[3]/button[1]</arg>
<doc>Click the element identified by ``locator``.</doc>
<msg timestamp="20210714 10:11:29.203" level="INFO">Clicking element 'xpath:/html[1]/body[1]/app-root[1]/app-home[1]/app-news-classification[1]/div[1]/div[2]/div[1]/div[2]/div[1]/div[1]/div[3]/button[1]'.</msg>
<status status="PASS" starttime="20210714 10:11:29.202" endtime="20210714 10:11:29.323"/>
</kw>
<status status="PASS" starttime="20210714 10:11:29.201" endtime="20210714 10:11:29.324"/>
</kw>
<kw name="Sleep" library="BuiltIn">
<arg>2</arg>
<doc>Pauses the test executed for the given time.</doc>
<msg timestamp="20210714 10:11:31.329" level="INFO">Slept 2 seconds</msg>
<status status="PASS" starttime="20210714 10:11:29.325" endtime="20210714 10:11:31.329"/>
</kw>
<kw name="Capture Page Screenshot" library="SeleniumLibrary">
<arg>News.png</arg>
<doc>Takes a screenshot of the current page and embeds it into a log file.</doc>
<msg timestamp="20210714 10:11:31.580" level="INFO" html="true">&lt;/td&gt;&lt;/tr&gt;&lt;tr&gt;&lt;td colspan="3"&gt;&lt;a href="News.png"&gt;&lt;img src="News.png" width="800px"&gt;&lt;/a&gt;</msg>
<status status="PASS" starttime="20210714 10:11:31.330" endtime="20210714 10:11:31.580"/>
</kw>
<kw name="Close My Browser" library="NewsKeywords">
<kw name="Close All Browsers" library="SeleniumLibrary">
<doc>Closes all open browsers and resets the browser cache.</doc>
<status status="PASS" starttime="20210714 10:11:31.581" endtime="20210714 10:11:35.211"/>
</kw>
<status status="PASS" starttime="20210714 10:11:31.580" endtime="20210714 10:11:35.212"/>
</kw>
<status status="PASS" starttime="20210714 10:10:52.510" endtime="20210714 10:11:35.213"/>
</test>
<status status="PASS" starttime="20210714 10:10:51.767" endtime="20210714 10:11:35.218"/>
</suite>
<status status="PASS" starttime="20210714 10:10:51.708" endtime="20210714 10:11:35.224"/>
</suite>
<statistics>
<total>
<stat pass="1" fail="0" skip="0">All Tests</stat>
</total>
<tag>
</tag>
<suite>
<stat pass="1" fail="0" skip="0" id="s1" name="Suites">Suites</stat>
<stat pass="1" fail="0" skip="0" id="s1-s1" name="News">Suites.News</stat>
</suite>
</statistics>
<errors>
</errors>
</robot>
