<?xml version="1.0" encoding="UTF-8"?>
<robot generator="Robot 4.0.3 (Python 3.9.0 on win32)" generated="20210714 16:39:22.170" rpa="false" schemaversion="2">
<suite id="s1" name="Suites">
<suite id="s1-s1" name="PatentRelevancyCheckTest" source="C:\Users\asutosh.jena\PycharmProjects\AIRA_Robot_Framework\TestCases\PatentRelevancyCheckTest.robot">
<test id="s1-s1-t1" name="ArticleSummerizationTest">
<kw name="Open My Browser" library="PatentKeyword">
<arg>${url}</arg>
<arg>${browser}</arg>
<kw name="Open Browser" library="SeleniumLibrary">
<arg>${url}</arg>
<arg>${browser}</arg>
<doc>Opens a new browser instance to the optional ``url``.</doc>
<msg timestamp="20210714 16:39:23.219" level="INFO">Opening browser 'chrome' to base url 'https://aira.evalueserve.com/login'.</msg>
<status status="PASS" starttime="20210714 16:39:23.219" endtime="20210714 16:39:59.865"/>
</kw>
<kw name="Maximize Browser Window" library="SeleniumLibrary">
<doc>Maximizes current browser window.</doc>
<status status="PASS" starttime="20210714 16:40:00.004" endtime="20210714 16:40:01.873"/>
</kw>
<status status="PASS" starttime="20210714 16:39:23.219" endtime="20210714 16:40:01.958"/>
</kw>
<kw name="Enter User Name" library="PatentKeyword">
<arg>${username}</arg>
<kw name="Input Text" library="SeleniumLibrary">
<arg>${txt_loginUserName}</arg>
<arg>${username}</arg>
<doc>Types the given ``text`` into the text field identified by ``locator``.</doc>
<msg timestamp="20210714 16:40:02.274" level="INFO">Typing text 'test@evalueserve.com' into text field 'name:email'.</msg>
<status status="PASS" starttime="20210714 16:40:02.082" endtime="20210714 16:40:03.889"/>
</kw>
<status status="PASS" starttime="20210714 16:40:01.965" endtime="20210714 16:40:03.890"/>
</kw>
<kw name="Enter Password" library="PatentKeyword">
<arg>${password}</arg>
<kw name="Input Text" library="SeleniumLibrary">
<arg>${txt_loginPassword}</arg>
<arg>${password}</arg>
<doc>Types the given ``text`` into the text field identified by ``locator``.</doc>
<msg timestamp="20210714 16:40:03.895" level="INFO">Typing text 'evs1234$' into text field 'name:pass'.</msg>
<status status="PASS" starttime="20210714 16:40:03.893" endtime="20210714 16:40:04.297"/>
</kw>
<status status="PASS" starttime="20210714 16:40:03.891" endtime="20210714 16:40:04.298"/>
</kw>
<kw name="Sleep" library="BuiltIn">
<arg>2</arg>
<doc>Pauses the test executed for the given time.</doc>
<msg timestamp="20210714 16:40:06.347" level="INFO">Slept 2 seconds</msg>
<status status="PASS" starttime="20210714 16:40:04.299" endtime="20210714 16:40:06.347"/>
</kw>
<kw name="Submit" library="PatentKeyword">
<kw name="Click Element" library="SeleniumLibrary">
<arg>xpath:/html/body/app-root/app-login/div/div/form/div[4]/input</arg>
<doc>Click the element identified by ``locator``.</doc>
<msg timestamp="20210714 16:40:06.536" level="INFO">Clicking element 'xpath:/html/body/app-root/app-login/div/div/form/div[4]/input'.</msg>
<status status="PASS" starttime="20210714 16:40:06.479" endtime="20210714 16:40:08.073"/>
</kw>
<status status="PASS" starttime="20210714 16:40:06.349" endtime="20210714 16:40:08.074"/>
</kw>
<kw name="Sleep" library="BuiltIn">
<arg>4</arg>
<doc>Pauses the test executed for the given time.</doc>
<msg timestamp="20210714 16:40:12.076" level="INFO">Slept 4 seconds</msg>
<status status="PASS" starttime="20210714 16:40:08.074" endtime="20210714 16:40:12.079"/>
</kw>
<kw name="Tools" library="PatentKeyword">
<kw name="Click Element" library="SeleniumLibrary">
<arg>xpath://*[@id='navbarSupportedContent']/ul/li[1]</arg>
<doc>Click the element identified by ``locator``.</doc>
<msg timestamp="20210714 16:40:12.084" level="INFO">Clicking element 'xpath://*[@id='navbarSupportedContent']/ul/li[1]'.</msg>
<status status="PASS" starttime="20210714 16:40:12.082" endtime="20210714 16:40:12.419"/>
</kw>
<status status="PASS" starttime="20210714 16:40:12.080" endtime="20210714 16:40:12.420"/>
</kw>
<kw name="ClickOnMachine" library="PatentKeyword">
<kw name="Click Element" library="SeleniumLibrary">
<arg>xpath://h3[contains(text(),'Patent Relevancy Check')]</arg>
<doc>Click the element identified by ``locator``.</doc>
<msg timestamp="20210714 16:40:12.426" level="INFO">Clicking element 'xpath://h3[contains(text(),'Patent Relevancy Check')]'.</msg>
<status status="PASS" starttime="20210714 16:40:12.425" endtime="20210714 16:40:13.211"/>
</kw>
<status status="PASS" starttime="20210714 16:40:12.423" endtime="20210714 16:40:13.212"/>
</kw>
<kw name="FileUploadButton" library="PatentKeyword">
<kw name="Wait Until Element Is Enabled" library="SeleniumLibrary">
<arg>xpath:/html/body/app-root/app-home/app-patent-classification/div/div[2]/div/div[2]/div/div/div[1]/p-fileupload/div/div[1]/span</arg>
<doc>Waits until the element ``locator`` is enabled.</doc>
<status status="PASS" starttime="20210714 16:40:13.259" endtime="20210714 16:40:13.515"/>
</kw>
<kw name="Click Element" library="SeleniumLibrary">
<arg>xpath:/html/body/app-root/app-home/app-patent-classification/div/div[2]/div/div[2]/div/div/div[1]/p-fileupload/div/div[1]/span</arg>
<doc>Click the element identified by ``locator``.</doc>
<msg timestamp="20210714 16:40:13.520" level="INFO">Clicking element 'xpath:/html/body/app-root/app-home/app-patent-classification/div/div[2]/div/div[2]/div/div/div[1]/p-fileupload/div/div[1]/span'.</msg>
<status status="PASS" starttime="20210714 16:40:13.517" endtime="20210714 16:40:13.678"/>
</kw>
<status status="PASS" starttime="20210714 16:40:13.212" endtime="20210714 16:40:13.679"/>
</kw>
<kw name="SelectFile" library="PatentKeyword">
<kw name="Wait Until Element Is Enabled" library="SeleniumLibrary">
<arg>xpath:/html/body/app-root/app-home/app-patent-classification/div/div[2]/div/div[2]/div/div/div[1]/p-fileupload/div/div[1]/span/input</arg>
<doc>Waits until the element ``locator`` is enabled.</doc>
<status status="PASS" starttime="20210714 16:40:13.682" endtime="20210714 16:40:13.805"/>
</kw>
<kw name="Choose File" library="SeleniumLibrary">
<arg>xpath:/html/body/app-root/app-home/app-patent-classification/div/div[2]/div/div[2]/div/div/div[1]/p-fileupload/div/div[1]/span/input</arg>
<arg>C:/Users/asutosh.jena/Documents/AI Playground/upload data/patent/Patent_RNR_Template.xlsx</arg>
<doc>Inputs the ``file_path`` into the file input field ``locator``.</doc>
<msg timestamp="20210714 16:40:13.875" level="INFO">Sending C:\Users\asutosh.jena\Documents\AI Playground\upload data\patent\Patent_RNR_Template.xlsx to browser.</msg>
<status status="PASS" starttime="20210714 16:40:13.814" endtime="20210714 16:40:14.485"/>
</kw>
<status status="PASS" starttime="20210714 16:40:13.680" endtime="20210714 16:40:14.487"/>
</kw>
<kw name="ClickOnLanguage" library="PatentKeyword">
<kw name="Click Element" library="SeleniumLibrary">
<arg>xpath:/html/body/app-root/app-home/app-patent-classification/div/div[2]/div/div[2]/div/div/div[2]/div/p-dropdown/div</arg>
<doc>Click the element identified by ``locator``.</doc>
<msg timestamp="20210714 16:40:14.498" level="INFO">Clicking element 'xpath:/html/body/app-root/app-home/app-patent-classification/div/div[2]/div/div[2]/div/div/div[2]/div/p-dropdown/div'.</msg>
<status status="PASS" starttime="20210714 16:40:14.490" endtime="20210714 16:40:14.779"/>
</kw>
<status status="PASS" starttime="20210714 16:40:14.487" endtime="20210714 16:40:14.780"/>
</kw>
<kw name="SelectLanguage" library="PatentKeyword">
<kw name="Click Element" library="SeleniumLibrary">
<arg>xpath://span[contains(text(),'English')]</arg>
<doc>Click the element identified by ``locator``.</doc>
<msg timestamp="20210714 16:40:14.787" level="INFO">Clicking element 'xpath://span[contains(text(),'English')]'.</msg>
<status status="PASS" starttime="20210714 16:40:14.784" endtime="20210714 16:40:15.063"/>
</kw>
<status status="PASS" starttime="20210714 16:40:14.782" endtime="20210714 16:40:15.064"/>
</kw>
<kw name="ClickOnStart" library="PatentKeyword">
<kw name="Click Element" library="SeleniumLibrary">
<arg>xpath://button[contains(text(),'Start Selection')]</arg>
<doc>Click the element identified by ``locator``.</doc>
<msg timestamp="20210714 16:40:15.073" level="INFO">Clicking element 'xpath://button[contains(text(),'Start Selection')]'.</msg>
<status status="PASS" starttime="20210714 16:40:15.068" endtime="20210714 16:40:15.233"/>
</kw>
<status status="PASS" starttime="20210714 16:40:15.066" endtime="20210714 16:40:15.235"/>
</kw>
<kw name="Sleep" library="BuiltIn">
<arg>3</arg>
<doc>Pauses the test executed for the given time.</doc>
<msg timestamp="20210714 16:40:18.256" level="INFO">Slept 3 seconds</msg>
<status status="PASS" starttime="20210714 16:40:15.236" endtime="20210714 16:40:18.281"/>
</kw>
<kw name="Capture Page Screenshot" library="SeleniumLibrary">
<arg>Patent.png</arg>
<doc>Takes a screenshot of the current page and embeds it into a log file.</doc>
<msg timestamp="20210714 16:41:10.841" level="INFO" html="true">&lt;/td&gt;&lt;/tr&gt;&lt;tr&gt;&lt;td colspan="3"&gt;&lt;a href="Patent.png"&gt;&lt;img src="Patent.png" width="800px"&gt;&lt;/a&gt;</msg>
<status status="PASS" starttime="20210714 16:40:18.282" endtime="20210714 16:41:10.916"/>
</kw>
<kw name="Close My Browser" library="PatentKeyword">
<kw name="Close All Browsers" library="SeleniumLibrary">
<doc>Closes all open browsers and resets the browser cache.</doc>
<status status="PASS" starttime="20210714 16:41:11.123" endtime="20210714 16:41:16.473"/>
</kw>
<status status="PASS" starttime="20210714 16:41:11.045" endtime="20210714 16:41:16.475"/>
</kw>
<status status="PASS" starttime="20210714 16:39:23.219" endtime="20210714 16:41:16.479"/>
</test>
<status status="PASS" starttime="20210714 16:39:22.281" endtime="20210714 16:41:16.778"/>
</suite>
<status status="PASS" starttime="20210714 16:39:22.196" endtime="20210714 16:41:16.787"/>
</suite>
<statistics>
<total>
<stat pass="1" fail="0" skip="0">All Tests</stat>
</total>
<tag>
</tag>
<suite>
<stat pass="1" fail="0" skip="0" id="s1" name="Suites">Suites</stat>
<stat pass="1" fail="0" skip="0" id="s1-s1" name="PatentRelevancyCheckTest">Suites.PatentRelevancyCheckTest</stat>
</suite>
</statistics>
<errors>
</errors>
</robot>
