<?xml version="1.0" encoding="UTF-8"?>
<robot generator="Robot 4.0.3 (Python 3.9.0 on win32)" generated="20210714 16:39:22.403" rpa="false" schemaversion="2">
<suite id="s1" name="Suites">
<suite id="s1-s1" name="ArticleSummarizationTest" source="C:\Users\asutosh.jena\PycharmProjects\AIRA_Robot_Framework\TestCases\ArticleSummarizationTest.robot">
<test id="s1-s1-t1" name="ArticleSummerizationTest">
<kw name="Open My Browser" library="ArticleKeyword">
<arg>${url}</arg>
<arg>${browser}</arg>
<kw name="Open Browser" library="SeleniumLibrary">
<arg>${url}</arg>
<arg>${browser}</arg>
<doc>Opens a new browser instance to the optional ``url``.</doc>
<msg timestamp="20210714 16:39:23.300" level="INFO">Opening browser 'chrome' to base url 'https://aira.evalueserve.com/login'.</msg>
<status status="PASS" starttime="20210714 16:39:23.299" endtime="20210714 16:40:01.504"/>
</kw>
<kw name="Maximize Browser Window" library="SeleniumLibrary">
<doc>Maximizes current browser window.</doc>
<status status="PASS" starttime="20210714 16:40:01.672" endtime="20210714 16:40:02.668"/>
</kw>
<status status="PASS" starttime="20210714 16:39:23.296" endtime="20210714 16:40:02.796"/>
</kw>
<kw name="Enter User Name" library="ArticleKeyword">
<arg>${username}</arg>
<kw name="Input Text" library="SeleniumLibrary">
<arg>${txt_loginUserName}</arg>
<arg>${username}</arg>
<doc>Types the given ``text`` into the text field identified by ``locator``.</doc>
<msg timestamp="20210714 16:40:02.950" level="INFO">Typing text 'test@evalueserve.com' into text field 'name:email'.</msg>
<status status="PASS" starttime="20210714 16:40:02.924" endtime="20210714 16:40:04.240"/>
</kw>
<status status="PASS" starttime="20210714 16:40:02.846" endtime="20210714 16:40:04.241"/>
</kw>
<kw name="Enter Password" library="ArticleKeyword">
<arg>${password}</arg>
<kw name="Input Text" library="SeleniumLibrary">
<arg>${txt_loginPassword}</arg>
<arg>${password}</arg>
<doc>Types the given ``text`` into the text field identified by ``locator``.</doc>
<msg timestamp="20210714 16:40:04.269" level="INFO">Typing text 'evs1234$' into text field 'name:pass'.</msg>
<status status="PASS" starttime="20210714 16:40:04.267" endtime="20210714 16:40:06.794"/>
</kw>
<status status="PASS" starttime="20210714 16:40:04.242" endtime="20210714 16:40:06.796"/>
</kw>
<kw name="Sleep" library="BuiltIn">
<arg>3</arg>
<doc>Pauses the test executed for the given time.</doc>
<msg timestamp="20210714 16:40:09.933" level="INFO">Slept 3 seconds</msg>
<status status="PASS" starttime="20210714 16:40:06.840" endtime="20210714 16:40:09.933"/>
</kw>
<kw name="Submit" library="ArticleKeyword">
<kw name="Click Element" library="SeleniumLibrary">
<arg>xpath:/html/body/app-root/app-login/div/div/form/div[4]/input</arg>
<doc>Click the element identified by ``locator``.</doc>
<msg timestamp="20210714 16:40:10.015" level="INFO">Clicking element 'xpath:/html/body/app-root/app-login/div/div/form/div[4]/input'.</msg>
<status status="PASS" starttime="20210714 16:40:09.985" endtime="20210714 16:40:10.370"/>
</kw>
<status status="PASS" starttime="20210714 16:40:09.954" endtime="20210714 16:40:10.371"/>
</kw>
<kw name="Sleep" library="BuiltIn">
<arg>5</arg>
<doc>Pauses the test executed for the given time.</doc>
<msg timestamp="20210714 16:40:15.384" level="INFO">Slept 5 seconds</msg>
<status status="PASS" starttime="20210714 16:40:10.371" endtime="20210714 16:40:15.391"/>
</kw>
<kw name="Tools" library="ArticleKeyword">
<kw name="Click Element" library="SeleniumLibrary">
<arg>xpath://*[@id='navbarSupportedContent']/ul/li[1]</arg>
<doc>Click the element identified by ``locator``.</doc>
<msg timestamp="20210714 16:40:15.396" level="INFO">Clicking element 'xpath://*[@id='navbarSupportedContent']/ul/li[1]'.</msg>
<status status="PASS" starttime="20210714 16:40:15.395" endtime="20210714 16:40:15.651"/>
</kw>
<status status="PASS" starttime="20210714 16:40:15.392" endtime="20210714 16:40:15.652"/>
</kw>
<kw name="Article Summerization" library="ArticleKeyword">
<kw name="Click Element" library="SeleniumLibrary">
<arg>xpath://h3[contains(text(),'Article Summarization')]</arg>
<doc>Click the element identified by ``locator``.</doc>
<msg timestamp="20210714 16:40:15.660" level="INFO">Clicking element 'xpath://h3[contains(text(),'Article Summarization')]'.</msg>
<status status="PASS" starttime="20210714 16:40:15.657" endtime="20210714 16:40:15.936"/>
</kw>
<status status="PASS" starttime="20210714 16:40:15.654" endtime="20210714 16:40:15.940"/>
</kw>
<kw name="Language" library="ArticleKeyword">
<kw name="Click Element" library="SeleniumLibrary">
<arg>xpath:/html/body/app-root/app-home/app-article-summarization/div/div[2]/div/div[1]/div/div[2]/p-dropdown/div/div[2]/span</arg>
<doc>Click the element identified by ``locator``.</doc>
<msg timestamp="20210714 16:40:15.945" level="INFO">Clicking element 'xpath:/html/body/app-root/app-home/app-article-summarization/div/div[2]/div/div[1]/div/div[2]/p-dropdown/div/div[2]/span'.</msg>
<status status="PASS" starttime="20210714 16:40:15.943" endtime="20210714 16:40:16.121"/>
</kw>
<status status="PASS" starttime="20210714 16:40:15.941" endtime="20210714 16:40:16.122"/>
</kw>
<kw name="Select Language" library="ArticleKeyword">
<kw name="Click Element" library="SeleniumLibrary">
<arg>xpath://span[contains(text(),'English')]</arg>
<doc>Click the element identified by ``locator``.</doc>
<msg timestamp="20210714 16:40:16.129" level="INFO">Clicking element 'xpath://span[contains(text(),'English')]'.</msg>
<status status="PASS" starttime="20210714 16:40:16.128" endtime="20210714 16:40:16.241"/>
</kw>
<status status="PASS" starttime="20210714 16:40:16.125" endtime="20210714 16:40:16.244"/>
</kw>
<kw name="Sleep" library="BuiltIn">
<arg>3</arg>
<doc>Pauses the test executed for the given time.</doc>
<msg timestamp="20210714 16:40:19.254" level="INFO">Slept 3 seconds</msg>
<status status="PASS" starttime="20210714 16:40:16.245" endtime="20210714 16:40:19.257"/>
</kw>
<kw name="EnterLink" library="ArticleKeyword">
<kw name="Input Text" library="SeleniumLibrary">
<arg>xpath:/html/body/app-root/app-home/app-article-summarization/div/div[2]/div/div[2]/div[2]/div[1]/div/div[1]/input</arg>
<arg>${link}</arg>
<doc>Types the given ``text`` into the text field identified by ``locator``.</doc>
<msg timestamp="20210714 16:40:19.272" level="INFO">Typing text 'https://www.ndtv.com/education/online-classes-keep-students-in-maharashtras-slums-far-from-studies' into text field 'xpath:/html/body/app-root/app-home/app-article-summarization/div/div[2]/div/div[2]/div[2]/div[1]/div/div[1]/input'.</msg>
<status status="PASS" starttime="20210714 16:40:19.260" endtime="20210714 16:40:20.052"/>
</kw>
<status status="PASS" starttime="20210714 16:40:19.258" endtime="20210714 16:40:20.053"/>
</kw>
<kw name="Sleep" library="BuiltIn">
<arg>2</arg>
<doc>Pauses the test executed for the given time.</doc>
<msg timestamp="20210714 16:40:22.055" level="INFO">Slept 2 seconds</msg>
<status status="PASS" starttime="20210714 16:40:20.053" endtime="20210714 16:40:22.055"/>
</kw>
<kw name="GenerateSummary" library="ArticleKeyword">
<kw name="Click Element" library="SeleniumLibrary">
<arg>xpath://a[contains(text(),'Generate Summary')]</arg>
<doc>Click the element identified by ``locator``.</doc>
<msg timestamp="20210714 16:40:22.061" level="INFO">Clicking element 'xpath://a[contains(text(),'Generate Summary')]'.</msg>
<status status="PASS" starttime="20210714 16:40:22.060" endtime="20210714 16:40:29.913"/>
</kw>
<status status="PASS" starttime="20210714 16:40:22.057" endtime="20210714 16:40:29.929"/>
</kw>
<kw name="Capture Page Screenshot" library="SeleniumLibrary">
<arg>Article.png</arg>
<doc>Takes a screenshot of the current page and embeds it into a log file.</doc>
<msg timestamp="20210714 16:41:09.626" level="INFO" html="true">&lt;/td&gt;&lt;/tr&gt;&lt;tr&gt;&lt;td colspan="3"&gt;&lt;a href="Article.png"&gt;&lt;img src="Article.png" width="800px"&gt;&lt;/a&gt;</msg>
<status status="PASS" starttime="20210714 16:40:29.990" endtime="20210714 16:41:09.825"/>
</kw>
<kw name="Close My Browser" library="ArticleKeyword">
<kw name="Close All Browsers" library="SeleniumLibrary">
<doc>Closes all open browsers and resets the browser cache.</doc>
<status status="PASS" starttime="20210714 16:41:10.071" endtime="20210714 16:41:15.222"/>
</kw>
<status status="PASS" starttime="20210714 16:41:09.957" endtime="20210714 16:41:15.225"/>
</kw>
<status status="PASS" starttime="20210714 16:39:23.294" endtime="20210714 16:41:15.233"/>
</test>
<test id="s1-s1-t2" name="ArticleSummerizationBulkURLTest">
<kw name="Open My Browser" library="ArticleKeyword">
<arg>${url}</arg>
<arg>${browser}</arg>
<kw name="Open Browser" library="SeleniumLibrary">
<arg>${url}</arg>
<arg>${browser}</arg>
<doc>Opens a new browser instance to the optional ``url``.</doc>
<msg timestamp="20210714 16:41:15.284" level="INFO">Opening browser 'chrome' to base url 'https://aira.evalueserve.com/login'.</msg>
<status status="PASS" starttime="20210714 16:41:15.268" endtime="20210714 16:41:26.615"/>
</kw>
<kw name="Maximize Browser Window" library="SeleniumLibrary">
<doc>Maximizes current browser window.</doc>
<status status="PASS" starttime="20210714 16:41:26.622" endtime="20210714 16:41:26.780"/>
</kw>
<status status="PASS" starttime="20210714 16:41:15.260" endtime="20210714 16:41:26.780"/>
</kw>
<kw name="Enter User Name" library="ArticleKeyword">
<arg>${username}</arg>
<kw name="Input Text" library="SeleniumLibrary">
<arg>${txt_loginUserName}</arg>
<arg>${username}</arg>
<doc>Types the given ``text`` into the text field identified by ``locator``.</doc>
<msg timestamp="20210714 16:41:26.789" level="INFO">Typing text 'test@evalueserve.com' into text field 'name:email'.</msg>
<status status="PASS" starttime="20210714 16:41:26.783" endtime="20210714 16:41:27.002"/>
</kw>
<status status="PASS" starttime="20210714 16:41:26.781" endtime="20210714 16:41:27.002"/>
</kw>
<kw name="Enter Password" library="ArticleKeyword">
<arg>${password}</arg>
<kw name="Input Text" library="SeleniumLibrary">
<arg>${txt_loginPassword}</arg>
<arg>${password}</arg>
<doc>Types the given ``text`` into the text field identified by ``locator``.</doc>
<msg timestamp="20210714 16:41:27.007" level="INFO">Typing text 'evs1234$' into text field 'name:pass'.</msg>
<status status="PASS" starttime="20210714 16:41:27.002" endtime="20210714 16:41:27.195"/>
</kw>
<status status="PASS" starttime="20210714 16:41:27.002" endtime="20210714 16:41:27.197"/>
</kw>
<kw name="Sleep" library="BuiltIn">
<arg>3</arg>
<doc>Pauses the test executed for the given time.</doc>
<msg timestamp="20210714 16:41:30.207" level="INFO">Slept 3 seconds</msg>
<status status="PASS" starttime="20210714 16:41:27.199" endtime="20210714 16:41:30.208"/>
</kw>
<kw name="Submit" library="ArticleKeyword">
<kw name="Click Element" library="SeleniumLibrary">
<arg>xpath:/html/body/app-root/app-login/div/div/form/div[4]/input</arg>
<doc>Click the element identified by ``locator``.</doc>
<msg timestamp="20210714 16:41:30.211" level="INFO">Clicking element 'xpath:/html/body/app-root/app-login/div/div/form/div[4]/input'.</msg>
<status status="PASS" starttime="20210714 16:41:30.210" endtime="20210714 16:41:30.282"/>
</kw>
<status status="PASS" starttime="20210714 16:41:30.209" endtime="20210714 16:41:30.283"/>
</kw>
<kw name="Sleep" library="BuiltIn">
<arg>5</arg>
<doc>Pauses the test executed for the given time.</doc>
<msg timestamp="20210714 16:41:35.286" level="INFO">Slept 5 seconds</msg>
<status status="PASS" starttime="20210714 16:41:30.283" endtime="20210714 16:41:35.286"/>
</kw>
<kw name="Tools" library="ArticleKeyword">
<kw name="Click Element" library="SeleniumLibrary">
<arg>xpath://*[@id='navbarSupportedContent']/ul/li[1]</arg>
<doc>Click the element identified by ``locator``.</doc>
<msg timestamp="20210714 16:41:35.312" level="INFO">Clicking element 'xpath://*[@id='navbarSupportedContent']/ul/li[1]'.</msg>
<status status="PASS" starttime="20210714 16:41:35.303" endtime="20210714 16:41:35.415"/>
</kw>
<status status="PASS" starttime="20210714 16:41:35.301" endtime="20210714 16:41:35.416"/>
</kw>
<kw name="Article Summerization" library="ArticleKeyword">
<kw name="Click Element" library="SeleniumLibrary">
<arg>xpath://h3[contains(text(),'Article Summarization')]</arg>
<doc>Click the element identified by ``locator``.</doc>
<msg timestamp="20210714 16:41:35.419" level="INFO">Clicking element 'xpath://h3[contains(text(),'Article Summarization')]'.</msg>
<status status="PASS" starttime="20210714 16:41:35.418" endtime="20210714 16:41:35.591"/>
</kw>
<status status="PASS" starttime="20210714 16:41:35.416" endtime="20210714 16:41:35.593"/>
</kw>
<kw name="ClickOnRadio" library="ArticleKeyword">
<kw name="Click Element" library="SeleniumLibrary">
<arg>xpath://body/app-root[1]/app-home[1]/app-article-summarization[1]/div[1]/div[2]/div[1]/div[1]/div[1]/div[1]/div[2]/p-radiobutton[1]/div[1]/div[2]/span[1]</arg>
<doc>Click the element identified by ``locator``.</doc>
<msg timestamp="20210714 16:41:35.599" level="INFO">Clicking element 'xpath://body/app-root[1]/app-home[1]/app-article-summarization[1]/div[1]/div[2]/div[1]/div[1]/div[1]/div[1]/div[2]/p-radiobutton[1]/div[1]/div[2]/span[1]'.</msg>
<status status="PASS" starttime="20210714 16:41:35.597" endtime="20210714 16:41:35.737"/>
</kw>
<status status="PASS" starttime="20210714 16:41:35.595" endtime="20210714 16:41:35.739"/>
</kw>
<kw name="Language" library="ArticleKeyword">
<kw name="Click Element" library="SeleniumLibrary">
<arg>xpath:/html/body/app-root/app-home/app-article-summarization/div/div[2]/div/div[1]/div/div[2]/p-dropdown/div/div[2]/span</arg>
<doc>Click the element identified by ``locator``.</doc>
<msg timestamp="20210714 16:41:35.744" level="INFO">Clicking element 'xpath:/html/body/app-root/app-home/app-article-summarization/div/div[2]/div/div[1]/div/div[2]/p-dropdown/div/div[2]/span'.</msg>
<status status="PASS" starttime="20210714 16:41:35.743" endtime="20210714 16:41:35.861"/>
</kw>
<status status="PASS" starttime="20210714 16:41:35.740" endtime="20210714 16:41:35.862"/>
</kw>
<kw name="Select Language" library="ArticleKeyword">
<kw name="Click Element" library="SeleniumLibrary">
<arg>xpath://span[contains(text(),'English')]</arg>
<doc>Click the element identified by ``locator``.</doc>
<msg timestamp="20210714 16:41:35.864" level="INFO">Clicking element 'xpath://span[contains(text(),'English')]'.</msg>
<status status="PASS" starttime="20210714 16:41:35.864" endtime="20210714 16:41:35.938"/>
</kw>
<status status="PASS" starttime="20210714 16:41:35.862" endtime="20210714 16:41:35.940"/>
</kw>
<kw name="FileUploadButton" library="ArticleKeyword">
<kw name="Wait Until Element Is Enabled" library="SeleniumLibrary">
<arg>xpath:/html/body/app-root/app-home/app-article-summarization/div/div[2]/div/div[2]/div/div/div/div[1]/p-fileupload/div/div[1]/span</arg>
<doc>Waits until the element ``locator`` is enabled.</doc>
<status status="PASS" starttime="20210714 16:41:35.943" endtime="20210714 16:41:35.995"/>
</kw>
<kw name="Click Element" library="SeleniumLibrary">
<arg>xpath:/html/body/app-root/app-home/app-article-summarization/div/div[2]/div/div[2]/div/div/div/div[1]/p-fileupload/div/div[1]/span</arg>
<doc>Click the element identified by ``locator``.</doc>
<msg timestamp="20210714 16:41:35.998" level="INFO">Clicking element 'xpath:/html/body/app-root/app-home/app-article-summarization/div/div[2]/div/div[2]/div/div/div/div[1]/p-fileupload/div/div[1]/span'.</msg>
<status status="PASS" starttime="20210714 16:41:35.997" endtime="20210714 16:41:36.080"/>
</kw>
<status status="PASS" starttime="20210714 16:41:35.942" endtime="20210714 16:41:36.081"/>
</kw>
<kw name="SelectFile" library="ArticleKeyword">
<kw name="Wait Until Element Is Enabled" library="SeleniumLibrary">
<arg>xpath:/html/body/app-root/app-home/app-article-summarization/div/div[2]/div/div[2]/div/div/div/div[1]/p-fileupload/div/div[1]/span/input</arg>
<doc>Waits until the element ``locator`` is enabled.</doc>
<status status="PASS" starttime="20210714 16:41:36.084" endtime="20210714 16:41:36.135"/>
</kw>
<kw name="Choose File" library="SeleniumLibrary">
<arg>xpath:/html/body/app-root/app-home/app-article-summarization/div/div[2]/div/div[2]/div/div/div/div[1]/p-fileupload/div/div[1]/span/input</arg>
<arg>C:/Users/asutosh.jena/Documents/AI Playground/upload data/summery/bulkurl.xlsx</arg>
<doc>Inputs the ``file_path`` into the file input field ``locator``.</doc>
<msg timestamp="20210714 16:41:36.150" level="INFO">Sending C:\Users\asutosh.jena\Documents\AI Playground\upload data\summery\bulkurl.xlsx to browser.</msg>
<status status="PASS" starttime="20210714 16:41:36.144" endtime="20210714 16:41:36.229"/>
</kw>
<status status="PASS" starttime="20210714 16:41:36.082" endtime="20210714 16:41:36.230"/>
</kw>
<kw name="Sleep" library="BuiltIn">
<arg>2</arg>
<doc>Pauses the test executed for the given time.</doc>
<msg timestamp="20210714 16:41:38.233" level="INFO">Slept 2 seconds</msg>
<status status="PASS" starttime="20210714 16:41:36.230" endtime="20210714 16:41:38.233"/>
</kw>
<kw name="GenerateSummary1" library="ArticleKeyword">
<kw name="Click Element" library="SeleniumLibrary">
<arg>xpath:/html/body/app-root/app-home/app-article-summarization/div/div[2]/div/div[2]/div/div/div/div[2]/button</arg>
<doc>Click the element identified by ``locator``.</doc>
<msg timestamp="20210714 16:41:38.237" level="INFO">Clicking element 'xpath:/html/body/app-root/app-home/app-article-summarization/div/div[2]/div/div[2]/div/div/div/div[2]/button'.</msg>
<status status="PASS" starttime="20210714 16:41:38.236" endtime="20210714 16:41:38.346"/>
</kw>
<status status="PASS" starttime="20210714 16:41:38.234" endtime="20210714 16:41:38.347"/>
</kw>
<kw name="Capture Page Screenshot" library="SeleniumLibrary">
<arg>ArticleBulk.png</arg>
<doc>Takes a screenshot of the current page and embeds it into a log file.</doc>
<msg timestamp="20210714 16:41:38.585" level="INFO" html="true">&lt;/td&gt;&lt;/tr&gt;&lt;tr&gt;&lt;td colspan="3"&gt;&lt;a href="ArticleBulk.png"&gt;&lt;img src="ArticleBulk.png" width="800px"&gt;&lt;/a&gt;</msg>
<status status="PASS" starttime="20210714 16:41:38.347" endtime="20210714 16:41:38.586"/>
</kw>
<kw name="Close My Browser" library="ArticleKeyword">
<kw name="Close All Browsers" library="SeleniumLibrary">
<doc>Closes all open browsers and resets the browser cache.</doc>
<status status="PASS" starttime="20210714 16:41:38.587" endtime="20210714 16:41:42.511"/>
</kw>
<status status="PASS" starttime="20210714 16:41:38.586" endtime="20210714 16:41:42.512"/>
</kw>
<status status="PASS" starttime="20210714 16:41:15.250" endtime="20210714 16:41:42.512"/>
</test>
<status status="PASS" starttime="20210714 16:39:22.505" endtime="20210714 16:41:42.521"/>
</suite>
<status status="PASS" starttime="20210714 16:39:22.438" endtime="20210714 16:41:42.531"/>
</suite>
<statistics>
<total>
<stat pass="2" fail="0" skip="0">All Tests</stat>
</total>
<tag>
</tag>
<suite>
<stat pass="2" fail="0" skip="0" id="s1" name="Suites">Suites</stat>
<stat pass="2" fail="0" skip="0" id="s1-s1" name="ArticleSummarizationTest">Suites.ArticleSummarizationTest</stat>
</suite>
</statistics>
<errors>
</errors>
</robot>
